<?xml version="1.0" encoding="utf-8"?>
<CoverageSession xmlns:xsd="http://www.w3.org/2001/XMLSchema" xmlns:xsi="http://www.w3.org/2001/XMLSchema-instance" Version="0.0.0.0">
  <Summary numSequencePoints="2180" visitedSequencePoints="0" numBranchPoints="0" visitedBranchPoints="0" sequenceCoverage="0.0" branchCoverage="0.0" maxCyclomaticComplexity="0" minCyclomaticComplexity="0" maxCrapScore="0" minCrapScore="0" visitedClasses="0" numClasses="93" visitedMethods="0" numMethods="331" />
  <Modules>
    <Module>
      <Summary numSequencePoints="2180" visitedSequencePoints="0" numBranchPoints="0" visitedBranchPoints="0" sequenceCoverage="0.0" branchCoverage="0.0" maxCyclomaticComplexity="0" minCyclomaticComplexity="0" maxCrapScore="0" minCrapScore="0" visitedClasses="0" numClasses="93" visitedMethods="0" numMethods="331" />
      <ModuleTime>0001-01-01T00:00:00</ModuleTime>
      <ModuleName>Scripts</ModuleName>
      <Files>
        <File uid="1" fullPath="/Users/emilisceida/Documents/GitHub/BTG-24/Game/Assets/Scripts/BigWall.cs" />
        <File uid="2" fullPath="/Users/emilisceida/Documents/GitHub/BTG-24/Game/Assets/Scripts/BlockColor.cs" />
        <File uid="3" fullPath="/Users/emilisceida/Documents/GitHub/BTG-24/Game/Assets/Scripts/Boundary.cs" />
        <File uid="4" fullPath="/Users/emilisceida/Documents/GitHub/BTG-24/Game/Assets/Scripts/BulletScript.cs" />
        <File uid="5" fullPath="/Users/emilisceida/Documents/GitHub/BTG-24/Game/Assets/Scripts/BulletTrail.cs" />
        <File uid="6" fullPath="/Users/emilisceida/Documents/GitHub/BTG-24/Game/Assets/Scripts/ClockManager.cs" />
        <File uid="7" fullPath="/Users/emilisceida/Documents/GitHub/BTG-24/Game/Assets/Scripts/Description.cs" />
        <File uid="8" fullPath="/Users/emilisceida/Documents/GitHub/BTG-24/Game/Assets/Scripts/Door.cs" />
        <File uid="9" fullPath="/Users/emilisceida/Documents/GitHub/BTG-24/Game/Assets/Scripts/DynamicWall.cs" />
        <File uid="10" fullPath="/Users/emilisceida/Documents/GitHub/BTG-24/Game/Assets/Scripts/EnemyAI/EnemyBehaviour.cs" />
        <File uid="11" fullPath="/Users/emilisceida/Documents/GitHub/BTG-24/Game/Assets/Scripts/EnemyAI/Eyes.cs" />
        <File uid="12" fullPath="/Users/emilisceida/Documents/GitHub/BTG-24/Game/Assets/Scripts/EnemyAI/Sighting.cs" />
        <File uid="13" fullPath="/Users/emilisceida/Documents/GitHub/BTG-24/Game/Assets/Scripts/EnemyHealth.cs" />
        <File uid="14" fullPath="/Users/emilisceida/Documents/GitHub/BTG-24/Game/Assets/Scripts/Explode.cs" />
        <File uid="15" fullPath="/Users/emilisceida/Documents/GitHub/BTG-24/Game/Assets/Scripts/Glass.cs" />
        <File uid="16" fullPath="/Users/emilisceida/Documents/GitHub/BTG-24/Game/Assets/Scripts/GrenadeTraveling.cs" />
        <File uid="17" fullPath="/Users/emilisceida/Documents/GitHub/BTG-24/Game/Assets/Scripts/HitResponse.cs" />
        <File uid="18" fullPath="/Users/emilisceida/Documents/GitHub/BTG-24/Game/Assets/Scripts/Indicator.cs" />
        <File uid="19" fullPath="/Users/emilisceida/Documents/GitHub/BTG-24/Game/Assets/Scripts/ItemDrop.cs" />
        <File uid="20" fullPath="/Users/emilisceida/Documents/GitHub/BTG-24/Game/Assets/Scripts/KeyCollect.cs" />
        <File uid="21" fullPath="/Users/emilisceida/Documents/GitHub/BTG-24/Game/Assets/Scripts/LevelExit.cs" />
        <File uid="22" fullPath="/Users/emilisceida/Documents/GitHub/BTG-24/Game/Assets/Scripts/Missile.cs" />
        <File uid="23" fullPath="/Users/emilisceida/Documents/GitHub/BTG-24/Game/Assets/Scripts/OrbPickup.cs" />
        <File uid="24" fullPath="/Users/emilisceida/Documents/GitHub/BTG-24/Game/Assets/Scripts/Pickup.cs" />
        <File uid="25" fullPath="/Users/emilisceida/Documents/GitHub/BTG-24/Game/Assets/Scripts/PlayerScripts/AmmoPouch.cs" />
        <File uid="26" fullPath="/Users/emilisceida/Documents/GitHub/BTG-24/Game/Assets/Scripts/PlayerScripts/Attack.cs" />
        <File uid="27" fullPath="/Users/emilisceida/Documents/GitHub/BTG-24/Game/Assets/Scripts/PlayerScripts/Blaster.cs" />
        <File uid="28" fullPath="/Users/emilisceida/Documents/GitHub/BTG-24/Game/Assets/Scripts/PlayerScripts/Camera_Follow.cs" />
        <File uid="29" fullPath="/Users/emilisceida/Documents/GitHub/BTG-24/Game/Assets/Scripts/PlayerScripts/Grenade.cs" />
        <File uid="30" fullPath="/Users/emilisceida/Documents/GitHub/BTG-24/Game/Assets/Scripts/PlayerScripts/Item.cs" />
        <File uid="31" fullPath="/Users/emilisceida/Documents/GitHub/BTG-24/Game/Assets/Scripts/PlayerScripts/ItemSelection.cs" />
        <File uid="32" fullPath="/Users/emilisceida/Documents/GitHub/BTG-24/Game/Assets/Scripts/PlayerScripts/ItemSwither.cs" />
        <File uid="33" fullPath="/Users/emilisceida/Documents/GitHub/BTG-24/Game/Assets/Scripts/PlayerScripts/Launcher.cs" />
        <File uid="34" fullPath="/Users/emilisceida/Documents/GitHub/BTG-24/Game/Assets/Scripts/PlayerScripts/Look.cs" />
        <File uid="35" fullPath="/Users/emilisceida/Documents/GitHub/BTG-24/Game/Assets/Scripts/PlayerScripts/Melee.cs" />
        <File uid="36" fullPath="/Users/emilisceida/Documents/GitHub/BTG-24/Game/Assets/Scripts/PlayerScripts/Minigun.cs" />
        <File uid="37" fullPath="/Users/emilisceida/Documents/GitHub/BTG-24/Game/Assets/Scripts/PlayerScripts/Move.cs" />
        <File uid="38" fullPath="/Users/emilisceida/Documents/GitHub/BTG-24/Game/Assets/Scripts/PlayerScripts/PlayerCanvas.cs" />
        <File uid="39" fullPath="/Users/emilisceida/Documents/GitHub/BTG-24/Game/Assets/Scripts/PlayerScripts/PlayerController.cs" />
        <File uid="40" fullPath="/Users/emilisceida/Documents/GitHub/BTG-24/Game/Assets/Scripts/PlayerScripts/PlayerInventory.cs" />
        <File uid="41" fullPath="/Users/emilisceida/Documents/GitHub/BTG-24/Game/Assets/Scripts/PlayerScripts/PlayerUI.cs" />
        <File uid="42" fullPath="/Users/emilisceida/Documents/GitHub/BTG-24/Game/Assets/Scripts/PlayerScripts/ProgressBar.cs" />
        <File uid="43" fullPath="/Users/emilisceida/Documents/GitHub/BTG-24/Game/Assets/Scripts/PlayerScripts/Shoot.cs" />
        <File uid="44" fullPath="/Users/emilisceida/Documents/GitHub/BTG-24/Game/Assets/Scripts/PlayerScripts/Sniper.cs" />
        <File uid="45" fullPath="/Users/emilisceida/Documents/GitHub/BTG-24/Game/Assets/Scripts/PlayerScripts/Spawn.cs" />
        <File uid="46" fullPath="/Users/emilisceida/Documents/GitHub/BTG-24/Game/Assets/Scripts/PlayerScripts/Throw.cs" />
        <File uid="47" fullPath="/Users/emilisceida/Documents/GitHub/BTG-24/Game/Assets/Scripts/PlayerScripts/UISlot.cs" />
        <File uid="48" fullPath="/Users/emilisceida/Documents/GitHub/BTG-24/Game/Assets/Scripts/PlayerScripts/Weapon.cs" />
        <File uid="49" fullPath="/Users/emilisceida/Documents/GitHub/BTG-24/Game/Assets/Scripts/PlayerShield.cs" />
        <File uid="50" fullPath="/Users/emilisceida/Documents/GitHub/BTG-24/Game/Assets/Scripts/PowerUpScripts/AmmoRefill.cs" />
        <File uid="51" fullPath="/Users/emilisceida/Documents/GitHub/BTG-24/Game/Assets/Scripts/PowerUpScripts/ExtraHP.cs" />
        <File uid="52" fullPath="/Users/emilisceida/Documents/GitHub/BTG-24/Game/Assets/Scripts/PowerUpScripts/PowerShot.cs" />
        <File uid="53" fullPath="/Users/emilisceida/Documents/GitHub/BTG-24/Game/Assets/Scripts/PowerUpScripts/SpeedUp.cs" />
        <File uid="54" fullPath="/Users/emilisceida/Documents/GitHub/BTG-24/Game/Assets/Scripts/ScoreManager.cs" />
        <File uid="55" fullPath="/Users/emilisceida/Documents/GitHub/BTG-24/Game/Assets/Scripts/SelectedItems.cs" />
        <File uid="56" fullPath="/Users/emilisceida/Documents/GitHub/BTG-24/Game/Assets/Scripts/SlashScript.cs" />
        <File uid="57" fullPath="/Users/emilisceida/Documents/GitHub/BTG-24/Game/Assets/Scripts/SoundTracker.cs" />
        <File uid="58" fullPath="/Users/emilisceida/Documents/GitHub/BTG-24/Game/Assets/Scripts/TriggerCondition.cs" />
        <File uid="59" fullPath="/Users/emilisceida/Documents/GitHub/BTG-24/Game/Assets/Scripts/TriggerScript.cs" />
        <File uid="60" fullPath="/Users/emilisceida/Documents/GitHub/BTG-24/Game/Assets/Scripts/UIScripts/ButtonColor.cs" />
        <File uid="61" fullPath="/Users/emilisceida/Documents/GitHub/BTG-24/Game/Assets/Scripts/UIScripts/ButtonScript.cs" />
        <File uid="62" fullPath="/Users/emilisceida/Documents/GitHub/BTG-24/Game/Assets/Scripts/UIScripts/ColorScheme.cs" />
        <File uid="63" fullPath="/Users/emilisceida/Documents/GitHub/BTG-24/Game/Assets/Scripts/UIScripts/LevelSelect.cs" />
        <File uid="64" fullPath="/Users/emilisceida/Documents/GitHub/BTG-24/Game/Assets/Scripts/UIScripts/MainMenu.cs" />
        <File uid="65" fullPath="/Users/emilisceida/Documents/GitHub/BTG-24/Game/Assets/Scripts/UIScripts/PanelGrid.cs" />
        <File uid="66" fullPath="/Users/emilisceida/Documents/GitHub/BTG-24/Game/Assets/Scripts/UIScripts/SingleColor.cs" />
        <File uid="67" fullPath="/Users/emilisceida/Documents/GitHub/BTG-24/Game/Assets/Scripts/UIScripts/ToggleScript.cs" />
        <File uid="68" fullPath="/Users/emilisceida/Documents/GitHub/BTG-24/Game/Assets/Scripts/UnDeafen.cs" />
        <File uid="69" fullPath="/Users/emilisceida/Documents/GitHub/BTG-24/Game/Assets/Scripts/Vectors.cs" />
        <File uid="70" fullPath="/Users/emilisceida/Documents/GitHub/BTG-24/Game/Assets/Scripts/WallState.cs" />
        <File uid="71" fullPath="/Users/emilisceida/Documents/GitHub/BTG-24/Game/Assets/Scripts/EnemyAI/AttackState.cs" />
        <File uid="72" fullPath="/Users/emilisceida/Documents/GitHub/BTG-24/Game/Assets/Scripts/EnemyAI/ChaseState.cs" />
        <File uid="73" fullPath="/Users/emilisceida/Documents/GitHub/BTG-24/Game/Assets/Scripts/EnemyAI/FollowState.cs" />
        <File uid="74" fullPath="/Users/emilisceida/Documents/GitHub/BTG-24/Game/Assets/Scripts/EnemyAI/IdleState.cs" />
        <File uid="75" fullPath="/Users/emilisceida/Documents/GitHub/BTG-24/Game/Assets/Scripts/EnemyAI/InvestigateState.cs" />
        <File uid="76" fullPath="/Users/emilisceida/Documents/GitHub/BTG-24/Game/Assets/Scripts/EnemyAI/LookState.cs" />
      </Files>
      <Classes>
        <Class>
          <Summary numSequencePoints="12" visitedSequencePoints="0" numBranchPoints="0" visitedBranchPoints="0" sequenceCoverage="0.0" branchCoverage="0.0" maxCyclomaticComplexity="0" minCyclomaticComplexity="0" maxCrapScore="0" minCrapScore="0" visitedClasses="0" numClasses="1" visitedMethods="0" numMethods="2" />
          <FullName>BigWall</FullName>
          <Methods>
            <Method visited="false" cyclomaticComplexity="0" nPathComplexity="0" sequenceCoverage="0.0" branchCoverage="0" crapScore="0" isConstructor="false" isStatic="false" isGetter="false" isSetter="false">
              <Summary numSequencePoints="7" visitedSequencePoints="0" numBranchPoints="0" visitedBranchPoints="0" sequenceCoverage="0.0" branchCoverage="0" maxCyclomaticComplexity="0" minCyclomaticComplexity="0" maxCrapScore="0" minCrapScore="0" visitedClasses="0" numClasses="0" visitedMethods="0" numMethods="1" />
              <MetadataToken>100663297</MetadataToken>
              <Name>System.Void BigWall::Update()</Name>
              <FileRef uid="1" />
              <SequencePoints>
                <SequencePoint vc="0" uspid="1" ordinal="0" offset="0" sl="11" sc="0" el="11" ec="0" bec="0" bev="0" fileid="1" />
                <SequencePoint vc="0" uspid="2" ordinal="0" offset="1" sl="12" sc="0" el="12" ec="0" bec="0" bev="0" fileid="1" />
                <SequencePoint vc="0" uspid="3" ordinal="0" offset="32" sl="13" sc="0" el="13" ec="0" bec="0" bev="0" fileid="1" />
                <SequencePoint vc="0" uspid="4" ordinal="0" offset="33" sl="14" sc="0" el="14" ec="0" bec="0" bev="0" fileid="1" />
                <SequencePoint vc="0" uspid="5" ordinal="0" offset="51" sl="15" sc="0" el="15" ec="0" bec="0" bev="0" fileid="1" />
                <SequencePoint vc="0" uspid="6" ordinal="0" offset="58" sl="16" sc="0" el="16" ec="0" bec="0" bev="0" fileid="1" />
                <SequencePoint vc="0" uspid="7" ordinal="0" offset="59" sl="17" sc="0" el="17" ec="0" bec="0" bev="0" fileid="1" />
              </SequencePoints>
              <BranchPoints />
            </Method>
            <Method visited="false" cyclomaticComplexity="0" nPathComplexity="0" sequenceCoverage="0.0" branchCoverage="0" crapScore="0" isConstructor="false" isStatic="false" isGetter="false" isSetter="false">
              <Summary numSequencePoints="5" visitedSequencePoints="0" numBranchPoints="0" visitedBranchPoints="0" sequenceCoverage="0.0" branchCoverage="0" maxCyclomaticComplexity="0" minCyclomaticComplexity="0" maxCrapScore="0" minCrapScore="0" visitedClasses="0" numClasses="0" visitedMethods="0" numMethods="1" />
              <MetadataToken>100663298</MetadataToken>
              <Name>System.Void BigWall::Scan()</Name>
              <FileRef uid="1" />
              <SequencePoints>
                <SequencePoint vc="0" uspid="8" ordinal="0" offset="0" sl="20" sc="0" el="20" ec="0" bec="0" bev="0" fileid="1" />
                <SequencePoint vc="0" uspid="9" ordinal="0" offset="1" sl="21" sc="0" el="21" ec="0" bec="0" bev="0" fileid="1" />
                <SequencePoint vc="0" uspid="10" ordinal="0" offset="14" sl="22" sc="0" el="22" ec="0" bec="0" bev="0" fileid="1" />
                <SequencePoint vc="0" uspid="11" ordinal="0" offset="31" sl="23" sc="0" el="23" ec="0" bec="0" bev="0" fileid="1" />
                <SequencePoint vc="0" uspid="12" ordinal="0" offset="38" sl="24" sc="0" el="24" ec="0" bec="0" bev="0" fileid="1" />
              </SequencePoints>
              <BranchPoints />
            </Method>
          </Methods>
        </Class>
        <Class>
          <Summary numSequencePoints="169" visitedSequencePoints="0" numBranchPoints="0" visitedBranchPoints="0" sequenceCoverage="0.0" branchCoverage="0.0" maxCyclomaticComplexity="0" minCyclomaticComplexity="0" maxCrapScore="0" minCrapScore="0" visitedClasses="0" numClasses="1" visitedMethods="0" numMethods="6" />
          <FullName>BlockColor</FullName>
          <Methods>
            <Method visited="false" cyclomaticComplexity="0" nPathComplexity="0" sequenceCoverage="0.0" branchCoverage="0" crapScore="0" isConstructor="false" isStatic="false" isGetter="false" isSetter="false">
              <Summary numSequencePoints="6" visitedSequencePoints="0" numBranchPoints="0" visitedBranchPoints="0" sequenceCoverage="0.0" branchCoverage="0" maxCyclomaticComplexity="0" minCyclomaticComplexity="0" maxCrapScore="0" minCrapScore="0" visitedClasses="0" numClasses="0" visitedMethods="0" numMethods="1" />
              <MetadataToken>100663300</MetadataToken>
              <Name>System.Void BlockColor::Awake()</Name>
              <FileRef uid="2" />
              <SequencePoints>
                <SequencePoint vc="0" uspid="13" ordinal="0" offset="0" sl="11" sc="0" el="11" ec="0" bec="0" bev="0" fileid="2" />
                <SequencePoint vc="0" uspid="14" ordinal="0" offset="1" sl="12" sc="0" el="12" ec="0" bec="0" bev="0" fileid="2" />
                <SequencePoint vc="0" uspid="15" ordinal="0" offset="13" sl="13" sc="0" el="13" ec="0" bec="0" bev="0" fileid="2" />
                <SequencePoint vc="0" uspid="16" ordinal="0" offset="29" sl="13" sc="0" el="13" ec="0" bec="0" bev="0" fileid="2" />
                <SequencePoint vc="0" uspid="17" ordinal="0" offset="31" sl="14" sc="0" el="14" ec="0" bec="0" bev="0" fileid="2" />
                <SequencePoint vc="0" uspid="18" ordinal="0" offset="53" sl="15" sc="0" el="15" ec="0" bec="0" bev="0" fileid="2" />
              </SequencePoints>
              <BranchPoints />
            </Method>
            <Method visited="false" cyclomaticComplexity="0" nPathComplexity="0" sequenceCoverage="0.0" branchCoverage="0" crapScore="0" isConstructor="false" isStatic="false" isGetter="false" isSetter="false">
              <Summary numSequencePoints="3" visitedSequencePoints="0" numBranchPoints="0" visitedBranchPoints="0" sequenceCoverage="0.0" branchCoverage="0" maxCyclomaticComplexity="0" minCyclomaticComplexity="0" maxCrapScore="0" minCrapScore="0" visitedClasses="0" numClasses="0" visitedMethods="0" numMethods="1" />
              <MetadataToken>100663301</MetadataToken>
              <Name>System.Void BlockColor::Start()</Name>
              <FileRef uid="2" />
              <SequencePoints>
                <SequencePoint vc="0" uspid="19" ordinal="0" offset="0" sl="18" sc="0" el="18" ec="0" bec="0" bev="0" fileid="2" />
                <SequencePoint vc="0" uspid="20" ordinal="0" offset="1" sl="19" sc="0" el="19" ec="0" bec="0" bev="0" fileid="2" />
                <SequencePoint vc="0" uspid="21" ordinal="0" offset="18" sl="20" sc="0" el="20" ec="0" bec="0" bev="0" fileid="2" />
              </SequencePoints>
              <BranchPoints />
            </Method>
            <Method visited="false" cyclomaticComplexity="0" nPathComplexity="0" sequenceCoverage="0.0" branchCoverage="0" crapScore="0" isConstructor="false" isStatic="false" isGetter="false" isSetter="false">
              <Summary numSequencePoints="13" visitedSequencePoints="0" numBranchPoints="0" visitedBranchPoints="0" sequenceCoverage="0.0" branchCoverage="0" maxCyclomaticComplexity="0" minCyclomaticComplexity="0" maxCrapScore="0" minCrapScore="0" visitedClasses="0" numClasses="0" visitedMethods="0" numMethods="1" />
              <MetadataToken>100663302</MetadataToken>
              <Name>System.Void BlockColor::UpdateSprite()</Name>
              <FileRef uid="2" />
              <SequencePoints>
                <SequencePoint vc="0" uspid="22" ordinal="0" offset="0" sl="23" sc="0" el="23" ec="0" bec="0" bev="0" fileid="2" />
                <SequencePoint vc="0" uspid="23" ordinal="0" offset="1" sl="24" sc="0" el="24" ec="0" bec="0" bev="0" fileid="2" />
                <SequencePoint vc="0" uspid="24" ordinal="0" offset="15" sl="24" sc="0" el="24" ec="0" bec="0" bev="0" fileid="2" />
                <SequencePoint vc="0" uspid="25" ordinal="0" offset="17" sl="25" sc="0" el="25" ec="0" bec="0" bev="0" fileid="2" />
                <SequencePoint vc="0" uspid="26" ordinal="0" offset="24" sl="27" sc="0" el="27" ec="0" bec="0" bev="0" fileid="2" />
                <SequencePoint vc="0" uspid="27" ordinal="0" offset="25" sl="28" sc="0" el="28" ec="0" bec="0" bev="0" fileid="2" />
                <SequencePoint vc="0" uspid="28" ordinal="0" offset="45" sl="30" sc="0" el="30" ec="0" bec="0" bev="0" fileid="2" />
                <SequencePoint vc="0" uspid="29" ordinal="0" offset="48" sl="31" sc="0" el="31" ec="0" bec="0" bev="0" fileid="2" />
                <SequencePoint vc="0" uspid="30" ordinal="0" offset="49" sl="32" sc="0" el="32" ec="0" bec="0" bev="0" fileid="2" />
                <SequencePoint vc="0" uspid="31" ordinal="0" offset="50" sl="33" sc="0" el="33" ec="0" bec="0" bev="0" fileid="2" />
                <SequencePoint vc="0" uspid="32" ordinal="0" offset="73" sl="34" sc="0" el="34" ec="0" bec="0" bev="0" fileid="2" />
                <SequencePoint vc="0" uspid="33" ordinal="0" offset="101" sl="35" sc="0" el="35" ec="0" bec="0" bev="0" fileid="2" />
                <SequencePoint vc="0" uspid="34" ordinal="0" offset="104" sl="36" sc="0" el="36" ec="0" bec="0" bev="0" fileid="2" />
              </SequencePoints>
              <BranchPoints />
            </Method>
            <Method visited="false" cyclomaticComplexity="0" nPathComplexity="0" sequenceCoverage="0.0" branchCoverage="0" crapScore="0" isConstructor="false" isStatic="false" isGetter="false" isSetter="false">
              <Summary numSequencePoints="20" visitedSequencePoints="0" numBranchPoints="0" visitedBranchPoints="0" sequenceCoverage="0.0" branchCoverage="0" maxCyclomaticComplexity="0" minCyclomaticComplexity="0" maxCrapScore="0" minCrapScore="0" visitedClasses="0" numClasses="0" visitedMethods="0" numMethods="1" />
              <MetadataToken>100663303</MetadataToken>
              <Name>System.Void BlockColor::OnBlockPlaced()</Name>
              <FileRef uid="2" />
              <SequencePoints>
                <SequencePoint vc="0" uspid="35" ordinal="0" offset="0" sl="39" sc="0" el="39" ec="0" bec="0" bev="0" fileid="2" />
                <SequencePoint vc="0" uspid="36" ordinal="0" offset="1" sl="40" sc="0" el="40" ec="0" bec="0" bev="0" fileid="2" />
                <SequencePoint vc="0" uspid="37" ordinal="0" offset="8" sl="41" sc="0" el="41" ec="0" bec="0" bev="0" fileid="2" />
                <SequencePoint vc="0" uspid="38" ordinal="0" offset="9" sl="41" sc="0" el="41" ec="0" bec="0" bev="0" fileid="2" />
                <SequencePoint vc="0" uspid="39" ordinal="0" offset="79" sl="41" sc="0" el="41" ec="0" bec="0" bev="0" fileid="2" />
                <SequencePoint vc="0" uspid="40" ordinal="0" offset="87" sl="42" sc="0" el="42" ec="0" bec="0" bev="0" fileid="2" />
                <SequencePoint vc="0" uspid="41" ordinal="0" offset="88" sl="43" sc="0" el="43" ec="0" bec="0" bev="0" fileid="2" />
                <SequencePoint vc="0" uspid="42" ordinal="0" offset="131" sl="44" sc="0" el="44" ec="0" bec="0" bev="0" fileid="2" />
                <SequencePoint vc="0" uspid="43" ordinal="0" offset="149" sl="45" sc="0" el="45" ec="0" bec="0" bev="0" fileid="2" />
                <SequencePoint vc="0" uspid="44" ordinal="0" offset="150" sl="45" sc="0" el="45" ec="0" bec="0" bev="0" fileid="2" />
                <SequencePoint vc="0" uspid="45" ordinal="0" offset="159" sl="45" sc="0" el="45" ec="0" bec="0" bev="0" fileid="2" />
                <SequencePoint vc="0" uspid="46" ordinal="0" offset="166" sl="46" sc="0" el="46" ec="0" bec="0" bev="0" fileid="2" />
                <SequencePoint vc="0" uspid="47" ordinal="0" offset="167" sl="47" sc="0" el="47" ec="0" bec="0" bev="0" fileid="2" />
                <SequencePoint vc="0" uspid="48" ordinal="0" offset="176" sl="48" sc="0" el="48" ec="0" bec="0" bev="0" fileid="2" />
                <SequencePoint vc="0" uspid="49" ordinal="0" offset="190" sl="49" sc="0" el="49" ec="0" bec="0" bev="0" fileid="2" />
                <SequencePoint vc="0" uspid="50" ordinal="0" offset="198" sl="50" sc="0" el="50" ec="0" bec="0" bev="0" fileid="2" />
                <SequencePoint vc="0" uspid="51" ordinal="0" offset="205" sl="45" sc="0" el="45" ec="0" bec="0" bev="0" fileid="2" />
                <SequencePoint vc="0" uspid="52" ordinal="0" offset="213" sl="51" sc="0" el="51" ec="0" bec="0" bev="0" fileid="2" />
                <SequencePoint vc="0" uspid="53" ordinal="0" offset="218" sl="41" sc="0" el="41" ec="0" bec="0" bev="0" fileid="2" />
                <SequencePoint vc="0" uspid="54" ordinal="0" offset="227" sl="52" sc="0" el="52" ec="0" bec="0" bev="0" fileid="2" />
              </SequencePoints>
              <BranchPoints />
            </Method>
            <Method visited="false" cyclomaticComplexity="0" nPathComplexity="0" sequenceCoverage="0.0" branchCoverage="0" crapScore="0" isConstructor="false" isStatic="false" isGetter="false" isSetter="false">
              <Summary numSequencePoints="22" visitedSequencePoints="0" numBranchPoints="0" visitedBranchPoints="0" sequenceCoverage="0.0" branchCoverage="0" maxCyclomaticComplexity="0" minCyclomaticComplexity="0" maxCrapScore="0" minCrapScore="0" visitedClasses="0" numClasses="0" visitedMethods="0" numMethods="1" />
              <MetadataToken>100663304</MetadataToken>
              <Name>System.Int32 BlockColor::GetNeighborConfiguration()</Name>
              <FileRef uid="2" />
              <SequencePoints>
                <SequencePoint vc="0" uspid="55" ordinal="0" offset="0" sl="55" sc="0" el="55" ec="0" bec="0" bev="0" fileid="2" />
                <SequencePoint vc="0" uspid="56" ordinal="0" offset="1" sl="56" sc="0" el="56" ec="0" bec="0" bev="0" fileid="2" />
                <SequencePoint vc="0" uspid="57" ordinal="0" offset="3" sl="57" sc="0" el="57" ec="0" bec="0" bev="0" fileid="2" />
                <SequencePoint vc="0" uspid="58" ordinal="0" offset="122" sl="68" sc="0" el="68" ec="0" bec="0" bev="0" fileid="2" />
                <SequencePoint vc="0" uspid="59" ordinal="0" offset="129" sl="69" sc="0" el="69" ec="0" bec="0" bev="0" fileid="2" />
                <SequencePoint vc="0" uspid="60" ordinal="0" offset="130" sl="70" sc="0" el="70" ec="0" bec="0" bev="0" fileid="2" />
                <SequencePoint vc="0" uspid="61" ordinal="0" offset="183" sl="71" sc="0" el="71" ec="0" bec="0" bev="0" fileid="2" />
                <SequencePoint vc="0" uspid="62" ordinal="0" offset="201" sl="72" sc="0" el="72" ec="0" bec="0" bev="0" fileid="2" />
                <SequencePoint vc="0" uspid="63" ordinal="0" offset="202" sl="72" sc="0" el="72" ec="0" bec="0" bev="0" fileid="2" />
                <SequencePoint vc="0" uspid="64" ordinal="0" offset="211" sl="72" sc="0" el="72" ec="0" bec="0" bev="0" fileid="2" />
                <SequencePoint vc="0" uspid="65" ordinal="0" offset="218" sl="73" sc="0" el="73" ec="0" bec="0" bev="0" fileid="2" />
                <SequencePoint vc="0" uspid="66" ordinal="0" offset="219" sl="74" sc="0" el="74" ec="0" bec="0" bev="0" fileid="2" />
                <SequencePoint vc="0" uspid="67" ordinal="0" offset="260" sl="75" sc="0" el="75" ec="0" bec="0" bev="0" fileid="2" />
                <SequencePoint vc="0" uspid="68" ordinal="0" offset="261" sl="76" sc="0" el="76" ec="0" bec="0" bev="0" fileid="2" />
                <SequencePoint vc="0" uspid="69" ordinal="0" offset="270" sl="77" sc="0" el="77" ec="0" bec="0" bev="0" fileid="2" />
                <SequencePoint vc="0" uspid="70" ordinal="0" offset="271" sl="78" sc="0" el="78" ec="0" bec="0" bev="0" fileid="2" />
                <SequencePoint vc="0" uspid="71" ordinal="0" offset="278" sl="72" sc="0" el="72" ec="0" bec="0" bev="0" fileid="2" />
                <SequencePoint vc="0" uspid="72" ordinal="0" offset="286" sl="79" sc="0" el="79" ec="0" bec="0" bev="0" fileid="2" />
                <SequencePoint vc="0" uspid="73" ordinal="0" offset="287" sl="68" sc="0" el="68" ec="0" bec="0" bev="0" fileid="2" />
                <SequencePoint vc="0" uspid="74" ordinal="0" offset="291" sl="68" sc="0" el="68" ec="0" bec="0" bev="0" fileid="2" />
                <SequencePoint vc="0" uspid="75" ordinal="0" offset="306" sl="80" sc="0" el="80" ec="0" bec="0" bev="0" fileid="2" />
                <SequencePoint vc="0" uspid="76" ordinal="0" offset="316" sl="81" sc="0" el="81" ec="0" bec="0" bev="0" fileid="2" />
              </SequencePoints>
              <BranchPoints />
            </Method>
            <Method visited="false" cyclomaticComplexity="0" nPathComplexity="0" sequenceCoverage="0.0" branchCoverage="0" crapScore="0" isConstructor="false" isStatic="true" isGetter="false" isSetter="false">
              <Summary numSequencePoints="105" visitedSequencePoints="0" numBranchPoints="0" visitedBranchPoints="0" sequenceCoverage="0.0" branchCoverage="0" maxCyclomaticComplexity="0" minCyclomaticComplexity="0" maxCrapScore="0" minCrapScore="0" visitedClasses="0" numClasses="0" visitedMethods="0" numMethods="1" />
              <MetadataToken>100663305</MetadataToken>
              <Name>static System.Int32 BlockColor::Validate(System.Int32)</Name>
              <FileRef uid="2" />
              <SequencePoints>
                <SequencePoint vc="0" uspid="77" ordinal="0" offset="0" sl="84" sc="0" el="84" ec="0" bec="0" bev="0" fileid="2" />
                <SequencePoint vc="0" uspid="78" ordinal="0" offset="1" sl="85" sc="0" el="85" ec="0" bec="0" bev="0" fileid="2" />
                <SequencePoint vc="0" uspid="79" ordinal="0" offset="6" sl="86" sc="0" el="86" ec="0" bec="0" bev="0" fileid="2" />
                <SequencePoint vc="0" uspid="80" ordinal="0" offset="17" sl="89" sc="0" el="89" ec="0" bec="0" bev="0" fileid="2" />
                <SequencePoint vc="0" uspid="81" ordinal="0" offset="25" sl="90" sc="0" el="90" ec="0" bec="0" bev="0" fileid="2" />
                <SequencePoint vc="0" uspid="82" ordinal="0" offset="26" sl="91" sc="0" el="91" ec="0" bec="0" bev="0" fileid="2" />
                <SequencePoint vc="0" uspid="83" ordinal="0" offset="33" sl="95" sc="0" el="95" ec="0" bec="0" bev="0" fileid="2" />
                <SequencePoint vc="0" uspid="84" ordinal="0" offset="58" sl="96" sc="0" el="96" ec="0" bec="0" bev="0" fileid="2" />
                <SequencePoint vc="0" uspid="85" ordinal="0" offset="65" sl="98" sc="0" el="98" ec="0" bec="0" bev="0" fileid="2" />
                <SequencePoint vc="0" uspid="86" ordinal="0" offset="83" sl="99" sc="0" el="99" ec="0" bec="0" bev="0" fileid="2" />
                <SequencePoint vc="0" uspid="87" ordinal="0" offset="90" sl="101" sc="0" el="101" ec="0" bec="0" bev="0" fileid="2" />
                <SequencePoint vc="0" uspid="88" ordinal="0" offset="109" sl="102" sc="0" el="102" ec="0" bec="0" bev="0" fileid="2" />
                <SequencePoint vc="0" uspid="89" ordinal="0" offset="117" sl="103" sc="0" el="103" ec="0" bec="0" bev="0" fileid="2" />
                <SequencePoint vc="0" uspid="90" ordinal="0" offset="127" sl="104" sc="0" el="104" ec="0" bec="0" bev="0" fileid="2" />
                <SequencePoint vc="0" uspid="91" ordinal="0" offset="134" sl="106" sc="0" el="106" ec="0" bec="0" bev="0" fileid="2" />
                <SequencePoint vc="0" uspid="92" ordinal="0" offset="153" sl="107" sc="0" el="107" ec="0" bec="0" bev="0" fileid="2" />
                <SequencePoint vc="0" uspid="93" ordinal="0" offset="161" sl="108" sc="0" el="108" ec="0" bec="0" bev="0" fileid="2" />
                <SequencePoint vc="0" uspid="94" ordinal="0" offset="171" sl="109" sc="0" el="109" ec="0" bec="0" bev="0" fileid="2" />
                <SequencePoint vc="0" uspid="95" ordinal="0" offset="178" sl="111" sc="0" el="111" ec="0" bec="0" bev="0" fileid="2" />
                <SequencePoint vc="0" uspid="96" ordinal="0" offset="198" sl="112" sc="0" el="112" ec="0" bec="0" bev="0" fileid="2" />
                <SequencePoint vc="0" uspid="97" ordinal="0" offset="206" sl="113" sc="0" el="113" ec="0" bec="0" bev="0" fileid="2" />
                <SequencePoint vc="0" uspid="98" ordinal="0" offset="217" sl="114" sc="0" el="114" ec="0" bec="0" bev="0" fileid="2" />
                <SequencePoint vc="0" uspid="99" ordinal="0" offset="224" sl="116" sc="0" el="116" ec="0" bec="0" bev="0" fileid="2" />
                <SequencePoint vc="0" uspid="100" ordinal="0" offset="244" sl="117" sc="0" el="117" ec="0" bec="0" bev="0" fileid="2" />
                <SequencePoint vc="0" uspid="101" ordinal="0" offset="252" sl="118" sc="0" el="118" ec="0" bec="0" bev="0" fileid="2" />
                <SequencePoint vc="0" uspid="102" ordinal="0" offset="263" sl="119" sc="0" el="119" ec="0" bec="0" bev="0" fileid="2" />
                <SequencePoint vc="0" uspid="103" ordinal="0" offset="270" sl="121" sc="0" el="121" ec="0" bec="0" bev="0" fileid="2" />
                <SequencePoint vc="0" uspid="104" ordinal="0" offset="280" sl="122" sc="0" el="122" ec="0" bec="0" bev="0" fileid="2" />
                <SequencePoint vc="0" uspid="105" ordinal="0" offset="281" sl="123" sc="0" el="123" ec="0" bec="0" bev="0" fileid="2" />
                <SequencePoint vc="0" uspid="106" ordinal="0" offset="308" sl="124" sc="0" el="124" ec="0" bec="0" bev="0" fileid="2" />
                <SequencePoint vc="0" uspid="107" ordinal="0" offset="315" sl="125" sc="0" el="125" ec="0" bec="0" bev="0" fileid="2" />
                <SequencePoint vc="0" uspid="108" ordinal="0" offset="335" sl="126" sc="0" el="126" ec="0" bec="0" bev="0" fileid="2" />
                <SequencePoint vc="0" uspid="109" ordinal="0" offset="343" sl="127" sc="0" el="127" ec="0" bec="0" bev="0" fileid="2" />
                <SequencePoint vc="0" uspid="110" ordinal="0" offset="355" sl="128" sc="0" el="128" ec="0" bec="0" bev="0" fileid="2" />
                <SequencePoint vc="0" uspid="111" ordinal="0" offset="363" sl="129" sc="0" el="129" ec="0" bec="0" bev="0" fileid="2" />
                <SequencePoint vc="0" uspid="112" ordinal="0" offset="375" sl="130" sc="0" el="130" ec="0" bec="0" bev="0" fileid="2" />
                <SequencePoint vc="0" uspid="113" ordinal="0" offset="383" sl="131" sc="0" el="131" ec="0" bec="0" bev="0" fileid="2" />
                <SequencePoint vc="0" uspid="114" ordinal="0" offset="384" sl="133" sc="0" el="133" ec="0" bec="0" bev="0" fileid="2" />
                <SequencePoint vc="0" uspid="115" ordinal="0" offset="395" sl="134" sc="0" el="134" ec="0" bec="0" bev="0" fileid="2" />
                <SequencePoint vc="0" uspid="116" ordinal="0" offset="396" sl="135" sc="0" el="135" ec="0" bec="0" bev="0" fileid="2" />
                <SequencePoint vc="0" uspid="117" ordinal="0" offset="425" sl="136" sc="0" el="136" ec="0" bec="0" bev="0" fileid="2" />
                <SequencePoint vc="0" uspid="118" ordinal="0" offset="432" sl="137" sc="0" el="137" ec="0" bec="0" bev="0" fileid="2" />
                <SequencePoint vc="0" uspid="119" ordinal="0" offset="452" sl="138" sc="0" el="138" ec="0" bec="0" bev="0" fileid="2" />
                <SequencePoint vc="0" uspid="120" ordinal="0" offset="460" sl="139" sc="0" el="139" ec="0" bec="0" bev="0" fileid="2" />
                <SequencePoint vc="0" uspid="121" ordinal="0" offset="472" sl="140" sc="0" el="140" ec="0" bec="0" bev="0" fileid="2" />
                <SequencePoint vc="0" uspid="122" ordinal="0" offset="480" sl="141" sc="0" el="141" ec="0" bec="0" bev="0" fileid="2" />
                <SequencePoint vc="0" uspid="123" ordinal="0" offset="492" sl="142" sc="0" el="142" ec="0" bec="0" bev="0" fileid="2" />
                <SequencePoint vc="0" uspid="124" ordinal="0" offset="500" sl="143" sc="0" el="143" ec="0" bec="0" bev="0" fileid="2" />
                <SequencePoint vc="0" uspid="125" ordinal="0" offset="501" sl="145" sc="0" el="145" ec="0" bec="0" bev="0" fileid="2" />
                <SequencePoint vc="0" uspid="126" ordinal="0" offset="512" sl="146" sc="0" el="146" ec="0" bec="0" bev="0" fileid="2" />
                <SequencePoint vc="0" uspid="127" ordinal="0" offset="513" sl="147" sc="0" el="147" ec="0" bec="0" bev="0" fileid="2" />
                <SequencePoint vc="0" uspid="128" ordinal="0" offset="540" sl="148" sc="0" el="148" ec="0" bec="0" bev="0" fileid="2" />
                <SequencePoint vc="0" uspid="129" ordinal="0" offset="547" sl="149" sc="0" el="149" ec="0" bec="0" bev="0" fileid="2" />
                <SequencePoint vc="0" uspid="130" ordinal="0" offset="567" sl="150" sc="0" el="150" ec="0" bec="0" bev="0" fileid="2" />
                <SequencePoint vc="0" uspid="131" ordinal="0" offset="575" sl="151" sc="0" el="151" ec="0" bec="0" bev="0" fileid="2" />
                <SequencePoint vc="0" uspid="132" ordinal="0" offset="587" sl="152" sc="0" el="152" ec="0" bec="0" bev="0" fileid="2" />
                <SequencePoint vc="0" uspid="133" ordinal="0" offset="595" sl="153" sc="0" el="153" ec="0" bec="0" bev="0" fileid="2" />
                <SequencePoint vc="0" uspid="134" ordinal="0" offset="607" sl="154" sc="0" el="154" ec="0" bec="0" bev="0" fileid="2" />
                <SequencePoint vc="0" uspid="135" ordinal="0" offset="615" sl="155" sc="0" el="155" ec="0" bec="0" bev="0" fileid="2" />
                <SequencePoint vc="0" uspid="136" ordinal="0" offset="616" sl="157" sc="0" el="157" ec="0" bec="0" bev="0" fileid="2" />
                <SequencePoint vc="0" uspid="137" ordinal="0" offset="627" sl="158" sc="0" el="158" ec="0" bec="0" bev="0" fileid="2" />
                <SequencePoint vc="0" uspid="138" ordinal="0" offset="628" sl="159" sc="0" el="159" ec="0" bec="0" bev="0" fileid="2" />
                <SequencePoint vc="0" uspid="139" ordinal="0" offset="657" sl="160" sc="0" el="160" ec="0" bec="0" bev="0" fileid="2" />
                <SequencePoint vc="0" uspid="140" ordinal="0" offset="664" sl="161" sc="0" el="161" ec="0" bec="0" bev="0" fileid="2" />
                <SequencePoint vc="0" uspid="141" ordinal="0" offset="684" sl="162" sc="0" el="162" ec="0" bec="0" bev="0" fileid="2" />
                <SequencePoint vc="0" uspid="142" ordinal="0" offset="692" sl="163" sc="0" el="163" ec="0" bec="0" bev="0" fileid="2" />
                <SequencePoint vc="0" uspid="143" ordinal="0" offset="704" sl="164" sc="0" el="164" ec="0" bec="0" bev="0" fileid="2" />
                <SequencePoint vc="0" uspid="144" ordinal="0" offset="712" sl="165" sc="0" el="165" ec="0" bec="0" bev="0" fileid="2" />
                <SequencePoint vc="0" uspid="145" ordinal="0" offset="724" sl="166" sc="0" el="166" ec="0" bec="0" bev="0" fileid="2" />
                <SequencePoint vc="0" uspid="146" ordinal="0" offset="732" sl="167" sc="0" el="167" ec="0" bec="0" bev="0" fileid="2" />
                <SequencePoint vc="0" uspid="147" ordinal="0" offset="733" sl="170" sc="0" el="170" ec="0" bec="0" bev="0" fileid="2" />
                <SequencePoint vc="0" uspid="148" ordinal="0" offset="747" sl="171" sc="0" el="171" ec="0" bec="0" bev="0" fileid="2" />
                <SequencePoint vc="0" uspid="149" ordinal="0" offset="748" sl="172" sc="0" el="172" ec="0" bec="0" bev="0" fileid="2" />
                <SequencePoint vc="0" uspid="150" ordinal="0" offset="759" sl="173" sc="0" el="173" ec="0" bec="0" bev="0" fileid="2" />
                <SequencePoint vc="0" uspid="151" ordinal="0" offset="766" sl="176" sc="0" el="176" ec="0" bec="0" bev="0" fileid="2" />
                <SequencePoint vc="0" uspid="152" ordinal="0" offset="776" sl="177" sc="0" el="177" ec="0" bec="0" bev="0" fileid="2" />
                <SequencePoint vc="0" uspid="153" ordinal="0" offset="784" sl="178" sc="0" el="178" ec="0" bec="0" bev="0" fileid="2" />
                <SequencePoint vc="0" uspid="154" ordinal="0" offset="794" sl="179" sc="0" el="179" ec="0" bec="0" bev="0" fileid="2" />
                <SequencePoint vc="0" uspid="155" ordinal="0" offset="802" sl="180" sc="0" el="180" ec="0" bec="0" bev="0" fileid="2" />
                <SequencePoint vc="0" uspid="156" ordinal="0" offset="812" sl="181" sc="0" el="181" ec="0" bec="0" bev="0" fileid="2" />
                <SequencePoint vc="0" uspid="157" ordinal="0" offset="820" sl="182" sc="0" el="182" ec="0" bec="0" bev="0" fileid="2" />
                <SequencePoint vc="0" uspid="158" ordinal="0" offset="830" sl="183" sc="0" el="183" ec="0" bec="0" bev="0" fileid="2" />
                <SequencePoint vc="0" uspid="159" ordinal="0" offset="838" sl="186" sc="0" el="186" ec="0" bec="0" bev="0" fileid="2" />
                <SequencePoint vc="0" uspid="160" ordinal="0" offset="848" sl="187" sc="0" el="187" ec="0" bec="0" bev="0" fileid="2" />
                <SequencePoint vc="0" uspid="161" ordinal="0" offset="856" sl="188" sc="0" el="188" ec="0" bec="0" bev="0" fileid="2" />
                <SequencePoint vc="0" uspid="162" ordinal="0" offset="866" sl="189" sc="0" el="189" ec="0" bec="0" bev="0" fileid="2" />
                <SequencePoint vc="0" uspid="163" ordinal="0" offset="874" sl="190" sc="0" el="190" ec="0" bec="0" bev="0" fileid="2" />
                <SequencePoint vc="0" uspid="164" ordinal="0" offset="885" sl="191" sc="0" el="191" ec="0" bec="0" bev="0" fileid="2" />
                <SequencePoint vc="0" uspid="165" ordinal="0" offset="890" sl="192" sc="0" el="192" ec="0" bec="0" bev="0" fileid="2" />
                <SequencePoint vc="0" uspid="166" ordinal="0" offset="901" sl="193" sc="0" el="193" ec="0" bec="0" bev="0" fileid="2" />
                <SequencePoint vc="0" uspid="167" ordinal="0" offset="906" sl="194" sc="0" el="194" ec="0" bec="0" bev="0" fileid="2" />
                <SequencePoint vc="0" uspid="168" ordinal="0" offset="916" sl="195" sc="0" el="195" ec="0" bec="0" bev="0" fileid="2" />
                <SequencePoint vc="0" uspid="169" ordinal="0" offset="921" sl="196" sc="0" el="196" ec="0" bec="0" bev="0" fileid="2" />
                <SequencePoint vc="0" uspid="170" ordinal="0" offset="932" sl="197" sc="0" el="197" ec="0" bec="0" bev="0" fileid="2" />
                <SequencePoint vc="0" uspid="171" ordinal="0" offset="937" sl="199" sc="0" el="199" ec="0" bec="0" bev="0" fileid="2" />
                <SequencePoint vc="0" uspid="172" ordinal="0" offset="948" sl="200" sc="0" el="200" ec="0" bec="0" bev="0" fileid="2" />
                <SequencePoint vc="0" uspid="173" ordinal="0" offset="953" sl="201" sc="0" el="201" ec="0" bec="0" bev="0" fileid="2" />
                <SequencePoint vc="0" uspid="174" ordinal="0" offset="964" sl="202" sc="0" el="202" ec="0" bec="0" bev="0" fileid="2" />
                <SequencePoint vc="0" uspid="175" ordinal="0" offset="969" sl="203" sc="0" el="203" ec="0" bec="0" bev="0" fileid="2" />
                <SequencePoint vc="0" uspid="176" ordinal="0" offset="980" sl="204" sc="0" el="204" ec="0" bec="0" bev="0" fileid="2" />
                <SequencePoint vc="0" uspid="177" ordinal="0" offset="985" sl="205" sc="0" el="205" ec="0" bec="0" bev="0" fileid="2" />
                <SequencePoint vc="0" uspid="178" ordinal="0" offset="995" sl="206" sc="0" el="206" ec="0" bec="0" bev="0" fileid="2" />
                <SequencePoint vc="0" uspid="179" ordinal="0" offset="1000" sl="207" sc="0" el="207" ec="0" bec="0" bev="0" fileid="2" />
                <SequencePoint vc="0" uspid="180" ordinal="0" offset="1001" sl="208" sc="0" el="208" ec="0" bec="0" bev="0" fileid="2" />
                <SequencePoint vc="0" uspid="181" ordinal="0" offset="1005" sl="209" sc="0" el="209" ec="0" bec="0" bev="0" fileid="2" />
              </SequencePoints>
              <BranchPoints />
            </Method>
          </Methods>
        </Class>
        <Class>
          <Summary numSequencePoints="52" visitedSequencePoints="0" numBranchPoints="0" visitedBranchPoints="0" sequenceCoverage="0.0" branchCoverage="0.0" maxCyclomaticComplexity="0" minCyclomaticComplexity="0" maxCrapScore="0" minCrapScore="0" visitedClasses="0" numClasses="1" visitedMethods="0" numMethods="5" />
          <FullName>Boundary</FullName>
          <Methods>
            <Method visited="false" cyclomaticComplexity="0" nPathComplexity="0" sequenceCoverage="0.0" branchCoverage="0" crapScore="0" isConstructor="false" isStatic="false" isGetter="false" isSetter="false">
              <Summary numSequencePoints="3" visitedSequencePoints="0" numBranchPoints="0" visitedBranchPoints="0" sequenceCoverage="0.0" branchCoverage="0" maxCyclomaticComplexity="0" minCyclomaticComplexity="0" maxCrapScore="0" minCrapScore="0" visitedClasses="0" numClasses="0" visitedMethods="0" numMethods="1" />
              <MetadataToken>100663307</MetadataToken>
              <Name>System.Void Boundary::Start()</Name>
              <FileRef uid="3" />
              <SequencePoints>
                <SequencePoint vc="0" uspid="182" ordinal="0" offset="0" sl="15" sc="0" el="15" ec="0" bec="0" bev="0" fileid="3" />
                <SequencePoint vc="0" uspid="183" ordinal="0" offset="1" sl="16" sc="0" el="16" ec="0" bec="0" bev="0" fileid="3" />
                <SequencePoint vc="0" uspid="184" ordinal="0" offset="8" sl="17" sc="0" el="17" ec="0" bec="0" bev="0" fileid="3" />
              </SequencePoints>
              <BranchPoints />
            </Method>
            <Method visited="false" cyclomaticComplexity="0" nPathComplexity="0" sequenceCoverage="0.0" branchCoverage="0" crapScore="0" isConstructor="false" isStatic="false" isGetter="false" isSetter="false">
              <Summary numSequencePoints="8" visitedSequencePoints="0" numBranchPoints="0" visitedBranchPoints="0" sequenceCoverage="0.0" branchCoverage="0" maxCyclomaticComplexity="0" minCyclomaticComplexity="0" maxCrapScore="0" minCrapScore="0" visitedClasses="0" numClasses="0" visitedMethods="0" numMethods="1" />
              <MetadataToken>100663308</MetadataToken>
              <Name>System.Void Boundary::Update()</Name>
              <FileRef uid="3" />
              <SequencePoints>
                <SequencePoint vc="0" uspid="185" ordinal="0" offset="0" sl="20" sc="0" el="20" ec="0" bec="0" bev="0" fileid="3" />
                <SequencePoint vc="0" uspid="186" ordinal="0" offset="1" sl="21" sc="0" el="21" ec="0" bec="0" bev="0" fileid="3" />
                <SequencePoint vc="0" uspid="187" ordinal="0" offset="39" sl="22" sc="0" el="22" ec="0" bec="0" bev="0" fileid="3" />
                <SequencePoint vc="0" uspid="188" ordinal="0" offset="40" sl="23" sc="0" el="23" ec="0" bec="0" bev="0" fileid="3" />
                <SequencePoint vc="0" uspid="189" ordinal="0" offset="47" sl="24" sc="0" el="24" ec="0" bec="0" bev="0" fileid="3" />
                <SequencePoint vc="0" uspid="190" ordinal="0" offset="59" sl="25" sc="0" el="25" ec="0" bec="0" bev="0" fileid="3" />
                <SequencePoint vc="0" uspid="191" ordinal="0" offset="71" sl="26" sc="0" el="26" ec="0" bec="0" bev="0" fileid="3" />
                <SequencePoint vc="0" uspid="192" ordinal="0" offset="72" sl="27" sc="0" el="27" ec="0" bec="0" bev="0" fileid="3" />
              </SequencePoints>
              <BranchPoints />
            </Method>
            <Method visited="false" cyclomaticComplexity="0" nPathComplexity="0" sequenceCoverage="0.0" branchCoverage="0" crapScore="0" isConstructor="false" isStatic="false" isGetter="false" isSetter="false">
              <Summary numSequencePoints="33" visitedSequencePoints="0" numBranchPoints="0" visitedBranchPoints="0" sequenceCoverage="0.0" branchCoverage="0" maxCyclomaticComplexity="0" minCyclomaticComplexity="0" maxCrapScore="0" minCrapScore="0" visitedClasses="0" numClasses="0" visitedMethods="0" numMethods="1" />
              <MetadataToken>100663309</MetadataToken>
              <Name>System.Void Boundary::RebuildWall()</Name>
              <FileRef uid="3" />
              <SequencePoints>
                <SequencePoint vc="0" uspid="193" ordinal="0" offset="0" sl="38" sc="0" el="38" ec="0" bec="0" bev="0" fileid="3" />
                <SequencePoint vc="0" uspid="194" ordinal="0" offset="1" sl="39" sc="0" el="39" ec="0" bec="0" bev="0" fileid="3" />
                <SequencePoint vc="0" uspid="195" ordinal="0" offset="7" sl="40" sc="0" el="40" ec="0" bec="0" bev="0" fileid="3" />
                <SequencePoint vc="0" uspid="196" ordinal="0" offset="8" sl="40" sc="0" el="40" ec="0" bec="0" bev="0" fileid="3" />
                <SequencePoint vc="0" uspid="197" ordinal="0" offset="22" sl="40" sc="0" el="40" ec="0" bec="0" bev="0" fileid="3" />
                <SequencePoint vc="0" uspid="198" ordinal="0" offset="34" sl="41" sc="0" el="41" ec="0" bec="0" bev="0" fileid="3" />
                <SequencePoint vc="0" uspid="199" ordinal="0" offset="35" sl="42" sc="0" el="42" ec="0" bec="0" bev="0" fileid="3" />
                <SequencePoint vc="0" uspid="200" ordinal="0" offset="43" sl="43" sc="0" el="43" ec="0" bec="0" bev="0" fileid="3" />
                <SequencePoint vc="0" uspid="201" ordinal="0" offset="44" sl="40" sc="0" el="40" ec="0" bec="0" bev="0" fileid="3" />
                <SequencePoint vc="0" uspid="202" ordinal="0" offset="72" sl="44" sc="0" el="44" ec="0" bec="0" bev="0" fileid="3" />
                <SequencePoint vc="0" uspid="203" ordinal="0" offset="73" sl="44" sc="0" el="44" ec="0" bec="0" bev="0" fileid="3" />
                <SequencePoint vc="0" uspid="204" ordinal="0" offset="83" sl="44" sc="0" el="44" ec="0" bec="0" bev="0" fileid="3" />
                <SequencePoint vc="0" uspid="205" ordinal="0" offset="92" sl="45" sc="0" el="45" ec="0" bec="0" bev="0" fileid="3" />
                <SequencePoint vc="0" uspid="206" ordinal="0" offset="105" sl="44" sc="0" el="44" ec="0" bec="0" bev="0" fileid="3" />
                <SequencePoint vc="0" uspid="207" ordinal="0" offset="131" sl="46" sc="0" el="46" ec="0" bec="0" bev="0" fileid="3" />
                <SequencePoint vc="0" uspid="208" ordinal="0" offset="139" sl="47" sc="0" el="47" ec="0" bec="0" bev="0" fileid="3" />
                <SequencePoint vc="0" uspid="209" ordinal="0" offset="140" sl="48" sc="0" el="48" ec="0" bec="0" bev="0" fileid="3" />
                <SequencePoint vc="0" uspid="210" ordinal="0" offset="148" sl="49" sc="0" el="49" ec="0" bec="0" bev="0" fileid="3" />
                <SequencePoint vc="0" uspid="211" ordinal="0" offset="149" sl="50" sc="0" el="50" ec="0" bec="0" bev="0" fileid="3" />
                <SequencePoint vc="0" uspid="212" ordinal="0" offset="190" sl="51" sc="0" el="51" ec="0" bec="0" bev="0" fileid="3" />
                <SequencePoint vc="0" uspid="213" ordinal="0" offset="191" sl="52" sc="0" el="52" ec="0" bec="0" bev="0" fileid="3" />
                <SequencePoint vc="0" uspid="214" ordinal="0" offset="209" sl="54" sc="0" el="54" ec="0" bec="0" bev="0" fileid="3" />
                <SequencePoint vc="0" uspid="215" ordinal="0" offset="228" sl="55" sc="0" el="55" ec="0" bec="0" bev="0" fileid="3" />
                <SequencePoint vc="0" uspid="216" ordinal="0" offset="243" sl="56" sc="0" el="56" ec="0" bec="0" bev="0" fileid="3" />
                <SequencePoint vc="0" uspid="217" ordinal="0" offset="256" sl="57" sc="0" el="57" ec="0" bec="0" bev="0" fileid="3" />
                <SequencePoint vc="0" uspid="218" ordinal="0" offset="269" sl="58" sc="0" el="58" ec="0" bec="0" bev="0" fileid="3" />
                <SequencePoint vc="0" uspid="219" ordinal="0" offset="270" sl="59" sc="0" el="59" ec="0" bec="0" bev="0" fileid="3" />
                <SequencePoint vc="0" uspid="220" ordinal="0" offset="271" sl="48" sc="0" el="48" ec="0" bec="0" bev="0" fileid="3" />
                <SequencePoint vc="0" uspid="221" ordinal="0" offset="277" sl="48" sc="0" el="48" ec="0" bec="0" bev="0" fileid="3" />
                <SequencePoint vc="0" uspid="222" ordinal="0" offset="296" sl="60" sc="0" el="60" ec="0" bec="0" bev="0" fileid="3" />
                <SequencePoint vc="0" uspid="223" ordinal="0" offset="297" sl="46" sc="0" el="46" ec="0" bec="0" bev="0" fileid="3" />
                <SequencePoint vc="0" uspid="224" ordinal="0" offset="303" sl="46" sc="0" el="46" ec="0" bec="0" bev="0" fileid="3" />
                <SequencePoint vc="0" uspid="225" ordinal="0" offset="322" sl="61" sc="0" el="61" ec="0" bec="0" bev="0" fileid="3" />
              </SequencePoints>
              <BranchPoints />
            </Method>
            <Method visited="false" cyclomaticComplexity="0" nPathComplexity="0" sequenceCoverage="0.0" branchCoverage="0" crapScore="0" isConstructor="false" isStatic="false" isGetter="false" isSetter="false">
              <Summary numSequencePoints="4" visitedSequencePoints="0" numBranchPoints="0" visitedBranchPoints="0" sequenceCoverage="0.0" branchCoverage="0" maxCyclomaticComplexity="0" minCyclomaticComplexity="0" maxCrapScore="0" minCrapScore="0" visitedClasses="0" numClasses="0" visitedMethods="0" numMethods="1" />
              <MetadataToken>100663310</MetadataToken>
              <Name>System.Void Boundary::OnValidate()</Name>
              <FileRef uid="3" />
              <SequencePoints>
                <SequencePoint vc="0" uspid="226" ordinal="0" offset="0" sl="64" sc="0" el="64" ec="0" bec="0" bev="0" fileid="3" />
                <SequencePoint vc="0" uspid="227" ordinal="0" offset="1" sl="65" sc="0" el="65" ec="0" bec="0" bev="0" fileid="3" />
                <SequencePoint vc="0" uspid="228" ordinal="0" offset="19" sl="66" sc="0" el="66" ec="0" bec="0" bev="0" fileid="3" />
                <SequencePoint vc="0" uspid="229" ordinal="0" offset="37" sl="67" sc="0" el="67" ec="0" bec="0" bev="0" fileid="3" />
              </SequencePoints>
              <BranchPoints />
            </Method>
            <Method visited="false" cyclomaticComplexity="0" nPathComplexity="0" sequenceCoverage="0.0" branchCoverage="0" crapScore="0" isConstructor="true" isStatic="false" isGetter="false" isSetter="false">
              <Summary numSequencePoints="4" visitedSequencePoints="0" numBranchPoints="0" visitedBranchPoints="0" sequenceCoverage="0.0" branchCoverage="0" maxCyclomaticComplexity="0" minCyclomaticComplexity="0" maxCrapScore="0" minCrapScore="0" visitedClasses="0" numClasses="0" visitedMethods="0" numMethods="1" />
              <MetadataToken>100663311</MetadataToken>
              <Name>Boundary::Boundary()</Name>
              <FileRef uid="3" />
              <SequencePoints>
                <SequencePoint vc="0" uspid="230" ordinal="0" offset="0" sl="8" sc="0" el="8" ec="0" bec="0" bev="0" fileid="3" />
                <SequencePoint vc="0" uspid="231" ordinal="0" offset="7" sl="9" sc="0" el="9" ec="0" bec="0" bev="0" fileid="3" />
                <SequencePoint vc="0" uspid="232" ordinal="0" offset="14" sl="11" sc="0" el="11" ec="0" bec="0" bev="0" fileid="3" />
                <SequencePoint vc="0" uspid="233" ordinal="0" offset="21" sl="12" sc="0" el="12" ec="0" bec="0" bev="0" fileid="3" />
              </SequencePoints>
              <BranchPoints />
            </Method>
          </Methods>
        </Class>
        <Class>
          <Summary numSequencePoints="67" visitedSequencePoints="0" numBranchPoints="0" visitedBranchPoints="0" sequenceCoverage="0.0" branchCoverage="0.0" maxCyclomaticComplexity="0" minCyclomaticComplexity="0" maxCrapScore="0" minCrapScore="0" visitedClasses="0" numClasses="1" visitedMethods="0" numMethods="5" />
          <FullName>BulletScript</FullName>
          <Methods>
            <Method visited="false" cyclomaticComplexity="0" nPathComplexity="0" sequenceCoverage="0.0" branchCoverage="0" crapScore="0" isConstructor="false" isStatic="false" isGetter="false" isSetter="false">
              <Summary numSequencePoints="15" visitedSequencePoints="0" numBranchPoints="0" visitedBranchPoints="0" sequenceCoverage="0.0" branchCoverage="0" maxCyclomaticComplexity="0" minCyclomaticComplexity="0" maxCrapScore="0" minCrapScore="0" visitedClasses="0" numClasses="0" visitedMethods="0" numMethods="1" />
              <MetadataToken>100663312</MetadataToken>
              <Name>System.Void BulletScript::Start()</Name>
              <FileRef uid="4" />
              <SequencePoints>
                <SequencePoint vc="0" uspid="234" ordinal="0" offset="0" sl="12" sc="0" el="12" ec="0" bec="0" bev="0" fileid="4" />
                <SequencePoint vc="0" uspid="235" ordinal="0" offset="1" sl="13" sc="0" el="13" ec="0" bec="0" bev="0" fileid="4" />
                <SequencePoint vc="0" uspid="236" ordinal="0" offset="23" sl="16" sc="0" el="16" ec="0" bec="0" bev="0" fileid="4" />
                <SequencePoint vc="0" uspid="237" ordinal="0" offset="52" sl="17" sc="0" el="17" ec="0" bec="0" bev="0" fileid="4" />
                <SequencePoint vc="0" uspid="238" ordinal="0" offset="53" sl="18" sc="0" el="18" ec="0" bec="0" bev="0" fileid="4" />
                <SequencePoint vc="0" uspid="239" ordinal="0" offset="60" sl="19" sc="0" el="19" ec="0" bec="0" bev="0" fileid="4" />
                <SequencePoint vc="0" uspid="240" ordinal="0" offset="61" sl="21" sc="0" el="21" ec="0" bec="0" bev="0" fileid="4" />
                <SequencePoint vc="0" uspid="241" ordinal="0" offset="91" sl="23" sc="0" el="23" ec="0" bec="0" bev="0" fileid="4" />
                <SequencePoint vc="0" uspid="242" ordinal="0" offset="118" sl="24" sc="0" el="24" ec="0" bec="0" bev="0" fileid="4" />
                <SequencePoint vc="0" uspid="243" ordinal="0" offset="119" sl="25" sc="0" el="25" ec="0" bec="0" bev="0" fileid="4" />
                <SequencePoint vc="0" uspid="244" ordinal="0" offset="131" sl="26" sc="0" el="26" ec="0" bec="0" bev="0" fileid="4" />
                <SequencePoint vc="0" uspid="245" ordinal="0" offset="148" sl="27" sc="0" el="27" ec="0" bec="0" bev="0" fileid="4" />
                <SequencePoint vc="0" uspid="246" ordinal="0" offset="165" sl="28" sc="0" el="28" ec="0" bec="0" bev="0" fileid="4" />
                <SequencePoint vc="0" uspid="247" ordinal="0" offset="166" sl="30" sc="0" el="30" ec="0" bec="0" bev="0" fileid="4" />
                <SequencePoint vc="0" uspid="248" ordinal="0" offset="183" sl="31" sc="0" el="31" ec="0" bec="0" bev="0" fileid="4" />
              </SequencePoints>
              <BranchPoints />
            </Method>
            <Method visited="false" cyclomaticComplexity="0" nPathComplexity="0" sequenceCoverage="0.0" branchCoverage="0" crapScore="0" isConstructor="false" isStatic="false" isGetter="false" isSetter="false">
              <Summary numSequencePoints="14" visitedSequencePoints="0" numBranchPoints="0" visitedBranchPoints="0" sequenceCoverage="0.0" branchCoverage="0" maxCyclomaticComplexity="0" minCyclomaticComplexity="0" maxCrapScore="0" minCrapScore="0" visitedClasses="0" numClasses="0" visitedMethods="0" numMethods="1" />
              <MetadataToken>100663313</MetadataToken>
              <Name>System.Void BulletScript::Update()</Name>
              <FileRef uid="4" />
              <SequencePoints>
                <SequencePoint vc="0" uspid="249" ordinal="0" offset="0" sl="34" sc="0" el="34" ec="0" bec="0" bev="0" fileid="4" />
                <SequencePoint vc="0" uspid="250" ordinal="0" offset="1" sl="35" sc="0" el="35" ec="0" bec="0" bev="0" fileid="4" />
                <SequencePoint vc="0" uspid="251" ordinal="0" offset="51" sl="37" sc="0" el="37" ec="0" bec="0" bev="0" fileid="4" />
                <SequencePoint vc="0" uspid="252" ordinal="0" offset="69" sl="39" sc="0" el="39" ec="0" bec="0" bev="0" fileid="4" />
                <SequencePoint vc="0" uspid="253" ordinal="0" offset="99" sl="41" sc="0" el="41" ec="0" bec="0" bev="0" fileid="4" />
                <SequencePoint vc="0" uspid="254" ordinal="0" offset="116" sl="42" sc="0" el="42" ec="0" bec="0" bev="0" fileid="4" />
                <SequencePoint vc="0" uspid="255" ordinal="0" offset="117" sl="43" sc="0" el="43" ec="0" bec="0" bev="0" fileid="4" />
                <SequencePoint vc="0" uspid="256" ordinal="0" offset="125" sl="44" sc="0" el="44" ec="0" bec="0" bev="0" fileid="4" />
                <SequencePoint vc="0" uspid="257" ordinal="0" offset="126" sl="46" sc="0" el="46" ec="0" bec="0" bev="0" fileid="4" />
                <SequencePoint vc="0" uspid="258" ordinal="0" offset="137" sl="47" sc="0" el="47" ec="0" bec="0" bev="0" fileid="4" />
                <SequencePoint vc="0" uspid="259" ordinal="0" offset="138" sl="48" sc="0" el="48" ec="0" bec="0" bev="0" fileid="4" />
                <SequencePoint vc="0" uspid="260" ordinal="0" offset="161" sl="49" sc="0" el="49" ec="0" bec="0" bev="0" fileid="4" />
                <SequencePoint vc="0" uspid="261" ordinal="0" offset="162" sl="51" sc="0" el="51" ec="0" bec="0" bev="0" fileid="4" />
                <SequencePoint vc="0" uspid="262" ordinal="0" offset="184" sl="52" sc="0" el="52" ec="0" bec="0" bev="0" fileid="4" />
              </SequencePoints>
              <BranchPoints />
            </Method>
            <Method visited="false" cyclomaticComplexity="0" nPathComplexity="0" sequenceCoverage="0.0" branchCoverage="0" crapScore="0" isConstructor="false" isStatic="false" isGetter="false" isSetter="false">
              <Summary numSequencePoints="10" visitedSequencePoints="0" numBranchPoints="0" visitedBranchPoints="0" sequenceCoverage="0.0" branchCoverage="0" maxCyclomaticComplexity="0" minCyclomaticComplexity="0" maxCrapScore="0" minCrapScore="0" visitedClasses="0" numClasses="0" visitedMethods="0" numMethods="1" />
              <MetadataToken>100663314</MetadataToken>
              <Name>System.Void BulletScript::Parry(UnityEngine.RaycastHit2D)</Name>
              <FileRef uid="4" />
              <SequencePoints>
                <SequencePoint vc="0" uspid="263" ordinal="0" offset="0" sl="54" sc="0" el="54" ec="0" bec="0" bev="0" fileid="4" />
                <SequencePoint vc="0" uspid="264" ordinal="0" offset="1" sl="55" sc="0" el="55" ec="0" bec="0" bev="0" fileid="4" />
                <SequencePoint vc="0" uspid="265" ordinal="0" offset="18" sl="56" sc="0" el="56" ec="0" bec="0" bev="0" fileid="4" />
                <SequencePoint vc="0" uspid="266" ordinal="0" offset="64" sl="58" sc="0" el="58" ec="0" bec="0" bev="0" fileid="4" />
                <SequencePoint vc="0" uspid="267" ordinal="0" offset="80" sl="59" sc="0" el="59" ec="0" bec="0" bev="0" fileid="4" />
                <SequencePoint vc="0" uspid="268" ordinal="0" offset="81" sl="60" sc="0" el="60" ec="0" bec="0" bev="0" fileid="4" />
                <SequencePoint vc="0" uspid="269" ordinal="0" offset="93" sl="61" sc="0" el="61" ec="0" bec="0" bev="0" fileid="4" />
                <SequencePoint vc="0" uspid="270" ordinal="0" offset="110" sl="62" sc="0" el="62" ec="0" bec="0" bev="0" fileid="4" />
                <SequencePoint vc="0" uspid="271" ordinal="0" offset="127" sl="63" sc="0" el="63" ec="0" bec="0" bev="0" fileid="4" />
                <SequencePoint vc="0" uspid="272" ordinal="0" offset="128" sl="64" sc="0" el="64" ec="0" bec="0" bev="0" fileid="4" />
              </SequencePoints>
              <BranchPoints />
            </Method>
            <Method visited="false" cyclomaticComplexity="0" nPathComplexity="0" sequenceCoverage="0.0" branchCoverage="0" crapScore="0" isConstructor="false" isStatic="false" isGetter="false" isSetter="false">
              <Summary numSequencePoints="19" visitedSequencePoints="0" numBranchPoints="0" visitedBranchPoints="0" sequenceCoverage="0.0" branchCoverage="0" maxCyclomaticComplexity="0" minCyclomaticComplexity="0" maxCrapScore="0" minCrapScore="0" visitedClasses="0" numClasses="0" visitedMethods="0" numMethods="1" />
              <MetadataToken>100663315</MetadataToken>
              <Name>System.Void BulletScript::HandleCollision(UnityEngine.RaycastHit2D)</Name>
              <FileRef uid="4" />
              <SequencePoints>
                <SequencePoint vc="0" uspid="273" ordinal="0" offset="0" sl="66" sc="0" el="66" ec="0" bec="0" bev="0" fileid="4" />
                <SequencePoint vc="0" uspid="274" ordinal="0" offset="1" sl="67" sc="0" el="67" ec="0" bec="0" bev="0" fileid="4" />
                <SequencePoint vc="0" uspid="275" ordinal="0" offset="19" sl="68" sc="0" el="68" ec="0" bec="0" bev="0" fileid="4" />
                <SequencePoint vc="0" uspid="276" ordinal="0" offset="27" sl="69" sc="0" el="69" ec="0" bec="0" bev="0" fileid="4" />
                <SequencePoint vc="0" uspid="277" ordinal="0" offset="28" sl="70" sc="0" el="70" ec="0" bec="0" bev="0" fileid="4" />
                <SequencePoint vc="0" uspid="278" ordinal="0" offset="53" sl="71" sc="0" el="71" ec="0" bec="0" bev="0" fileid="4" />
                <SequencePoint vc="0" uspid="279" ordinal="0" offset="65" sl="72" sc="0" el="72" ec="0" bec="0" bev="0" fileid="4" />
                <SequencePoint vc="0" uspid="280" ordinal="0" offset="77" sl="73" sc="0" el="73" ec="0" bec="0" bev="0" fileid="4" />
                <SequencePoint vc="0" uspid="281" ordinal="0" offset="87" sl="74" sc="0" el="74" ec="0" bec="0" bev="0" fileid="4" />
                <SequencePoint vc="0" uspid="282" ordinal="0" offset="88" sl="75" sc="0" el="75" ec="0" bec="0" bev="0" fileid="4" />
                <SequencePoint vc="0" uspid="283" ordinal="0" offset="96" sl="76" sc="0" el="76" ec="0" bec="0" bev="0" fileid="4" />
                <SequencePoint vc="0" uspid="284" ordinal="0" offset="97" sl="77" sc="0" el="77" ec="0" bec="0" bev="0" fileid="4" />
                <SequencePoint vc="0" uspid="285" ordinal="0" offset="109" sl="78" sc="0" el="78" ec="0" bec="0" bev="0" fileid="4" />
                <SequencePoint vc="0" uspid="286" ordinal="0" offset="116" sl="79" sc="0" el="79" ec="0" bec="0" bev="0" fileid="4" />
                <SequencePoint vc="0" uspid="287" ordinal="0" offset="119" sl="80" sc="0" el="80" ec="0" bec="0" bev="0" fileid="4" />
                <SequencePoint vc="0" uspid="288" ordinal="0" offset="140" sl="81" sc="0" el="81" ec="0" bec="0" bev="0" fileid="4" />
                <SequencePoint vc="0" uspid="289" ordinal="0" offset="141" sl="82" sc="0" el="82" ec="0" bec="0" bev="0" fileid="4" />
                <SequencePoint vc="0" uspid="290" ordinal="0" offset="148" sl="83" sc="0" el="83" ec="0" bec="0" bev="0" fileid="4" />
                <SequencePoint vc="0" uspid="291" ordinal="0" offset="149" sl="84" sc="0" el="84" ec="0" bec="0" bev="0" fileid="4" />
              </SequencePoints>
              <BranchPoints />
            </Method>
            <Method visited="false" cyclomaticComplexity="0" nPathComplexity="0" sequenceCoverage="0.0" branchCoverage="0" crapScore="0" isConstructor="false" isStatic="false" isGetter="false" isSetter="false">
              <Summary numSequencePoints="9" visitedSequencePoints="0" numBranchPoints="0" visitedBranchPoints="0" sequenceCoverage="0.0" branchCoverage="0" maxCyclomaticComplexity="0" minCyclomaticComplexity="0" maxCrapScore="0" minCrapScore="0" visitedClasses="0" numClasses="0" visitedMethods="0" numMethods="1" />
              <MetadataToken>100663316</MetadataToken>
              <Name>System.Void BulletScript::EndPath()</Name>
              <FileRef uid="4" />
              <SequencePoints>
                <SequencePoint vc="0" uspid="292" ordinal="0" offset="0" sl="87" sc="0" el="87" ec="0" bec="0" bev="0" fileid="4" />
                <SequencePoint vc="0" uspid="293" ordinal="0" offset="1" sl="88" sc="0" el="88" ec="0" bec="0" bev="0" fileid="4" />
                <SequencePoint vc="0" uspid="294" ordinal="0" offset="14" sl="89" sc="0" el="89" ec="0" bec="0" bev="0" fileid="4" />
                <SequencePoint vc="0" uspid="295" ordinal="0" offset="27" sl="90" sc="0" el="90" ec="0" bec="0" bev="0" fileid="4" />
                <SequencePoint vc="0" uspid="296" ordinal="0" offset="38" sl="91" sc="0" el="91" ec="0" bec="0" bev="0" fileid="4" />
                <SequencePoint vc="0" uspid="297" ordinal="0" offset="54" sl="92" sc="0" el="92" ec="0" bec="0" bev="0" fileid="4" />
                <SequencePoint vc="0" uspid="298" ordinal="0" offset="71" sl="93" sc="0" el="93" ec="0" bec="0" bev="0" fileid="4" />
                <SequencePoint vc="0" uspid="299" ordinal="0" offset="88" sl="94" sc="0" el="94" ec="0" bec="0" bev="0" fileid="4" />
                <SequencePoint vc="0" uspid="300" ordinal="0" offset="96" sl="95" sc="0" el="95" ec="0" bec="0" bev="0" fileid="4" />
              </SequencePoints>
              <BranchPoints />
            </Method>
          </Methods>
        </Class>
        <Class>
          <Summary numSequencePoints="29" visitedSequencePoints="0" numBranchPoints="0" visitedBranchPoints="0" sequenceCoverage="0.0" branchCoverage="0.0" maxCyclomaticComplexity="0" minCyclomaticComplexity="0" maxCrapScore="0" minCrapScore="0" visitedClasses="0" numClasses="1" visitedMethods="0" numMethods="3" />
          <FullName>BulletTrail</FullName>
          <Methods>
            <Method visited="false" cyclomaticComplexity="0" nPathComplexity="0" sequenceCoverage="0.0" branchCoverage="0" crapScore="0" isConstructor="false" isStatic="false" isGetter="false" isSetter="false">
              <Summary numSequencePoints="7" visitedSequencePoints="0" numBranchPoints="0" visitedBranchPoints="0" sequenceCoverage="0.0" branchCoverage="0" maxCyclomaticComplexity="0" minCyclomaticComplexity="0" maxCrapScore="0" minCrapScore="0" visitedClasses="0" numClasses="0" visitedMethods="0" numMethods="1" />
              <MetadataToken>100663318</MetadataToken>
              <Name>System.Void BulletTrail::Start()</Name>
              <FileRef uid="5" />
              <SequencePoints>
                <SequencePoint vc="0" uspid="301" ordinal="0" offset="0" sl="19" sc="0" el="19" ec="0" bec="0" bev="0" fileid="5" />
                <SequencePoint vc="0" uspid="302" ordinal="0" offset="1" sl="20" sc="0" el="20" ec="0" bec="0" bev="0" fileid="5" />
                <SequencePoint vc="0" uspid="303" ordinal="0" offset="17" sl="21" sc="0" el="21" ec="0" bec="0" bev="0" fileid="5" />
                <SequencePoint vc="0" uspid="304" ordinal="0" offset="18" sl="22" sc="0" el="22" ec="0" bec="0" bev="0" fileid="5" />
                <SequencePoint vc="0" uspid="305" ordinal="0" offset="35" sl="23" sc="0" el="23" ec="0" bec="0" bev="0" fileid="5" />
                <SequencePoint vc="0" uspid="306" ordinal="0" offset="36" sl="25" sc="0" el="25" ec="0" bec="0" bev="0" fileid="5" />
                <SequencePoint vc="0" uspid="307" ordinal="0" offset="43" sl="26" sc="0" el="26" ec="0" bec="0" bev="0" fileid="5" />
              </SequencePoints>
              <BranchPoints />
            </Method>
            <Method visited="false" cyclomaticComplexity="0" nPathComplexity="0" sequenceCoverage="0.0" branchCoverage="0" crapScore="0" isConstructor="false" isStatic="false" isGetter="false" isSetter="false">
              <Summary numSequencePoints="17" visitedSequencePoints="0" numBranchPoints="0" visitedBranchPoints="0" sequenceCoverage="0.0" branchCoverage="0" maxCyclomaticComplexity="0" minCyclomaticComplexity="0" maxCrapScore="0" minCrapScore="0" visitedClasses="0" numClasses="0" visitedMethods="0" numMethods="1" />
              <MetadataToken>100663319</MetadataToken>
              <Name>System.Void BulletTrail::SetupTrail()</Name>
              <FileRef uid="5" />
              <SequencePoints>
                <SequencePoint vc="0" uspid="308" ordinal="0" offset="0" sl="29" sc="0" el="29" ec="0" bec="0" bev="0" fileid="5" />
                <SequencePoint vc="0" uspid="309" ordinal="0" offset="1" sl="30" sc="0" el="30" ec="0" bec="0" bev="0" fileid="5" />
                <SequencePoint vc="0" uspid="310" ordinal="0" offset="19" sl="31" sc="0" el="31" ec="0" bec="0" bev="0" fileid="5" />
                <SequencePoint vc="0" uspid="311" ordinal="0" offset="37" sl="32" sc="0" el="32" ec="0" bec="0" bev="0" fileid="5" />
                <SequencePoint vc="0" uspid="312" ordinal="0" offset="55" sl="34" sc="0" el="34" ec="0" bec="0" bev="0" fileid="5" />
                <SequencePoint vc="0" uspid="313" ordinal="0" offset="61" sl="35" sc="0" el="35" ec="0" bec="0" bev="0" fileid="5" />
                <SequencePoint vc="0" uspid="314" ordinal="0" offset="170" sl="45" sc="0" el="45" ec="0" bec="0" bev="0" fileid="5" />
                <SequencePoint vc="0" uspid="315" ordinal="0" offset="183" sl="47" sc="0" el="47" ec="0" bec="0" bev="0" fileid="5" />
                <SequencePoint vc="0" uspid="316" ordinal="0" offset="199" sl="48" sc="0" el="48" ec="0" bec="0" bev="0" fileid="5" />
                <SequencePoint vc="0" uspid="317" ordinal="0" offset="200" sl="49" sc="0" el="49" ec="0" bec="0" bev="0" fileid="5" />
                <SequencePoint vc="0" uspid="318" ordinal="0" offset="218" sl="50" sc="0" el="50" ec="0" bec="0" bev="0" fileid="5" />
                <SequencePoint vc="0" uspid="319" ordinal="0" offset="219" sl="52" sc="0" el="52" ec="0" bec="0" bev="0" fileid="5" />
                <SequencePoint vc="0" uspid="320" ordinal="0" offset="232" sl="53" sc="0" el="53" ec="0" bec="0" bev="0" fileid="5" />
                <SequencePoint vc="0" uspid="321" ordinal="0" offset="245" sl="54" sc="0" el="54" ec="0" bec="0" bev="0" fileid="5" />
                <SequencePoint vc="0" uspid="322" ordinal="0" offset="258" sl="55" sc="0" el="55" ec="0" bec="0" bev="0" fileid="5" />
                <SequencePoint vc="0" uspid="323" ordinal="0" offset="271" sl="56" sc="0" el="56" ec="0" bec="0" bev="0" fileid="5" />
                <SequencePoint vc="0" uspid="324" ordinal="0" offset="288" sl="57" sc="0" el="57" ec="0" bec="0" bev="0" fileid="5" />
              </SequencePoints>
              <BranchPoints />
            </Method>
            <Method visited="false" cyclomaticComplexity="0" nPathComplexity="0" sequenceCoverage="0.0" branchCoverage="0" crapScore="0" isConstructor="true" isStatic="false" isGetter="false" isSetter="false">
              <Summary numSequencePoints="5" visitedSequencePoints="0" numBranchPoints="0" visitedBranchPoints="0" sequenceCoverage="0.0" branchCoverage="0" maxCyclomaticComplexity="0" minCyclomaticComplexity="0" maxCrapScore="0" minCrapScore="0" visitedClasses="0" numClasses="0" visitedMethods="0" numMethods="1" />
              <MetadataToken>100663320</MetadataToken>
              <Name>BulletTrail::BulletTrail()</Name>
              <FileRef uid="5" />
              <SequencePoints>
                <SequencePoint vc="0" uspid="325" ordinal="0" offset="0" sl="9" sc="0" el="9" ec="0" bec="0" bev="0" fileid="5" />
                <SequencePoint vc="0" uspid="326" ordinal="0" offset="11" sl="10" sc="0" el="10" ec="0" bec="0" bev="0" fileid="5" />
                <SequencePoint vc="0" uspid="327" ordinal="0" offset="42" sl="13" sc="0" el="13" ec="0" bec="0" bev="0" fileid="5" />
                <SequencePoint vc="0" uspid="328" ordinal="0" offset="53" sl="14" sc="0" el="14" ec="0" bec="0" bev="0" fileid="5" />
                <SequencePoint vc="0" uspid="329" ordinal="0" offset="64" sl="15" sc="0" el="15" ec="0" bec="0" bev="0" fileid="5" />
              </SequencePoints>
              <BranchPoints />
            </Method>
          </Methods>
        </Class>
        <Class>
          <Summary numSequencePoints="3" visitedSequencePoints="0" numBranchPoints="0" visitedBranchPoints="0" sequenceCoverage="0.0" branchCoverage="0.0" maxCyclomaticComplexity="0" minCyclomaticComplexity="0" maxCrapScore="0" minCrapScore="0" visitedClasses="0" numClasses="1" visitedMethods="0" numMethods="1" />
          <FullName>ClockManager</FullName>
          <Methods>
            <Method visited="false" cyclomaticComplexity="0" nPathComplexity="0" sequenceCoverage="0.0" branchCoverage="0" crapScore="0" isConstructor="false" isStatic="false" isGetter="false" isSetter="false">
              <Summary numSequencePoints="3" visitedSequencePoints="0" numBranchPoints="0" visitedBranchPoints="0" sequenceCoverage="0.0" branchCoverage="0" maxCyclomaticComplexity="0" minCyclomaticComplexity="0" maxCrapScore="0" minCrapScore="0" visitedClasses="0" numClasses="0" visitedMethods="0" numMethods="1" />
              <MetadataToken>100663321</MetadataToken>
              <Name>System.Void ClockManager::Update()</Name>
              <FileRef uid="6" />
              <SequencePoints>
                <SequencePoint vc="0" uspid="330" ordinal="0" offset="0" sl="11" sc="0" el="11" ec="0" bec="0" bev="0" fileid="6" />
                <SequencePoint vc="0" uspid="331" ordinal="0" offset="1" sl="12" sc="0" el="12" ec="0" bec="0" bev="0" fileid="6" />
                <SequencePoint vc="0" uspid="332" ordinal="0" offset="46" sl="13" sc="0" el="13" ec="0" bec="0" bev="0" fileid="6" />
              </SequencePoints>
              <BranchPoints />
            </Method>
          </Methods>
        </Class>
        <Class>
          <Summary numSequencePoints="3" visitedSequencePoints="0" numBranchPoints="0" visitedBranchPoints="0" sequenceCoverage="0.0" branchCoverage="0.0" maxCyclomaticComplexity="0" minCyclomaticComplexity="0" maxCrapScore="0" minCrapScore="0" visitedClasses="0" numClasses="1" visitedMethods="0" numMethods="1" />
          <FullName>Description</FullName>
          <Methods>
            <Method visited="false" cyclomaticComplexity="0" nPathComplexity="0" sequenceCoverage="0.0" branchCoverage="0" crapScore="0" isConstructor="false" isStatic="false" isGetter="false" isSetter="false">
              <Summary numSequencePoints="3" visitedSequencePoints="0" numBranchPoints="0" visitedBranchPoints="0" sequenceCoverage="0.0" branchCoverage="0" maxCyclomaticComplexity="0" minCyclomaticComplexity="0" maxCrapScore="0" minCrapScore="0" visitedClasses="0" numClasses="0" visitedMethods="0" numMethods="1" />
              <MetadataToken>100663323</MetadataToken>
              <Name>System.Void Description::SetDescription(System.String)</Name>
              <FileRef uid="7" />
              <SequencePoints>
                <SequencePoint vc="0" uspid="333" ordinal="0" offset="0" sl="8" sc="0" el="8" ec="0" bec="0" bev="0" fileid="7" />
                <SequencePoint vc="0" uspid="334" ordinal="0" offset="1" sl="9" sc="0" el="9" ec="0" bec="0" bev="0" fileid="7" />
                <SequencePoint vc="0" uspid="335" ordinal="0" offset="8" sl="10" sc="0" el="10" ec="0" bec="0" bev="0" fileid="7" />
              </SequencePoints>
              <BranchPoints />
            </Method>
          </Methods>
        </Class>
        <Class>
          <Summary numSequencePoints="45" visitedSequencePoints="0" numBranchPoints="0" visitedBranchPoints="0" sequenceCoverage="0.0" branchCoverage="0.0" maxCyclomaticComplexity="0" minCyclomaticComplexity="0" maxCrapScore="0" minCrapScore="0" visitedClasses="0" numClasses="1" visitedMethods="0" numMethods="7" />
          <FullName>Door</FullName>
          <Methods>
            <Method visited="false" cyclomaticComplexity="0" nPathComplexity="0" sequenceCoverage="0.0" branchCoverage="0" crapScore="0" isConstructor="false" isStatic="false" isGetter="false" isSetter="false">
              <Summary numSequencePoints="4" visitedSequencePoints="0" numBranchPoints="0" visitedBranchPoints="0" sequenceCoverage="0.0" branchCoverage="0" maxCyclomaticComplexity="0" minCyclomaticComplexity="0" maxCrapScore="0" minCrapScore="0" visitedClasses="0" numClasses="0" visitedMethods="0" numMethods="1" />
              <MetadataToken>100663325</MetadataToken>
              <Name>System.Void Door::Awake()</Name>
              <FileRef uid="8" />
              <SequencePoints>
                <SequencePoint vc="0" uspid="336" ordinal="0" offset="0" sl="12" sc="0" el="12" ec="0" bec="0" bev="0" fileid="8" />
                <SequencePoint vc="0" uspid="337" ordinal="0" offset="1" sl="13" sc="0" el="13" ec="0" bec="0" bev="0" fileid="8" />
                <SequencePoint vc="0" uspid="338" ordinal="0" offset="13" sl="14" sc="0" el="14" ec="0" bec="0" bev="0" fileid="8" />
                <SequencePoint vc="0" uspid="339" ordinal="0" offset="25" sl="15" sc="0" el="15" ec="0" bec="0" bev="0" fileid="8" />
              </SequencePoints>
              <BranchPoints />
            </Method>
            <Method visited="false" cyclomaticComplexity="0" nPathComplexity="0" sequenceCoverage="0.0" branchCoverage="0" crapScore="0" isConstructor="false" isStatic="false" isGetter="false" isSetter="false">
              <Summary numSequencePoints="11" visitedSequencePoints="0" numBranchPoints="0" visitedBranchPoints="0" sequenceCoverage="0.0" branchCoverage="0" maxCyclomaticComplexity="0" minCyclomaticComplexity="0" maxCrapScore="0" minCrapScore="0" visitedClasses="0" numClasses="0" visitedMethods="0" numMethods="1" />
              <MetadataToken>100663326</MetadataToken>
              <Name>System.Void Door::Start()</Name>
              <FileRef uid="8" />
              <SequencePoints>
                <SequencePoint vc="0" uspid="340" ordinal="0" offset="0" sl="24" sc="0" el="24" ec="0" bec="0" bev="0" fileid="8" />
                <SequencePoint vc="0" uspid="341" ordinal="0" offset="1" sl="25" sc="0" el="25" ec="0" bec="0" bev="0" fileid="8" />
                <SequencePoint vc="0" uspid="342" ordinal="0" offset="28" sl="26" sc="0" el="26" ec="0" bec="0" bev="0" fileid="8" />
                <SequencePoint vc="0" uspid="343" ordinal="0" offset="45" sl="27" sc="0" el="27" ec="0" bec="0" bev="0" fileid="8" />
                <SequencePoint vc="0" uspid="344" ordinal="0" offset="57" sl="29" sc="0" el="29" ec="0" bec="0" bev="0" fileid="8" />
                <SequencePoint vc="0" uspid="345" ordinal="0" offset="73" sl="31" sc="0" el="31" ec="0" bec="0" bev="0" fileid="8" />
                <SequencePoint vc="0" uspid="346" ordinal="0" offset="85" sl="32" sc="0" el="32" ec="0" bec="0" bev="0" fileid="8" />
[...]
              <MetadataToken>100663696</MetadataToken>
              <Name>System.Boolean PlayerCanvas/&lt;AnimateText&gt;d__2::MoveNext()</Name>
              <FileRef uid="38" />
              <SequencePoints>
                <SequencePoint vc="0" uspid="2114" ordinal="0" offset="34" sl="38" sc="0" el="38" ec="0" bec="0" bev="0" fileid="38" />
                <SequencePoint vc="0" uspid="2115" ordinal="0" offset="35" sl="39" sc="0" el="39" ec="0" bec="0" bev="0" fileid="38" />
                <SequencePoint vc="0" uspid="2116" ordinal="0" offset="51" sl="41" sc="0" el="41" ec="0" bec="0" bev="0" fileid="38" />
                <SequencePoint vc="0" uspid="2117" ordinal="0" offset="52" sl="42" sc="0" el="42" ec="0" bec="0" bev="0" fileid="38" />
                <SequencePoint vc="0" uspid="2118" ordinal="0" offset="70" sl="43" sc="0" el="43" ec="0" bec="0" bev="0" fileid="38" />
                <SequencePoint vc="0" uspid="2119" ordinal="0" offset="88" sl="45" sc="0" el="45" ec="0" bec="0" bev="0" fileid="38" />
                <SequencePoint vc="0" uspid="2120" ordinal="0" offset="133" sl="46" sc="0" el="46" ec="0" bec="0" bev="0" fileid="38" />
                <SequencePoint vc="0" uspid="2121" ordinal="0" offset="176" sl="47" sc="0" el="47" ec="0" bec="0" bev="0" fileid="38" />
                <SequencePoint vc="0" uspid="2122" ordinal="0" offset="205" sl="49" sc="0" el="49" ec="0" bec="0" bev="0" fileid="38" />
                <SequencePoint vc="0" uspid="2123" ordinal="0" offset="222" sl="50" sc="0" el="50" ec="0" bec="0" bev="0" fileid="38" />
                <SequencePoint vc="0" uspid="2124" ordinal="0" offset="254" sl="51" sc="0" el="51" ec="0" bec="0" bev="0" fileid="38" />
                <SequencePoint vc="0" uspid="2125" ordinal="0" offset="272" sl="53" sc="0" el="53" ec="0" bec="0" bev="0" fileid="38" />
                <SequencePoint vc="0" uspid="2126" ordinal="0" offset="295" sl="54" sc="0" el="54" ec="0" bec="0" bev="0" fileid="38" />
                <SequencePoint vc="0" uspid="2127" ordinal="0" offset="308" sl="40" sc="0" el="40" ec="0" bec="0" bev="0" fileid="38" />
                <SequencePoint vc="0" uspid="2128" ordinal="0" offset="328" sl="56" sc="0" el="56" ec="0" bec="0" bev="0" fileid="38" />
                <SequencePoint vc="0" uspid="2129" ordinal="0" offset="345" sl="57" sc="0" el="57" ec="0" bec="0" bev="0" fileid="38" />
              </SequencePoints>
              <BranchPoints />
            </Method>
          </Methods>
        </Class>
        <Class>
          <Summary numSequencePoints="6" visitedSequencePoints="0" numBranchPoints="0" visitedBranchPoints="0" sequenceCoverage="0.0" branchCoverage="0.0" maxCyclomaticComplexity="0" minCyclomaticComplexity="0" maxCrapScore="0" minCrapScore="0" visitedClasses="0" numClasses="1" visitedMethods="0" numMethods="1" />
          <FullName>PlayerController/&lt;Dodge&gt;d__24</FullName>
          <Methods>
            <Method visited="false" cyclomaticComplexity="0" nPathComplexity="0" sequenceCoverage="0.0" branchCoverage="0" crapScore="0" isConstructor="false" isStatic="false" isGetter="false" isSetter="false">
              <Summary numSequencePoints="6" visitedSequencePoints="0" numBranchPoints="0" visitedBranchPoints="0" sequenceCoverage="0.0" branchCoverage="0" maxCyclomaticComplexity="0" minCyclomaticComplexity="0" maxCrapScore="0" minCrapScore="0" visitedClasses="0" numClasses="0" visitedMethods="0" numMethods="1" />
              <MetadataToken>100663702</MetadataToken>
              <Name>System.Boolean PlayerController/&lt;Dodge&gt;d__24::MoveNext()</Name>
              <FileRef uid="39" />
              <SequencePoints>
                <SequencePoint vc="0" uspid="2130" ordinal="0" offset="31" sl="104" sc="0" el="104" ec="0" bec="0" bev="0" fileid="39" />
                <SequencePoint vc="0" uspid="2131" ordinal="0" offset="32" sl="105" sc="0" el="105" ec="0" bec="0" bev="0" fileid="39" />
                <SequencePoint vc="0" uspid="2132" ordinal="0" offset="49" sl="106" sc="0" el="106" ec="0" bec="0" bev="0" fileid="39" />
                <SequencePoint vc="0" uspid="2133" ordinal="0" offset="65" sl="107" sc="0" el="107" ec="0" bec="0" bev="0" fileid="39" />
                <SequencePoint vc="0" uspid="2134" ordinal="0" offset="109" sl="108" sc="0" el="108" ec="0" bec="0" bev="0" fileid="39" />
                <SequencePoint vc="0" uspid="2135" ordinal="0" offset="126" sl="109" sc="0" el="109" ec="0" bec="0" bev="0" fileid="39" />
              </SequencePoints>
              <BranchPoints />
            </Method>
          </Methods>
        </Class>
        <Class>
          <Summary numSequencePoints="20" visitedSequencePoints="0" numBranchPoints="0" visitedBranchPoints="0" sequenceCoverage="0.0" branchCoverage="0.0" maxCyclomaticComplexity="0" minCyclomaticComplexity="0" maxCrapScore="0" minCrapScore="0" visitedClasses="0" numClasses="1" visitedMethods="0" numMethods="1" />
          <FullName>PlayerUI/&lt;FadeIn&gt;d__12</FullName>
          <Methods>
            <Method visited="false" cyclomaticComplexity="0" nPathComplexity="0" sequenceCoverage="0.0" branchCoverage="0" crapScore="0" isConstructor="false" isStatic="false" isGetter="false" isSetter="false">
              <Summary numSequencePoints="20" visitedSequencePoints="0" numBranchPoints="0" visitedBranchPoints="0" sequenceCoverage="0.0" branchCoverage="0" maxCyclomaticComplexity="0" minCyclomaticComplexity="0" maxCrapScore="0" minCrapScore="0" visitedClasses="0" numClasses="0" visitedMethods="0" numMethods="1" />
              <MetadataToken>100663708</MetadataToken>
              <Name>System.Boolean PlayerUI/&lt;FadeIn&gt;d__12::MoveNext()</Name>
              <FileRef uid="41" />
              <SequencePoints>
                <SequencePoint vc="0" uspid="2136" ordinal="0" offset="34" sl="73" sc="0" el="73" ec="0" bec="0" bev="0" fileid="41" />
                <SequencePoint vc="0" uspid="2137" ordinal="0" offset="35" sl="74" sc="0" el="74" ec="0" bec="0" bev="0" fileid="41" />
                <SequencePoint vc="0" uspid="2138" ordinal="0" offset="46" sl="75" sc="0" el="75" ec="0" bec="0" bev="0" fileid="41" />
                <SequencePoint vc="0" uspid="2139" ordinal="0" offset="67" sl="76" sc="0" el="76" ec="0" bec="0" bev="0" fileid="41" />
                <SequencePoint vc="0" uspid="2140" ordinal="0" offset="93" sl="79" sc="0" el="79" ec="0" bec="0" bev="0" fileid="41" />
                <SequencePoint vc="0" uspid="2141" ordinal="0" offset="94" sl="80" sc="0" el="80" ec="0" bec="0" bev="0" fileid="41" />
                <SequencePoint vc="0" uspid="2142" ordinal="0" offset="112" sl="81" sc="0" el="81" ec="0" bec="0" bev="0" fileid="41" />
                <SequencePoint vc="0" uspid="2143" ordinal="0" offset="145" sl="82" sc="0" el="82" ec="0" bec="0" bev="0" fileid="41" />
                <SequencePoint vc="0" uspid="2144" ordinal="0" offset="166" sl="83" sc="0" el="83" ec="0" bec="0" bev="0" fileid="41" />
                <SequencePoint vc="0" uspid="2145" ordinal="0" offset="167" sl="84" sc="0" el="84" ec="0" bec="0" bev="0" fileid="41" />
                <SequencePoint vc="0" uspid="2146" ordinal="0" offset="228" sl="85" sc="0" el="85" ec="0" bec="0" bev="0" fileid="41" />
                <SequencePoint vc="0" uspid="2147" ordinal="0" offset="229" sl="86" sc="0" el="86" ec="0" bec="0" bev="0" fileid="41" />
                <SequencePoint vc="0" uspid="2148" ordinal="0" offset="252" sl="87" sc="0" el="87" ec="0" bec="0" bev="0" fileid="41" />
                <SequencePoint vc="0" uspid="2149" ordinal="0" offset="253" sl="78" sc="0" el="78" ec="0" bec="0" bev="0" fileid="41" />
                <SequencePoint vc="0" uspid="2150" ordinal="0" offset="273" sl="89" sc="0" el="89" ec="0" bec="0" bev="0" fileid="41" />
                <SequencePoint vc="0" uspid="2151" ordinal="0" offset="294" sl="90" sc="0" el="90" ec="0" bec="0" bev="0" fileid="41" />
                <SequencePoint vc="0" uspid="2152" ordinal="0" offset="295" sl="91" sc="0" el="91" ec="0" bec="0" bev="0" fileid="41" />
                <SequencePoint vc="0" uspid="2153" ordinal="0" offset="318" sl="92" sc="0" el="92" ec="0" bec="0" bev="0" fileid="41" />
                <SequencePoint vc="0" uspid="2154" ordinal="0" offset="336" sl="93" sc="0" el="93" ec="0" bec="0" bev="0" fileid="41" />
                <SequencePoint vc="0" uspid="2155" ordinal="0" offset="337" sl="94" sc="0" el="94" ec="0" bec="0" bev="0" fileid="41" />
              </SequencePoints>
              <BranchPoints />
            </Method>
          </Methods>
        </Class>
        <Class>
          <Summary numSequencePoints="7" visitedSequencePoints="0" numBranchPoints="0" visitedBranchPoints="0" sequenceCoverage="0.0" branchCoverage="0.0" maxCyclomaticComplexity="0" minCyclomaticComplexity="0" maxCrapScore="0" minCrapScore="0" visitedClasses="0" numClasses="1" visitedMethods="0" numMethods="1" />
          <FullName>Weapon/&lt;Reload&gt;d__19</FullName>
          <Methods>
            <Method visited="false" cyclomaticComplexity="0" nPathComplexity="0" sequenceCoverage="0.0" branchCoverage="0" crapScore="0" isConstructor="false" isStatic="false" isGetter="false" isSetter="false">
              <Summary numSequencePoints="7" visitedSequencePoints="0" numBranchPoints="0" visitedBranchPoints="0" sequenceCoverage="0.0" branchCoverage="0" maxCyclomaticComplexity="0" minCyclomaticComplexity="0" maxCrapScore="0" minCrapScore="0" visitedClasses="0" numClasses="0" visitedMethods="0" numMethods="1" />
              <MetadataToken>100663714</MetadataToken>
              <Name>System.Boolean Weapon/&lt;Reload&gt;d__19::MoveNext()</Name>
              <FileRef uid="48" />
              <SequencePoints>
                <SequencePoint vc="0" uspid="2156" ordinal="0" offset="31" sl="84" sc="0" el="84" ec="0" bec="0" bev="0" fileid="48" />
                <SequencePoint vc="0" uspid="2157" ordinal="0" offset="32" sl="85" sc="0" el="85" ec="0" bec="0" bev="0" fileid="48" />
                <SequencePoint vc="0" uspid="2158" ordinal="0" offset="66" sl="86" sc="0" el="86" ec="0" bec="0" bev="0" fileid="48" />
                <SequencePoint vc="0" uspid="2159" ordinal="0" offset="78" sl="87" sc="0" el="87" ec="0" bec="0" bev="0" fileid="48" />
                <SequencePoint vc="0" uspid="2160" ordinal="0" offset="116" sl="88" sc="0" el="88" ec="0" bec="0" bev="0" fileid="48" />
                <SequencePoint vc="0" uspid="2161" ordinal="0" offset="128" sl="89" sc="0" el="89" ec="0" bec="0" bev="0" fileid="48" />
                <SequencePoint vc="0" uspid="2162" ordinal="0" offset="150" sl="90" sc="0" el="90" ec="0" bec="0" bev="0" fileid="48" />
              </SequencePoints>
              <BranchPoints />
            </Method>
          </Methods>
        </Class>
        <Class>
          <Summary numSequencePoints="5" visitedSequencePoints="0" numBranchPoints="0" visitedBranchPoints="0" sequenceCoverage="0.0" branchCoverage="0.0" maxCyclomaticComplexity="0" minCyclomaticComplexity="0" maxCrapScore="0" minCrapScore="0" visitedClasses="0" numClasses="1" visitedMethods="0" numMethods="1" />
          <FullName>SpeedUp/&lt;SpeedUpDuration&gt;d__4</FullName>
          <Methods>
            <Method visited="false" cyclomaticComplexity="0" nPathComplexity="0" sequenceCoverage="0.0" branchCoverage="0" crapScore="0" isConstructor="false" isStatic="false" isGetter="false" isSetter="false">
              <Summary numSequencePoints="5" visitedSequencePoints="0" numBranchPoints="0" visitedBranchPoints="0" sequenceCoverage="0.0" branchCoverage="0" maxCyclomaticComplexity="0" minCyclomaticComplexity="0" maxCrapScore="0" minCrapScore="0" visitedClasses="0" numClasses="0" visitedMethods="0" numMethods="1" />
              <MetadataToken>100663720</MetadataToken>
              <Name>System.Boolean SpeedUp/&lt;SpeedUpDuration&gt;d__4::MoveNext()</Name>
              <FileRef uid="53" />
              <SequencePoints>
                <SequencePoint vc="0" uspid="2163" ordinal="0" offset="31" sl="24" sc="0" el="24" ec="0" bec="0" bev="0" fileid="53" />
                <SequencePoint vc="0" uspid="2164" ordinal="0" offset="32" sl="25" sc="0" el="25" ec="0" bec="0" bev="0" fileid="53" />
                <SequencePoint vc="0" uspid="2165" ordinal="0" offset="70" sl="26" sc="0" el="26" ec="0" bec="0" bev="0" fileid="53" />
                <SequencePoint vc="0" uspid="2166" ordinal="0" offset="91" sl="27" sc="0" el="27" ec="0" bec="0" bev="0" fileid="53" />
                <SequencePoint vc="0" uspid="2167" ordinal="0" offset="108" sl="28" sc="0" el="28" ec="0" bec="0" bev="0" fileid="53" />
              </SequencePoints>
              <BranchPoints />
            </Method>
          </Methods>
        </Class>
        <Class>
          <Summary numSequencePoints="10" visitedSequencePoints="0" numBranchPoints="0" visitedBranchPoints="0" sequenceCoverage="0.0" branchCoverage="0.0" maxCyclomaticComplexity="0" minCyclomaticComplexity="0" maxCrapScore="0" minCrapScore="0" visitedClasses="0" numClasses="1" visitedMethods="0" numMethods="1" />
          <FullName>SlashScript/&lt;Routine&gt;d__7</FullName>
          <Methods>
            <Method visited="false" cyclomaticComplexity="0" nPathComplexity="0" sequenceCoverage="0.0" branchCoverage="0" crapScore="0" isConstructor="false" isStatic="false" isGetter="false" isSetter="false">
              <Summary numSequencePoints="10" visitedSequencePoints="0" numBranchPoints="0" visitedBranchPoints="0" sequenceCoverage="0.0" branchCoverage="0" maxCyclomaticComplexity="0" minCyclomaticComplexity="0" maxCrapScore="0" minCrapScore="0" visitedClasses="0" numClasses="0" visitedMethods="0" numMethods="1" />
              <MetadataToken>100663726</MetadataToken>
              <Name>System.Boolean SlashScript/&lt;Routine&gt;d__7::MoveNext()</Name>
              <FileRef uid="56" />
              <SequencePoints>
                <SequencePoint vc="0" uspid="2168" ordinal="0" offset="31" sl="34" sc="0" el="34" ec="0" bec="0" bev="0" fileid="56" />
                <SequencePoint vc="0" uspid="2169" ordinal="0" offset="32" sl="35" sc="0" el="35" ec="0" bec="0" bev="0" fileid="56" />
                <SequencePoint vc="0" uspid="2170" ordinal="0" offset="68" sl="36" sc="0" el="36" ec="0" bec="0" bev="0" fileid="56" />
                <SequencePoint vc="0" uspid="2171" ordinal="0" offset="86" sl="37" sc="0" el="37" ec="0" bec="0" bev="0" fileid="56" />
                <SequencePoint vc="0" uspid="2172" ordinal="0" offset="104" sl="38" sc="0" el="38" ec="0" bec="0" bev="0" fileid="56" />
                <SequencePoint vc="0" uspid="2173" ordinal="0" offset="116" sl="39" sc="0" el="39" ec="0" bec="0" bev="0" fileid="56" />
                <SequencePoint vc="0" uspid="2174" ordinal="0" offset="148" sl="40" sc="0" el="40" ec="0" bec="0" bev="0" fileid="56" />
                <SequencePoint vc="0" uspid="2175" ordinal="0" offset="166" sl="41" sc="0" el="41" ec="0" bec="0" bev="0" fileid="56" />
                <SequencePoint vc="0" uspid="2176" ordinal="0" offset="184" sl="42" sc="0" el="42" ec="0" bec="0" bev="0" fileid="56" />
                <SequencePoint vc="0" uspid="2177" ordinal="0" offset="196" sl="43" sc="0" el="43" ec="0" bec="0" bev="0" fileid="56" />
              </SequencePoints>
              <BranchPoints />
            </Method>
          </Methods>
        </Class>
        <Class>
          <Summary numSequencePoints="1" visitedSequencePoints="0" numBranchPoints="0" visitedBranchPoints="0" sequenceCoverage="0.0" branchCoverage="0.0" maxCyclomaticComplexity="0" minCyclomaticComplexity="0" maxCrapScore="0" minCrapScore="0" visitedClasses="0" numClasses="1" visitedMethods="0" numMethods="1" />
          <FullName>PanelGrid/&lt;&gt;c</FullName>
          <Methods>
            <Method visited="false" cyclomaticComplexity="0" nPathComplexity="0" sequenceCoverage="0.0" branchCoverage="0" crapScore="0" isConstructor="false" isStatic="false" isGetter="false" isSetter="false">
              <Summary numSequencePoints="1" visitedSequencePoints="0" numBranchPoints="0" visitedBranchPoints="0" sequenceCoverage="0.0" branchCoverage="0" maxCyclomaticComplexity="0" minCyclomaticComplexity="0" maxCrapScore="0" minCrapScore="0" visitedClasses="0" numClasses="0" visitedMethods="0" numMethods="1" />
              <MetadataToken>100663732</MetadataToken>
              <Name>System.Boolean PanelGrid/&lt;&gt;c::&lt;OnButtonClick&gt;b__11_0(UnityEngine.UI.Toggle)</Name>
              <FileRef uid="65" />
              <SequencePoints>
                <SequencePoint vc="0" uspid="2178" ordinal="0" offset="0" sl="80" sc="0" el="80" ec="0" bec="0" bev="0" fileid="65" />
              </SequencePoints>
              <BranchPoints />
            </Method>
          </Methods>
        </Class>
        <Class>
          <Summary numSequencePoints="1" visitedSequencePoints="0" numBranchPoints="0" visitedBranchPoints="0" sequenceCoverage="0.0" branchCoverage="0.0" maxCyclomaticComplexity="0" minCyclomaticComplexity="0" maxCrapScore="0" minCrapScore="0" visitedClasses="0" numClasses="1" visitedMethods="0" numMethods="1" />
          <FullName>PanelGrid/&lt;&gt;c__DisplayClass7_0</FullName>
          <Methods>
            <Method visited="false" cyclomaticComplexity="0" nPathComplexity="0" sequenceCoverage="0.0" branchCoverage="0" crapScore="0" isConstructor="false" isStatic="false" isGetter="false" isSetter="false">
              <Summary numSequencePoints="1" visitedSequencePoints="0" numBranchPoints="0" visitedBranchPoints="0" sequenceCoverage="0.0" branchCoverage="0" maxCyclomaticComplexity="0" minCyclomaticComplexity="0" maxCrapScore="0" minCrapScore="0" visitedClasses="0" numClasses="0" visitedMethods="0" numMethods="1" />
              <MetadataToken>100663734</MetadataToken>
              <Name>System.Void PanelGrid/&lt;&gt;c__DisplayClass7_0::&lt;Start&gt;b__0(System.Boolean)</Name>
              <FileRef uid="65" />
              <SequencePoints>
                <SequencePoint vc="0" uspid="2179" ordinal="0" offset="0" sl="33" sc="0" el="33" ec="0" bec="0" bev="0" fileid="65" />
              </SequencePoints>
              <BranchPoints />
            </Method>
          </Methods>
        </Class>
        <Class>
          <Summary numSequencePoints="1" visitedSequencePoints="0" numBranchPoints="0" visitedBranchPoints="0" sequenceCoverage="0.0" branchCoverage="0.0" maxCyclomaticComplexity="0" minCyclomaticComplexity="0" maxCrapScore="0" minCrapScore="0" visitedClasses="0" numClasses="1" visitedMethods="0" numMethods="1" />
          <FullName>PanelGrid/&lt;&gt;c__DisplayClass8_0</FullName>
          <Methods>
            <Method visited="false" cyclomaticComplexity="0" nPathComplexity="0" sequenceCoverage="0.0" branchCoverage="0" crapScore="0" isConstructor="false" isStatic="false" isGetter="false" isSetter="false">
              <Summary numSequencePoints="1" visitedSequencePoints="0" numBranchPoints="0" visitedBranchPoints="0" sequenceCoverage="0.0" branchCoverage="0" maxCyclomaticComplexity="0" minCyclomaticComplexity="0" maxCrapScore="0" minCrapScore="0" visitedClasses="0" numClasses="0" visitedMethods="0" numMethods="1" />
              <MetadataToken>100663736</MetadataToken>
              <Name>System.Void PanelGrid/&lt;&gt;c__DisplayClass8_0::&lt;Descriptions&gt;b__0(UnityEngine.EventSystems.BaseEventData)</Name>
              <FileRef uid="65" />
              <SequencePoints>
                <SequencePoint vc="0" uspid="2180" ordinal="0" offset="0" sl="50" sc="0" el="50" ec="0" bec="0" bev="0" fileid="65" />
              </SequencePoints>
              <BranchPoints />
            </Method>
          </Methods>
        </Class>
      </Classes>
    </Module>
  </Modules>
</CoverageSession>