<?xml version="1.0" encoding="utf-8"?>
<CoverageSession xmlns:xsd="http://www.w3.org/2001/XMLSchema" xmlns:xsi="http://www.w3.org/2001/XMLSchema-instance" Version="0.0.0.0">
  <Summary numSequencePoints="39" visitedSequencePoints="31" numBranchPoints="0" visitedBranchPoints="0" sequenceCoverage="79.49" branchCoverage="0.0" maxCyclomaticComplexity="0" minCyclomaticComplexity="0" maxCrapScore="0" minCrapScore="0" visitedClasses="4" numClasses="4" visitedMethods="8" numMethods="8" />
  <Modules>
    <Module>
      <Summary numSequencePoints="39" visitedSequencePoints="31" numBranchPoints="0" visitedBranchPoints="0" sequenceCoverage="79.49" branchCoverage="0.0" maxCyclomaticComplexity="0" minCyclomaticComplexity="0" maxCrapScore="0" minCrapScore="0" visitedClasses="4" numClasses="4" visitedMethods="8" numMethods="8" />
      <ModuleTime>0001-01-01T00:00:00</ModuleTime>
      <ModuleName>Scripts</ModuleName>
      <Files>
        <File uid="1" fullPath="/Users/emilisceida/Documents/GitHub/BTG-24/Game/Assets/Scripts/BigWall.cs" />
        <File uid="2" fullPath="/Users/emilisceida/Documents/GitHub/BTG-24/Game/Assets/Scripts/BlockColor.cs" />
        <File uid="3" fullPath="/Users/emilisceida/Documents/GitHub/BTG-24/Game/Assets/Scripts/Boundary.cs" />
        <File uid="4" fullPath="/Users/emilisceida/Documents/GitHub/BTG-24/Game/Assets/Scripts/BulletScript.cs" />
        <File uid="5" fullPath="/Users/emilisceida/Documents/GitHub/BTG-24/Game/Assets/Scripts/BulletTrail.cs" />
        <File uid="6" fullPath="/Users/emilisceida/Documents/GitHub/BTG-24/Game/Assets/Scripts/ClockManager.cs" />
        <File uid="7" fullPath="/Users/emilisceida/Documents/GitHub/BTG-24/Game/Assets/Scripts/Description.cs" />
        <File uid="8" fullPath="/Users/emilisceida/Documents/GitHub/BTG-24/Game/Assets/Scripts/Door.cs" />
        <File uid="9" fullPath="/Users/emilisceida/Documents/GitHub/BTG-24/Game/Assets/Scripts/DynamicWall.cs" />
        <File uid="10" fullPath="/Users/emilisceida/Documents/GitHub/BTG-24/Game/Assets/Scripts/EnemyAI/EnemyBehaviour.cs" />
        <File uid="11" fullPath="/Users/emilisceida/Documents/GitHub/BTG-24/Game/Assets/Scripts/EnemyAI/Eyes.cs" />
        <File uid="12" fullPath="/Users/emilisceida/Documents/GitHub/BTG-24/Game/Assets/Scripts/EnemyAI/Sighting.cs" />
        <File uid="13" fullPath="/Users/emilisceida/Documents/GitHub/BTG-24/Game/Assets/Scripts/EnemyHealth.cs" />
        <File uid="14" fullPath="/Users/emilisceida/Documents/GitHub/BTG-24/Game/Assets/Scripts/Explode.cs" />
        <File uid="15" fullPath="/Users/emilisceida/Documents/GitHub/BTG-24/Game/Assets/Scripts/Glass.cs" />
        <File uid="16" fullPath="/Users/emilisceida/Documents/GitHub/BTG-24/Game/Assets/Scripts/GrenadeTraveling.cs" />
        <File uid="17" fullPath="/Users/emilisceida/Documents/GitHub/BTG-24/Game/Assets/Scripts/HitResponse.cs" />
        <File uid="18" fullPath="/Users/emilisceida/Documents/GitHub/BTG-24/Game/Assets/Scripts/Indicator.cs" />
        <File uid="19" fullPath="/Users/emilisceida/Documents/GitHub/BTG-24/Game/Assets/Scripts/ItemDrop.cs" />
        <File uid="20" fullPath="/Users/emilisceida/Documents/GitHub/BTG-24/Game/Assets/Scripts/KeyCollect.cs" />
        <File uid="21" fullPath="/Users/emilisceida/Documents/GitHub/BTG-24/Game/Assets/Scripts/LevelExit.cs" />
        <File uid="22" fullPath="/Users/emilisceida/Documents/GitHub/BTG-24/Game/Assets/Scripts/Missile.cs" />
        <File uid="23" fullPath="/Users/emilisceida/Documents/GitHub/BTG-24/Game/Assets/Scripts/OrbPickup.cs" />
        <File uid="24" fullPath="/Users/emilisceida/Documents/GitHub/BTG-24/Game/Assets/Scripts/Pickup.cs" />
        <File uid="25" fullPath="/Users/emilisceida/Documents/GitHub/BTG-24/Game/Assets/Scripts/PlayerScripts/AmmoPouch.cs" />
        <File uid="26" fullPath="/Users/emilisceida/Documents/GitHub/BTG-24/Game/Assets/Scripts/PlayerScripts/Attack.cs" />
        <File uid="27" fullPath="/Users/emilisceida/Documents/GitHub/BTG-24/Game/Assets/Scripts/PlayerScripts/Blaster.cs" />
        <File uid="28" fullPath="/Users/emilisceida/Documents/GitHub/BTG-24/Game/Assets/Scripts/PlayerScripts/Camera_Follow.cs" />
        <File uid="29" fullPath="/Users/emilisceida/Documents/GitHub/BTG-24/Game/Assets/Scripts/PlayerScripts/Grenade.cs" />
        <File uid="30" fullPath="/Users/emilisceida/Documents/GitHub/BTG-24/Game/Assets/Scripts/PlayerScripts/Item.cs" />
        <File uid="31" fullPath="/Users/emilisceida/Documents/GitHub/BTG-24/Game/Assets/Scripts/PlayerScripts/ItemSelection.cs" />
        <File uid="32" fullPath="/Users/emilisceida/Documents/GitHub/BTG-24/Game/Assets/Scripts/PlayerScripts/ItemSwither.cs" />
        <File uid="33" fullPath="/Users/emilisceida/Documents/GitHub/BTG-24/Game/Assets/Scripts/PlayerScripts/Launcher.cs" />
        <File uid="34" fullPath="/Users/emilisceida/Documents/GitHub/BTG-24/Game/Assets/Scripts/PlayerScripts/Look.cs" />
        <File uid="35" fullPath="/Users/emilisceida/Documents/GitHub/BTG-24/Game/Assets/Scripts/PlayerScripts/Melee.cs" />
        <File uid="36" fullPath="/Users/emilisceida/Documents/GitHub/BTG-24/Game/Assets/Scripts/PlayerScripts/Minigun.cs" />
        <File uid="37" fullPath="/Users/emilisceida/Documents/GitHub/BTG-24/Game/Assets/Scripts/PlayerScripts/Move.cs" />
        <File uid="38" fullPath="/Users/emilisceida/Documents/GitHub/BTG-24/Game/Assets/Scripts/PlayerScripts/PlayerCanvas.cs" />
        <File uid="39" fullPath="/Users/emilisceida/Documents/GitHub/BTG-24/Game/Assets/Scripts/PlayerScripts/PlayerController.cs" />
        <File uid="40" fullPath="/Users/emilisceida/Documents/GitHub/BTG-24/Game/Assets/Scripts/PlayerScripts/PlayerInventory.cs" />
        <File uid="41" fullPath="/Users/emilisceida/Documents/GitHub/BTG-24/Game/Assets/Scripts/PlayerScripts/PlayerUI.cs" />
        <File uid="42" fullPath="/Users/emilisceida/Documents/GitHub/BTG-24/Game/Assets/Scripts/PlayerScripts/ProgressBar.cs" />
        <File uid="43" fullPath="/Users/emilisceida/Documents/GitHub/BTG-24/Game/Assets/Scripts/PlayerScripts/Shoot.cs" />
        <File uid="44" fullPath="/Users/emilisceida/Documents/GitHub/BTG-24/Game/Assets/Scripts/PlayerScripts/Sniper.cs" />
        <File uid="45" fullPath="/Users/emilisceida/Documents/GitHub/BTG-24/Game/Assets/Scripts/PlayerScripts/Spawn.cs" />
        <File uid="46" fullPath="/Users/emilisceida/Documents/GitHub/BTG-24/Game/Assets/Scripts/PlayerScripts/Throw.cs" />
        <File uid="47" fullPath="/Users/emilisceida/Documents/GitHub/BTG-24/Game/Assets/Scripts/PlayerScripts/UISlot.cs" />
        <File uid="48" fullPath="/Users/emilisceida/Documents/GitHub/BTG-24/Game/Assets/Scripts/PlayerScripts/Weapon.cs" />
        <File uid="49" fullPath="/Users/emilisceida/Documents/GitHub/BTG-24/Game/Assets/Scripts/PlayerShield.cs" />
        <File uid="50" fullPath="/Users/emilisceida/Documents/GitHub/BTG-24/Game/Assets/Scripts/PowerUpScripts/AmmoRefill.cs" />
        <File uid="51" fullPath="/Users/emilisceida/Documents/GitHub/BTG-24/Game/Assets/Scripts/PowerUpScripts/ExtraHP.cs" />
        <File uid="52" fullPath="/Users/emilisceida/Documents/GitHub/BTG-24/Game/Assets/Scripts/PowerUpScripts/PowerShot.cs" />
        <File uid="53" fullPath="/Users/emilisceida/Documents/GitHub/BTG-24/Game/Assets/Scripts/PowerUpScripts/SpeedUp.cs" />
        <File uid="54" fullPath="/Users/emilisceida/Documents/GitHub/BTG-24/Game/Assets/Scripts/ScoreManager.cs" />
        <File uid="55" fullPath="/Users/emilisceida/Documents/GitHub/BTG-24/Game/Assets/Scripts/SelectedItems.cs" />
        <File uid="56" fullPath="/Users/emilisceida/Documents/GitHub/BTG-24/Game/Assets/Scripts/SlashScript.cs" />
        <File uid="57" fullPath="/Users/emilisceida/Documents/GitHub/BTG-24/Game/Assets/Scripts/SoundTracker.cs" />
        <File uid="58" fullPath="/Users/emilisceida/Documents/GitHub/BTG-24/Game/Assets/Scripts/TriggerCondition.cs" />
        <File uid="59" fullPath="/Users/emilisceida/Documents/GitHub/BTG-24/Game/Assets/Scripts/TriggerScript.cs" />
        <File uid="60" fullPath="/Users/emilisceida/Documents/GitHub/BTG-24/Game/Assets/Scripts/UIScripts/ButtonColor.cs" />
        <File uid="61" fullPath="/Users/emilisceida/Documents/GitHub/BTG-24/Game/Assets/Scripts/UIScripts/ButtonScript.cs" />
        <File uid="62" fullPath="/Users/emilisceida/Documents/GitHub/BTG-24/Game/Assets/Scripts/UIScripts/ColorScheme.cs" />
        <File uid="63" fullPath="/Users/emilisceida/Documents/GitHub/BTG-24/Game/Assets/Scripts/UIScripts/LevelSelect.cs" />
        <File uid="64" fullPath="/Users/emilisceida/Documents/GitHub/BTG-24/Game/Assets/Scripts/UIScripts/MainMenu.cs" />
        <File uid="65" fullPath="/Users/emilisceida/Documents/GitHub/BTG-24/Game/Assets/Scripts/UIScripts/PanelGrid.cs" />
        <File uid="66" fullPath="/Users/emilisceida/Documents/GitHub/BTG-24/Game/Assets/Scripts/UIScripts/SingleColor.cs" />
        <File uid="67" fullPath="/Users/emilisceida/Documents/GitHub/BTG-24/Game/Assets/Scripts/UIScripts/ToggleScript.cs" />
        <File uid="68" fullPath="/Users/emilisceida/Documents/GitHub/BTG-24/Game/Assets/Scripts/UnDeafen.cs" />
        <File uid="69" fullPath="/Users/emilisceida/Documents/GitHub/BTG-24/Game/Assets/Scripts/Vectors.cs" />
        <File uid="70" fullPath="/Users/emilisceida/Documents/GitHub/BTG-24/Game/Assets/Scripts/WallState.cs" />
        <File uid="71" fullPath="/Users/emilisceida/Documents/GitHub/BTG-24/Game/Assets/Scripts/EnemyAI/AttackState.cs" />
        <File uid="72" fullPath="/Users/emilisceida/Documents/GitHub/BTG-24/Game/Assets/Scripts/EnemyAI/ChaseState.cs" />
        <File uid="73" fullPath="/Users/emilisceida/Documents/GitHub/BTG-24/Game/Assets/Scripts/EnemyAI/FollowState.cs" />
        <File uid="74" fullPath="/Users/emilisceida/Documents/GitHub/BTG-24/Game/Assets/Scripts/EnemyAI/IdleState.cs" />
        <File uid="75" fullPath="/Users/emilisceida/Documents/GitHub/BTG-24/Game/Assets/Scripts/EnemyAI/InvestigateState.cs" />
        <File uid="76" fullPath="/Users/emilisceida/Documents/GitHub/BTG-24/Game/Assets/Scripts/EnemyAI/LookState.cs" />
      </Files>
      <Classes>
        <Class>
          <Summary numSequencePoints="4" visitedSequencePoints="4" numBranchPoints="0" visitedBranchPoints="0" sequenceCoverage="100.0" branchCoverage="0.0" maxCyclomaticComplexity="0" minCyclomaticComplexity="0" maxCrapScore="0" minCrapScore="0" visitedClasses="1" numClasses="1" visitedMethods="2" numMethods="2" />
          <FullName>Blaster</FullName>
          <Methods>
            <Method visited="true" cyclomaticComplexity="0" nPathComplexity="0" sequenceCoverage="100.0" branchCoverage="0" crapScore="0" isConstructor="false" isStatic="false" isGetter="false" isSetter="false">
              <Summary numSequencePoints="3" visitedSequencePoints="3" numBranchPoints="0" visitedBranchPoints="0" sequenceCoverage="100.0" branchCoverage="0" maxCyclomaticComplexity="0" minCyclomaticComplexity="0" maxCrapScore="0" minCrapScore="0" visitedClasses="0" numClasses="0" visitedMethods="1" numMethods="1" />
              <MetadataToken>100663435</MetadataToken>
              <Name>System.Void Blaster::OnAdd(PlayerInventory)</Name>
              <FileRef uid="27" />
              <SequencePoints>
                <SequencePoint vc="1" uspid="2281" ordinal="0" offset="0" sl="11" sc="9" el="11" ec="9" bec="0" bev="0" fileid="27" />
                <SequencePoint vc="1" uspid="2282" ordinal="0" offset="7" sl="12" sc="9" el="12" ec="9" bec="0" bev="0" fileid="27" />
                <SequencePoint vc="1" uspid="2283" ordinal="0" offset="18" sl="13" sc="5" el="13" ec="5" bec="0" bev="0" fileid="27" />
              </SequencePoints>
              <BranchPoints />
            </Method>
            <Method visited="true" cyclomaticComplexity="0" nPathComplexity="0" sequenceCoverage="100.0" branchCoverage="0" crapScore="0" isConstructor="true" isStatic="false" isGetter="false" isSetter="false">
              <Summary numSequencePoints="1" visitedSequencePoints="1" numBranchPoints="0" visitedBranchPoints="0" sequenceCoverage="100.0" branchCoverage="0" maxCyclomaticComplexity="0" minCyclomaticComplexity="0" maxCrapScore="0" minCrapScore="0" visitedClasses="0" numClasses="0" visitedMethods="1" numMethods="1" />
              <MetadataToken>100663436</MetadataToken>
              <Name>Blaster::Blaster()</Name>
              <FileRef uid="27" />
              <SequencePoints>
                <SequencePoint vc="2" uspid="2284" ordinal="0" offset="0" sl="6" sc="9" el="6" ec="9" bec="0" bev="0" fileid="27" />
              </SequencePoints>
              <BranchPoints />
            </Method>
          </Methods>
        </Class>
        <Class>
          <Summary numSequencePoints="7" visitedSequencePoints="6" numBranchPoints="0" visitedBranchPoints="0" sequenceCoverage="85.71" branchCoverage="0.0" maxCyclomaticComplexity="0" minCyclomaticComplexity="0" maxCrapScore="0" minCrapScore="0" visitedClasses="1" numClasses="1" visitedMethods="2" numMethods="2" />
          <FullName>Item</FullName>
          <Methods>
            <Method visited="true" cyclomaticComplexity="0" nPathComplexity="0" sequenceCoverage="83.33" branchCoverage="0" crapScore="0" isConstructor="false" isStatic="false" isGetter="false" isSetter="false">
              <Summary numSequencePoints="6" visitedSequencePoints="5" numBranchPoints="0" visitedBranchPoints="0" sequenceCoverage="83.33" branchCoverage="0" maxCyclomaticComplexity="0" minCyclomaticComplexity="0" maxCrapScore="0" minCrapScore="0" visitedClasses="0" numClasses="0" visitedMethods="1" numMethods="1" />
              <MetadataToken>100663447</MetadataToken>
              <Name>System.Void Item::OnAdd(PlayerInventory)</Name>
              <FileRef uid="30" />
              <SequencePoints>
                <SequencePoint vc="1" uspid="2318" ordinal="0" offset="0" sl="13" sc="9" el="13" ec="9" bec="0" bev="0" fileid="30" />
                <SequencePoint vc="1" uspid="2319" ordinal="0" offset="7" sl="14" sc="9" el="14" ec="9" bec="0" bev="0" fileid="30" />
                <SequencePoint vc="1" uspid="2320" ordinal="0" offset="38" sl="15" sc="9" el="15" ec="9" bec="0" bev="0" fileid="30" />
                <SequencePoint vc="1" uspid="2321" ordinal="0" offset="54" sl="16" sc="9" el="16" ec="9" bec="0" bev="0" fileid="30" />
                <SequencePoint vc="0" uspid="2322" ordinal="0" offset="68" sl="17" sc="13" el="17" ec="13" bec="0" bev="0" fileid="30" />
                <SequencePoint vc="1" uspid="2323" ordinal="0" offset="95" sl="18" sc="5" el="18" ec="5" bec="0" bev="0" fileid="30" />
              </SequencePoints>
              <BranchPoints />
            </Method>
            <Method visited="true" cyclomaticComplexity="0" nPathComplexity="0" sequenceCoverage="100.0" branchCoverage="0" crapScore="0" isConstructor="true" isStatic="false" isGetter="false" isSetter="false">
              <Summary numSequencePoints="1" visitedSequencePoints="1" numBranchPoints="0" visitedBranchPoints="0" sequenceCoverage="100.0" branchCoverage="0" maxCyclomaticComplexity="0" minCyclomaticComplexity="0" maxCrapScore="0" minCrapScore="0" visitedClasses="0" numClasses="0" visitedMethods="1" numMethods="1" />
              <MetadataToken>100663451</MetadataToken>
              <Name>Item::Item()</Name>
              <FileRef uid="30" />
              <SequencePoints>
                <SequencePoint vc="2" uspid="2329" ordinal="0" offset="0" sl="8" sc="55" el="8" ec="55" bec="0" bev="0" fileid="30" />
              </SequencePoints>
              <BranchPoints />
            </Method>
          </Methods>
        </Class>
        <Class>
          <Summary numSequencePoints="23" visitedSequencePoints="16" numBranchPoints="0" visitedBranchPoints="0" sequenceCoverage="69.57" branchCoverage="0.0" maxCyclomaticComplexity="0" minCyclomaticComplexity="0" maxCrapScore="0" minCrapScore="0" visitedClasses="1" numClasses="1" visitedMethods="3" numMethods="3" />
          <FullName>PlayerInventory</FullName>
          <Methods>
            <Method visited="true" cyclomaticComplexity="0" nPathComplexity="0" sequenceCoverage="50.00" branchCoverage="0" crapScore="0" isConstructor="false" isStatic="false" isGetter="false" isSetter="false">
              <Summary numSequencePoints="14" visitedSequencePoints="7" numBranchPoints="0" visitedBranchPoints="0" sequenceCoverage="50.00" branchCoverage="0" maxCyclomaticComplexity="0" minCyclomaticComplexity="0" maxCrapScore="0" minCrapScore="0" visitedClasses="0" numClasses="0" visitedMethods="1" numMethods="1" />
              <MetadataToken>100663500</MetadataToken>
              <Name>System.Void PlayerInventory::Add(UnityEngine.GameObject)</Name>
              <FileRef uid="40" />
              <SequencePoints>
                <SequencePoint vc="1" uspid="2513" ordinal="0" offset="0" sl="59" sc="9" el="59" ec="9" bec="0" bev="0" fileid="40" />
                <SequencePoint vc="0" uspid="2514" ordinal="0" offset="10" sl="59" sc="49" el="59" ec="49" bec="0" bev="0" fileid="40" />
                <SequencePoint vc="1" uspid="2515" ordinal="0" offset="11" sl="60" sc="9" el="60" ec="9" bec="0" bev="0" fileid="40" />
                <SequencePoint vc="1" uspid="2516" ordinal="0" offset="24" sl="62" sc="9" el="62" ec="9" bec="0" bev="0" fileid="40" />
                <SequencePoint vc="1" uspid="2517" ordinal="0" offset="38" sl="64" sc="13" el="64" ec="13" bec="0" bev="0" fileid="40" />
                <SequencePoint vc="1" uspid="2518" ordinal="0" offset="50" sl="65" sc="13" el="65" ec="13" bec="0" bev="0" fileid="40" />
                <SequencePoint vc="1" uspid="2519" ordinal="0" offset="57" sl="66" sc="13" el="66" ec="13" bec="0" bev="0" fileid="40" />
                <SequencePoint vc="1" uspid="2520" ordinal="0" offset="63" sl="67" sc="13" el="67" ec="13" bec="0" bev="0" fileid="40" />
                <SequencePoint vc="0" uspid="2521" ordinal="0" offset="64" sl="69" sc="9" el="69" ec="9" bec="0" bev="0" fileid="40" />
                <SequencePoint vc="0" uspid="2522" ordinal="0" offset="86" sl="70" sc="9" el="70" ec="9" bec="0" bev="0" fileid="40" />
                <SequencePoint vc="0" uspid="2523" ordinal="0" offset="113" sl="71" sc="9" el="71" ec="9" bec="0" bev="0" fileid="40" />
                <SequencePoint vc="0" uspid="2524" ordinal="0" offset="131" sl="72" sc="9" el="72" ec="9" bec="0" bev="0" fileid="40" />
                <SequencePoint vc="0" uspid="2525" ordinal="0" offset="138" sl="73" sc="9" el="73" ec="9" bec="0" bev="0" fileid="40" />
                <SequencePoint vc="0" uspid="2526" ordinal="0" offset="144" sl="74" sc="5" el="74" ec="5" bec="0" bev="0" fileid="40" />
              </SequencePoints>
              <BranchPoints />
            </Method>
            <Method visited="true" cyclomaticComplexity="0" nPathComplexity="0" sequenceCoverage="100.0" branchCoverage="0" crapScore="0" isConstructor="false" isStatic="false" isGetter="false" isSetter="false">
              <Summary numSequencePoints="6" visitedSequencePoints="6" numBranchPoints="0" visitedBranchPoints="0" sequenceCoverage="100.0" branchCoverage="0" maxCyclomaticComplexity="0" minCyclomaticComplexity="0" maxCrapScore="0" minCrapScore="0" visitedClasses="0" numClasses="0" visitedMethods="1" numMethods="1" />
              <MetadataToken>100663501</MetadataToken>
              <Name>System.Void PlayerInventory::Settle()</Name>
              <FileRef uid="40" />
              <SequencePoints>
                <SequencePoint vc="1" uspid="2527" ordinal="0" offset="0" sl="78" sc="30" el="78" ec="30" bec="0" bev="0" fileid="40" />
                <SequencePoint vc="1" uspid="2528" ordinal="0" offset="14" sl="78" sc="18" el="78" ec="18" bec="0" bev="0" fileid="40" />
                <SequencePoint vc="1" uspid="2529" ordinal="0" offset="22" sl="80" sc="13" el="80" ec="13" bec="0" bev="0" fileid="40" />
                <SequencePoint vc="1" uspid="2530" ordinal="0" offset="56" sl="81" sc="13" el="81" ec="13" bec="0" bev="0" fileid="40" />
                <SequencePoint vc="2" uspid="2531" ordinal="0" offset="79" sl="78" sc="27" el="78" ec="27" bec="0" bev="0" fileid="40" />
                <SequencePoint vc="1" uspid="2532" ordinal="0" offset="104" sl="83" sc="5" el="83" ec="5" bec="0" bev="0" fileid="40" />
              </SequencePoints>
              <BranchPoints />
            </Method>
            <Method visited="true" cyclomaticComplexity="0" nPathComplexity="0" sequenceCoverage="100.0" branchCoverage="0" crapScore="0" isConstructor="true" isStatic="false" isGetter="false" isSetter="false">
              <Summary numSequencePoints="3" visitedSequencePoints="3" numBranchPoints="0" visitedBranchPoints="0" sequenceCoverage="100.0" branchCoverage="0" maxCyclomaticComplexity="0" minCyclomaticComplexity="0" maxCrapScore="0" minCrapScore="0" visitedClasses="0" numClasses="0" visitedMethods="1" numMethods="1" />
              <MetadataToken>100663506</MetadataToken>
              <Name>PlayerInventory::PlayerInventory()</Name>
              <FileRef uid="40" />
              <SequencePoints>
                <SequencePoint vc="1" uspid="2540" ordinal="0" offset="0" sl="8" sc="5" el="8" ec="5" bec="0" bev="0" fileid="40" />
                <SequencePoint vc="1" uspid="2541" ordinal="0" offset="11" sl="9" sc="5" el="9" ec="5" bec="0" bev="0" fileid="40" />
                <SequencePoint vc="1" uspid="2542" ordinal="0" offset="22" sl="12" sc="5" el="12" ec="5" bec="0" bev="0" fileid="40" />
              </SequencePoints>
              <BranchPoints />
            </Method>
          </Methods>
        </Class>
        <Class>
          <Summary numSequencePoints="5" visitedSequencePoints="5" numBranchPoints="0" visitedBranchPoints="0" sequenceCoverage="100.0" branchCoverage="0.0" maxCyclomaticComplexity="0" minCyclomaticComplexity="0" maxCrapScore="0" minCrapScore="0" visitedClasses="1" numClasses="1" visitedMethods="1" numMethods="1" />
          <FullName>Weapon</FullName>
          <Methods>
            <Method visited="true" cyclomaticComplexity="0" nPathComplexity="0" sequenceCoverage="100.0" branchCoverage="0" crapScore="0" isConstructor="true" isStatic="false" isGetter="false" isSetter="false">
              <Summary numSequencePoints="5" visitedSequencePoints="5" numBranchPoints="0" visitedBranchPoints="0" sequenceCoverage="100.0" branchCoverage="0" maxCyclomaticComplexity="0" minCyclomaticComplexity="0" maxCrapScore="0" minCrapScore="0" visitedClasses="0" numClasses="0" visitedMethods="1" numMethods="1" />
              <MetadataToken>100663554</MetadataToken>
              <Name>Weapon::Weapon()</Name>
              <FileRef uid="48" />
              <SequencePoints>
                <SequencePoint vc="2" uspid="2736" ordinal="0" offset="0" sl="9" sc="5" el="9" ec="5" bec="0" bev="0" fileid="48" />
                <SequencePoint vc="2" uspid="2737" ordinal="0" offset="7" sl="11" sc="5" el="11" ec="5" bec="0" bev="0" fileid="48" />
                <SequencePoint vc="2" uspid="2738" ordinal="0" offset="18" sl="12" sc="5" el="12" ec="5" bec="0" bev="0" fileid="48" />
                <SequencePoint vc="2" uspid="2739" ordinal="0" offset="29" sl="13" sc="5" el="13" ec="5" bec="0" bev="0" fileid="48" />
                <SequencePoint vc="2" uspid="2740" ordinal="0" offset="37" sl="15" sc="5" el="15" ec="5" bec="0" bev="0" fileid="48" />
              </SequencePoints>
              <BranchPoints />
            </Method>
          </Methods>
        </Class>
      </Classes>
    </Module>
  </Modules>
</CoverageSession>