<?xml version="1.0" encoding="utf-8"?>
<CoverageSession xmlns:xsd="http://www.w3.org/2001/XMLSchema" xmlns:xsi="http://www.w3.org/2001/XMLSchema-instance" Version="0.0.0.0">
  <Summary numSequencePoints="587" visitedSequencePoints="513" numBranchPoints="0" visitedBranchPoints="0" sequenceCoverage="87.39" branchCoverage="0.0" maxCyclomaticComplexity="0" minCyclomaticComplexity="0" maxCrapScore="0" minCrapScore="0" visitedClasses="28" numClasses="28" visitedMethods="100" numMethods="102" />
  <Modules>
    <Module>
      <Summary numSequencePoints="587" visitedSequencePoints="513" numBranchPoints="0" visitedBranchPoints="0" sequenceCoverage="87.39" branchCoverage="0.0" maxCyclomaticComplexity="0" minCyclomaticComplexity="0" maxCrapScore="0" minCrapScore="0" visitedClasses="28" numClasses="28" visitedMethods="100" numMethods="102" />
      <ModuleTime>0001-01-01T00:00:00</ModuleTime>
      <ModuleName>Scripts</ModuleName>
      <Files>
        <File uid="1" fullPath="/Users/emilisceida/Documents/GitHub/BTG-24/Game/Assets/Scripts/BgWallTile.cs" />
        <File uid="2" fullPath="/Users/emilisceida/Documents/GitHub/BTG-24/Game/Assets/Scripts/BigWall.cs" />
        <File uid="3" fullPath="/Users/emilisceida/Documents/GitHub/BTG-24/Game/Assets/Scripts/BlockColor.cs" />
        <File uid="4" fullPath="/Users/emilisceida/Documents/GitHub/BTG-24/Game/Assets/Scripts/Boundary.cs" />
        <File uid="5" fullPath="/Users/emilisceida/Documents/GitHub/BTG-24/Game/Assets/Scripts/BulletScript.cs" />
        <File uid="6" fullPath="/Users/emilisceida/Documents/GitHub/BTG-24/Game/Assets/Scripts/BulletTrail.cs" />
        <File uid="7" fullPath="/Users/emilisceida/Documents/GitHub/BTG-24/Game/Assets/Scripts/ClockManager.cs" />
        <File uid="8" fullPath="/Users/emilisceida/Documents/GitHub/BTG-24/Game/Assets/Scripts/Description.cs" />
        <File uid="9" fullPath="/Users/emilisceida/Documents/GitHub/BTG-24/Game/Assets/Scripts/Door.cs" />
        <File uid="10" fullPath="/Users/emilisceida/Documents/GitHub/BTG-24/Game/Assets/Scripts/DynamicWall.cs" />
        <File uid="11" fullPath="/Users/emilisceida/Documents/GitHub/BTG-24/Game/Assets/Scripts/EnemyAI/EnemyBehaviour.cs" />
        <File uid="12" fullPath="/Users/emilisceida/Documents/GitHub/BTG-24/Game/Assets/Scripts/EnemyAI/Eyes.cs" />
        <File uid="13" fullPath="/Users/emilisceida/Documents/GitHub/BTG-24/Game/Assets/Scripts/EnemyAI/Sighting.cs" />
        <File uid="14" fullPath="/Users/emilisceida/Documents/GitHub/BTG-24/Game/Assets/Scripts/EnemyAI/WallManager.cs" />
        <File uid="15" fullPath="/Users/emilisceida/Documents/GitHub/BTG-24/Game/Assets/Scripts/EnemyHealth.cs" />
        <File uid="16" fullPath="/Users/emilisceida/Documents/GitHub/BTG-24/Game/Assets/Scripts/Explode.cs" />
        <File uid="17" fullPath="/Users/emilisceida/Documents/GitHub/BTG-24/Game/Assets/Scripts/GameManager.cs" />
        <File uid="18" fullPath="/Users/emilisceida/Documents/GitHub/BTG-24/Game/Assets/Scripts/Glass.cs" />
        <File uid="19" fullPath="/Users/emilisceida/Documents/GitHub/BTG-24/Game/Assets/Scripts/GrenadeTraveling.cs" />
        <File uid="20" fullPath="/Users/emilisceida/Documents/GitHub/BTG-24/Game/Assets/Scripts/HitResponse.cs" />
        <File uid="21" fullPath="/Users/emilisceida/Documents/GitHub/BTG-24/Game/Assets/Scripts/Indicator.cs" />
        <File uid="22" fullPath="/Users/emilisceida/Documents/GitHub/BTG-24/Game/Assets/Scripts/Interactable.cs" />
        <File uid="23" fullPath="/Users/emilisceida/Documents/GitHub/BTG-24/Game/Assets/Scripts/InteractEvent.cs" />
        <File uid="24" fullPath="/Users/emilisceida/Documents/GitHub/BTG-24/Game/Assets/Scripts/ItemDrop.cs" />
        <File uid="25" fullPath="/Users/emilisceida/Documents/GitHub/BTG-24/Game/Assets/Scripts/KeyCollect.cs" />
        <File uid="26" fullPath="/Users/emilisceida/Documents/GitHub/BTG-24/Game/Assets/Scripts/LevelData.cs" />
        <File uid="27" fullPath="/Users/emilisceida/Documents/GitHub/BTG-24/Game/Assets/Scripts/LevelExit.cs" />
        <File uid="28" fullPath="/Users/emilisceida/Documents/GitHub/BTG-24/Game/Assets/Scripts/LevelLoader.cs" />
        <File uid="29" fullPath="/Users/emilisceida/Documents/GitHub/BTG-24/Game/Assets/Scripts/LevelPreviewGenerator.cs" />
        <File uid="30" fullPath="/Users/emilisceida/Documents/GitHub/BTG-24/Game/Assets/Scripts/Missile.cs" />
        <File uid="31" fullPath="/Users/emilisceida/Documents/GitHub/BTG-24/Game/Assets/Scripts/OrbPickup.cs" />
        <File uid="32" fullPath="/Users/emilisceida/Documents/GitHub/BTG-24/Game/Assets/Scripts/Pickup.cs" />
        <File uid="33" fullPath="/Users/emilisceida/Documents/GitHub/BTG-24/Game/Assets/Scripts/PlayerScripts/AmmoPouch.cs" />
        <File uid="34" fullPath="/Users/emilisceida/Documents/GitHub/BTG-24/Game/Assets/Scripts/PlayerScripts/Attack.cs" />
        <File uid="35" fullPath="/Users/emilisceida/Documents/GitHub/BTG-24/Game/Assets/Scripts/PlayerScripts/Blaster.cs" />
        <File uid="36" fullPath="/Users/emilisceida/Documents/GitHub/BTG-24/Game/Assets/Scripts/PlayerScripts/Camera_Follow.cs" />
        <File uid="37" fullPath="/Users/emilisceida/Documents/GitHub/BTG-24/Game/Assets/Scripts/PlayerScripts/Grenade.cs" />
        <File uid="38" fullPath="/Users/emilisceida/Documents/GitHub/BTG-24/Game/Assets/Scripts/PlayerScripts/Item.cs" />
        <File uid="39" fullPath="/Users/emilisceida/Documents/GitHub/BTG-24/Game/Assets/Scripts/PlayerScripts/ItemSelection.cs" />
        <File uid="40" fullPath="/Users/emilisceida/Documents/GitHub/BTG-24/Game/Assets/Scripts/PlayerScripts/ItemSwither.cs" />
        <File uid="41" fullPath="/Users/emilisceida/Documents/GitHub/BTG-24/Game/Assets/Scripts/PlayerScripts/Launcher.cs" />
        <File uid="42" fullPath="/Users/emilisceida/Documents/GitHub/BTG-24/Game/Assets/Scripts/PlayerScripts/Look.cs" />
        <File uid="43" fullPath="/Users/emilisceida/Documents/GitHub/BTG-24/Game/Assets/Scripts/PlayerScripts/Melee.cs" />
        <File uid="44" fullPath="/Users/emilisceida/Documents/GitHub/BTG-24/Game/Assets/Scripts/PlayerScripts/Minigun.cs" />
        <File uid="45" fullPath="/Users/emilisceida/Documents/GitHub/BTG-24/Game/Assets/Scripts/PlayerScripts/Move.cs" />
        <File uid="46" fullPath="/Users/emilisceida/Documents/GitHub/BTG-24/Game/Assets/Scripts/PlayerScripts/PlayerCanvas.cs" />
        <File uid="47" fullPath="/Users/emilisceida/Documents/GitHub/BTG-24/Game/Assets/Scripts/PlayerScripts/PlayerController.cs" />
        <File uid="48" fullPath="/Users/emilisceida/Documents/GitHub/BTG-24/Game/Assets/Scripts/PlayerScripts/PlayerInventory.cs" />
        <File uid="49" fullPath="/Users/emilisceida/Documents/GitHub/BTG-24/Game/Assets/Scripts/PlayerScripts/PlayerUI.cs" />
        <File uid="50" fullPath="/Users/emilisceida/Documents/GitHub/BTG-24/Game/Assets/Scripts/PlayerScripts/Shoot.cs" />
        <File uid="51" fullPath="/Users/emilisceida/Documents/GitHub/BTG-24/Game/Assets/Scripts/PlayerScripts/Sniper.cs" />
        <File uid="52" fullPath="/Users/emilisceida/Documents/GitHub/BTG-24/Game/Assets/Scripts/PlayerScripts/Spawn.cs" />
        <File uid="53" fullPath="/Users/emilisceida/Documents/GitHub/BTG-24/Game/Assets/Scripts/PlayerScripts/Throw.cs" />
        <File uid="54" fullPath="/Users/emilisceida/Documents/GitHub/BTG-24/Game/Assets/Scripts/PlayerScripts/UISlot.cs" />
        <File uid="55" fullPath="/Users/emilisceida/Documents/GitHub/BTG-24/Game/Assets/Scripts/PlayerScripts/Weapon.cs" />
        <File uid="56" fullPath="/Users/emilisceida/Documents/GitHub/BTG-24/Game/Assets/Scripts/PlayerShield.cs" />
        <File uid="57" fullPath="/Users/emilisceida/Documents/GitHub/BTG-24/Game/Assets/Scripts/PowerUpScripts/AmmoRefill.cs" />
        <File uid="58" fullPath="/Users/emilisceida/Documents/GitHub/BTG-24/Game/Assets/Scripts/PowerUpScripts/ExtraHP.cs" />
        <File uid="59" fullPath="/Users/emilisceida/Documents/GitHub/BTG-24/Game/Assets/Scripts/PowerUpScripts/PowerShot.cs" />
        <File uid="60" fullPath="/Users/emilisceida/Documents/GitHub/BTG-24/Game/Assets/Scripts/PowerUpScripts/SpeedUp.cs" />
        <File uid="61" fullPath="/Users/emilisceida/Documents/GitHub/BTG-24/Game/Assets/Scripts/SaveSystem.cs" />
        <File uid="62" fullPath="/Users/emilisceida/Documents/GitHub/BTG-24/Game/Assets/Scripts/ScoreManager.cs" />
        <File uid="63" fullPath="/Users/emilisceida/Documents/GitHub/BTG-24/Game/Assets/Scripts/SelectedItems.cs" />
        <File uid="64" fullPath="/Users/emilisceida/Documents/GitHub/BTG-24/Game/Assets/Scripts/SlashScript.cs" />
        <File uid="65" fullPath="/Users/emilisceida/Documents/GitHub/BTG-24/Game/Assets/Scripts/SoundTracker.cs" />
        <File uid="66" fullPath="/Users/emilisceida/Documents/GitHub/BTG-24/Game/Assets/Scripts/TossPhysics.cs" />
        <File uid="67" fullPath="/Users/emilisceida/Documents/GitHub/BTG-24/Game/Assets/Scripts/TriggerCondition.cs" />
        <File uid="68" fullPath="/Users/emilisceida/Documents/GitHub/BTG-24/Game/Assets/Scripts/TriggerEvent.cs" />
        <File uid="69" fullPath="/Users/emilisceida/Documents/GitHub/BTG-24/Game/Assets/Scripts/UIScripts/ButtonColor.cs" />
        <File uid="70" fullPath="/Users/emilisceida/Documents/GitHub/BTG-24/Game/Assets/Scripts/UIScripts/ButtonScript.cs" />
        <File uid="71" fullPath="/Users/emilisceida/Documents/GitHub/BTG-24/Game/Assets/Scripts/UIScripts/ColorScheme.cs" />
        <File uid="72" fullPath="/Users/emilisceida/Documents/GitHub/BTG-24/Game/Assets/Scripts/UIScripts/LevelSelect.cs" />
        <File uid="73" fullPath="/Users/emilisceida/Documents/GitHub/BTG-24/Game/Assets/Scripts/UIScripts/LevelSelectManager.cs" />
        <File uid="74" fullPath="/Users/emilisceida/Documents/GitHub/BTG-24/Game/Assets/Scripts/UIScripts/MainMenu.cs" />
        <File uid="75" fullPath="/Users/emilisceida/Documents/GitHub/BTG-24/Game/Assets/Scripts/UIScripts/PanelGrid.cs" />
        <File uid="76" fullPath="/Users/emilisceida/Documents/GitHub/BTG-24/Game/Assets/Scripts/UIScripts/SingleColor.cs" />
        <File uid="77" fullPath="/Users/emilisceida/Documents/GitHub/BTG-24/Game/Assets/Scripts/UIScripts/ToggleScript.cs" />
        <File uid="78" fullPath="/Users/emilisceida/Documents/GitHub/BTG-24/Game/Assets/Scripts/UnDeafen.cs" />
        <File uid="79" fullPath="/Users/emilisceida/Documents/GitHub/BTG-24/Game/Assets/Scripts/Vectors.cs" />
        <File uid="80" fullPath="/Users/emilisceida/Documents/GitHub/BTG-24/Game/Assets/Scripts/WallState.cs" />
        <File uid="81" fullPath="/Users/emilisceida/Documents/GitHub/BTG-24/Game/Assets/Scripts/PlayerScripts/Timer.cs" />
        <File uid="82" fullPath="/Users/emilisceida/Documents/GitHub/BTG-24/Game/Assets/Scripts/EnemyAI/AttackState.cs" />
        <File uid="83" fullPath="/Users/emilisceida/Documents/GitHub/BTG-24/Game/Assets/Scripts/EnemyAI/ChaseState.cs" />
        <File uid="84" fullPath="/Users/emilisceida/Documents/GitHub/BTG-24/Game/Assets/Scripts/EnemyAI/FollowState.cs" />
        <File uid="85" fullPath="/Users/emilisceida/Documents/GitHub/BTG-24/Game/Assets/Scripts/EnemyAI/IdleState.cs" />
        <File uid="86" fullPath="/Users/emilisceida/Documents/GitHub/BTG-24/Game/Assets/Scripts/EnemyAI/InvestigateState.cs" />
        <File uid="87" fullPath="/Users/emilisceida/Documents/GitHub/BTG-24/Game/Assets/Scripts/EnemyAI/LookState.cs" />
      </Files>
      <Classes>
        <Class>
          <Summary numSequencePoints="57" visitedSequencePoints="45" numBranchPoints="0" visitedBranchPoints="0" sequenceCoverage="78.95" branchCoverage="0.0" maxCyclomaticComplexity="0" minCyclomaticComplexity="0" maxCrapScore="0" minCrapScore="0" visitedClasses="1" numClasses="1" visitedMethods="4" numMethods="4" />
          <FullName>BulletScript</FullName>
          <Methods>
            <Method visited="true" cyclomaticComplexity="0" nPathComplexity="0" sequenceCoverage="46.67" branchCoverage="0" crapScore="0" isConstructor="false" isStatic="false" isGetter="false" isSetter="false">
              <Summary numSequencePoints="15" visitedSequencePoints="7" numBranchPoints="0" visitedBranchPoints="0" sequenceCoverage="46.67" branchCoverage="0" maxCyclomaticComplexity="0" minCyclomaticComplexity="0" maxCrapScore="0" minCrapScore="0" visitedClasses="0" numClasses="0" visitedMethods="1" numMethods="1" />
              <MetadataToken>100663321</MetadataToken>
              <Name>System.Void BulletScript::Start()</Name>
              <FileRef uid="5" />
              <SequencePoints>
                <SequencePoint vc="6" uspid="245" ordinal="0" offset="0" sl="12" sc="5" el="12" ec="5" bec="0" bev="0" fileid="5" />
                <SequencePoint vc="6" uspid="246" ordinal="0" offset="1" sl="13" sc="9" el="13" ec="9" bec="0" bev="0" fileid="5" />
                <SequencePoint vc="6" uspid="247" ordinal="0" offset="23" sl="16" sc="9" el="16" ec="9" bec="0" bev="0" fileid="5" />
                <SequencePoint vc="0" uspid="248" ordinal="0" offset="52" sl="17" sc="9" el="17" ec="9" bec="0" bev="0" fileid="5" />
                <SequencePoint vc="0" uspid="249" ordinal="0" offset="53" sl="18" sc="13" el="18" ec="13" bec="0" bev="0" fileid="5" />
                <SequencePoint vc="0" uspid="250" ordinal="0" offset="60" sl="19" sc="9" el="19" ec="9" bec="0" bev="0" fileid="5" />
                <SequencePoint vc="6" uspid="251" ordinal="0" offset="61" sl="21" sc="9" el="21" ec="9" bec="0" bev="0" fileid="5" />
                <SequencePoint vc="6" uspid="252" ordinal="0" offset="91" sl="23" sc="9" el="23" ec="9" bec="0" bev="0" fileid="5" />
                <SequencePoint vc="0" uspid="253" ordinal="0" offset="118" sl="24" sc="9" el="24" ec="9" bec="0" bev="0" fileid="5" />
                <SequencePoint vc="0" uspid="254" ordinal="0" offset="119" sl="25" sc="13" el="25" ec="13" bec="0" bev="0" fileid="5" />
                <SequencePoint vc="0" uspid="255" ordinal="0" offset="131" sl="26" sc="13" el="26" ec="13" bec="0" bev="0" fileid="5" />
                <SequencePoint vc="0" uspid="256" ordinal="0" offset="148" sl="27" sc="13" el="27" ec="13" bec="0" bev="0" fileid="5" />
                <SequencePoint vc="0" uspid="257" ordinal="0" offset="165" sl="28" sc="9" el="28" ec="9" bec="0" bev="0" fileid="5" />
                <SequencePoint vc="6" uspid="258" ordinal="0" offset="166" sl="30" sc="9" el="30" ec="9" bec="0" bev="0" fileid="5" />
                <SequencePoint vc="6" uspid="259" ordinal="0" offset="183" sl="31" sc="5" el="31" ec="5" bec="0" bev="0" fileid="5" />
              </SequencePoints>
              <BranchPoints />
            </Method>
            <Method visited="true" cyclomaticComplexity="0" nPathComplexity="0" sequenceCoverage="100.0" branchCoverage="0" crapScore="0" isConstructor="false" isStatic="false" isGetter="false" isSetter="false">
              <Summary numSequencePoints="14" visitedSequencePoints="14" numBranchPoints="0" visitedBranchPoints="0" sequenceCoverage="100.0" branchCoverage="0" maxCyclomaticComplexity="0" minCyclomaticComplexity="0" maxCrapScore="0" minCrapScore="0" visitedClasses="0" numClasses="0" visitedMethods="1" numMethods="1" />
              <MetadataToken>100663322</MetadataToken>
              <Name>System.Void BulletScript::Update()</Name>
              <FileRef uid="5" />
              <SequencePoints>
                <SequencePoint vc="123" uspid="260" ordinal="0" offset="0" sl="34" sc="5" el="34" ec="5" bec="0" bev="0" fileid="5" />
                <SequencePoint vc="123" uspid="261" ordinal="0" offset="1" sl="35" sc="9" el="35" ec="9" bec="0" bev="0" fileid="5" />
                <SequencePoint vc="123" uspid="262" ordinal="0" offset="51" sl="37" sc="9" el="37" ec="9" bec="0" bev="0" fileid="5" />
                <SequencePoint vc="123" uspid="263" ordinal="0" offset="69" sl="39" sc="9" el="39" ec="9" bec="0" bev="0" fileid="5" />
                <SequencePoint vc="123" uspid="264" ordinal="0" offset="99" sl="41" sc="9" el="41" ec="9" bec="0" bev="0" fileid="5" />
                <SequencePoint vc="6" uspid="265" ordinal="0" offset="116" sl="42" sc="9" el="42" ec="9" bec="0" bev="0" fileid="5" />
                <SequencePoint vc="6" uspid="266" ordinal="0" offset="117" sl="43" sc="13" el="43" ec="13" bec="0" bev="0" fileid="5" />
                <SequencePoint vc="6" uspid="267" ordinal="0" offset="125" sl="44" sc="9" el="44" ec="9" bec="0" bev="0" fileid="5" />
                <SequencePoint vc="123" uspid="268" ordinal="0" offset="126" sl="46" sc="9" el="46" ec="9" bec="0" bev="0" fileid="5" />
                <SequencePoint vc="123" uspid="269" ordinal="0" offset="137" sl="47" sc="9" el="47" ec="9" bec="0" bev="0" fileid="5" />
                <SequencePoint vc="123" uspid="270" ordinal="0" offset="138" sl="48" sc="13" el="48" ec="13" bec="0" bev="0" fileid="5" />
                <SequencePoint vc="123" uspid="271" ordinal="0" offset="161" sl="49" sc="9" el="49" ec="9" bec="0" bev="0" fileid="5" />
                <SequencePoint vc="123" uspid="272" ordinal="0" offset="162" sl="51" sc="9" el="51" ec="9" bec="0" bev="0" fileid="5" />
                <SequencePoint vc="123" uspid="273" ordinal="0" offset="184" sl="52" sc="5" el="52" ec="5" bec="0" bev="0" fileid="5" />
              </SequencePoints>
              <BranchPoints />
            </Method>
            <Method visited="true" cyclomaticComplexity="0" nPathComplexity="0" sequenceCoverage="84.21" branchCoverage="0" crapScore="0" isConstructor="false" isStatic="false" isGetter="false" isSetter="false">
              <Summary numSequencePoints="19" visitedSequencePoints="16" numBranchPoints="0" visitedBranchPoints="0" sequenceCoverage="84.21" branchCoverage="0" maxCyclomaticComplexity="0" minCyclomaticComplexity="0" maxCrapScore="0" minCrapScore="0" visitedClasses="0" numClasses="0" visitedMethods="1" numMethods="1" />
              <MetadataToken>100663324</MetadataToken>
              <Name>System.Void BulletScript::HandleCollision(UnityEngine.RaycastHit2D)</Name>
              <FileRef uid="5" />
              <SequencePoints>
                <SequencePoint vc="6" uspid="284" ordinal="0" offset="0" sl="66" sc="5" el="66" ec="5" bec="0" bev="0" fileid="5" />
                <SequencePoint vc="6" uspid="285" ordinal="0" offset="1" sl="67" sc="9" el="67" ec="9" bec="0" bev="0" fileid="5" />
                <SequencePoint vc="6" uspid="286" ordinal="0" offset="19" sl="68" sc="9" el="68" ec="9" bec="0" bev="0" fileid="5" />
                <SequencePoint vc="1" uspid="287" ordinal="0" offset="27" sl="69" sc="9" el="69" ec="9" bec="0" bev="0" fileid="5" />
                <SequencePoint vc="1" uspid="288" ordinal="0" offset="28" sl="70" sc="13" el="70" ec="13" bec="0" bev="0" fileid="5" />
                <SequencePoint vc="1" uspid="289" ordinal="0" offset="53" sl="71" sc="13" el="71" ec="13" bec="0" bev="0" fileid="5" />
                <SequencePoint vc="1" uspid="290" ordinal="0" offset="65" sl="72" sc="13" el="72" ec="13" bec="0" bev="0" fileid="5" />
                <SequencePoint vc="1" uspid="291" ordinal="0" offset="77" sl="73" sc="13" el="73" ec="13" bec="0" bev="0" fileid="5" />
                <SequencePoint vc="0" uspid="292" ordinal="0" offset="87" sl="74" sc="13" el="74" ec="13" bec="0" bev="0" fileid="5" />
                <SequencePoint vc="0" uspid="293" ordinal="0" offset="88" sl="75" sc="17" el="75" ec="17" bec="0" bev="0" fileid="5" />
                <SequencePoint vc="0" uspid="294" ordinal="0" offset="96" sl="76" sc="13" el="76" ec="13" bec="0" bev="0" fileid="5" />
                <SequencePoint vc="1" uspid="295" ordinal="0" offset="97" sl="77" sc="13" el="77" ec="13" bec="0" bev="0" fileid="5" />
                <SequencePoint vc="1" uspid="296" ordinal="0" offset="109" sl="78" sc="17" el="78" ec="17" bec="0" bev="0" fileid="5" />
                <SequencePoint vc="1" uspid="297" ordinal="0" offset="116" sl="79" sc="9" el="79" ec="9" bec="0" bev="0" fileid="5" />
                <SequencePoint vc="5" uspid="298" ordinal="0" offset="119" sl="80" sc="14" el="80" ec="14" bec="0" bev="0" fileid="5" />
                <SequencePoint vc="5" uspid="299" ordinal="0" offset="140" sl="81" sc="9" el="81" ec="9" bec="0" bev="0" fileid="5" />
                <SequencePoint vc="5" uspid="300" ordinal="0" offset="141" sl="82" sc="13" el="82" ec="13" bec="0" bev="0" fileid="5" />
                <SequencePoint vc="5" uspid="301" ordinal="0" offset="148" sl="83" sc="9" el="83" ec="9" bec="0" bev="0" fileid="5" />
                <SequencePoint vc="6" uspid="302" ordinal="0" offset="149" sl="84" sc="5" el="84" ec="5" bec="0" bev="0" fileid="5" />
              </SequencePoints>
              <BranchPoints />
            </Method>
            <Method visited="true" cyclomaticComplexity="0" nPathComplexity="0" sequenceCoverage="88.89" branchCoverage="0" crapScore="0" isConstructor="false" isStatic="false" isGetter="false" isSetter="false">
              <Summary numSequencePoints="9" visitedSequencePoints="8" numBranchPoints="0" visitedBranchPoints="0" sequenceCoverage="88.89" branchCoverage="0" maxCyclomaticComplexity="0" minCyclomaticComplexity="0" maxCrapScore="0" minCrapScore="0" visitedClasses="0" numClasses="0" visitedMethods="1" numMethods="1" />
              <MetadataToken>100663325</MetadataToken>
              <Name>System.Void BulletScript::EndPath()</Name>
              <FileRef uid="5" />
              <SequencePoints>
                <SequencePoint vc="6" uspid="303" ordinal="0" offset="0" sl="87" sc="5" el="87" ec="5" bec="0" bev="0" fileid="5" />
                <SequencePoint vc="6" uspid="304" ordinal="0" offset="1" sl="88" sc="9" el="88" ec="9" bec="0" bev="0" fileid="5" />
                <SequencePoint vc="6" uspid="305" ordinal="0" offset="14" sl="89" sc="9" el="89" ec="9" bec="0" bev="0" fileid="5" />
                <SequencePoint vc="6" uspid="306" ordinal="0" offset="27" sl="90" sc="9" el="90" ec="9" bec="0" bev="0" fileid="5" />
                <SequencePoint vc="6" uspid="307" ordinal="0" offset="38" sl="91" sc="9" el="91" ec="9" bec="0" bev="0" fileid="5" />
                <SequencePoint vc="0" uspid="308" ordinal="0" offset="54" sl="92" sc="13" el="92" ec="13" bec="0" bev="0" fileid="5" />
                <SequencePoint vc="6" uspid="309" ordinal="0" offset="71" sl="93" sc="9" el="93" ec="9" bec="0" bev="0" fileid="5" />
                <SequencePoint vc="6" uspid="310" ordinal="0" offset="88" sl="94" sc="9" el="94" ec="9" bec="0" bev="0" fileid="5" />
                <SequencePoint vc="6" uspid="311" ordinal="0" offset="96" sl="95" sc="5" el="95" ec="5" bec="0" bev="0" fileid="5" />
              </SequencePoints>
              <BranchPoints />
            </Method>
          </Methods>
        </Class>
        <Class>
          <Summary numSequencePoints="8" visitedSequencePoints="8" numBranchPoints="0" visitedBranchPoints="0" sequenceCoverage="100.0" branchCoverage="0.0" maxCyclomaticComplexity="0" minCyclomaticComplexity="0" maxCrapScore="0" minCrapScore="0" visitedClasses="1" numClasses="1" visitedMethods="2" numMethods="2" />
          <FullName>Sighting</FullName>
          <Methods>
            <Method visited="true" cyclomaticComplexity="0" nPathComplexity="0" sequenceCoverage="100.0" branchCoverage="0" crapScore="0" isConstructor="false" isStatic="false" isGetter="false" isSetter="false">
              <Summary numSequencePoints="3" visitedSequencePoints="3" numBranchPoints="0" visitedBranchPoints="0" sequenceCoverage="100.0" branchCoverage="0" maxCyclomaticComplexity="0" minCyclomaticComplexity="0" maxCrapScore="0" minCrapScore="0" visitedClasses="0" numClasses="0" visitedMethods="1" numMethods="1" />
              <MetadataToken>100663381</MetadataToken>
              <Name>System.Boolean Sighting::Equals(System.Object)</Name>
              <FileRef uid="13" />
              <SequencePoints>
                <SequencePoint vc="1" uspid="696" ordinal="0" offset="0" sl="15" sc="5" el="15" ec="5" bec="0" bev="0" fileid="13" />
                <SequencePoint vc="1" uspid="697" ordinal="0" offset="1" sl="16" sc="9" el="16" ec="9" bec="0" bev="0" fileid="13" />
                <SequencePoint vc="1" uspid="698" ordinal="0" offset="34" sl="17" sc="5" el="17" ec="5" bec="0" bev="0" fileid="13" />
              </SequencePoints>
              <BranchPoints />
            </Method>
            <Method visited="true" cyclomaticComplexity="0" nPathComplexity="0" sequenceCoverage="100.0" branchCoverage="0" crapScore="0" isConstructor="false" isStatic="true" isGetter="false" isSetter="false">
              <Summary numSequencePoints="5" visitedSequencePoints="5" numBranchPoints="0" visitedBranchPoints="0" sequenceCoverage="100.0" branchCoverage="0" maxCyclomaticComplexity="0" minCyclomaticComplexity="0" maxCrapScore="0" minCrapScore="0" visitedClasses="0" numClasses="0" visitedMethods="1" numMethods="1" />
              <MetadataToken>100663383</MetadataToken>
              <Name>static System.Boolean Sighting::IsRecent(Sighting, System.Single)</Name>
              <FileRef uid="13" />
              <SequencePoints>
                <SequencePoint vc="10" uspid="702" ordinal="0" offset="0" sl="25" sc="5" el="25" ec="5" bec="0" bev="0" fileid="13" />
                <SequencePoint vc="10" uspid="703" ordinal="0" offset="1" sl="26" sc="9" el="26" ec="9" bec="0" bev="0" fileid="13" />
                <SequencePoint vc="6" uspid="704" ordinal="0" offset="23" sl="26" sc="58" el="26" ec="58" bec="0" bev="0" fileid="13" />
                <SequencePoint vc="4" uspid="705" ordinal="0" offset="27" sl="27" sc="9" el="27" ec="9" bec="0" bev="0" fileid="13" />
                <SequencePoint vc="10" uspid="706" ordinal="0" offset="53" sl="28" sc="5" el="28" ec="5" bec="0" bev="0" fileid="13" />
              </SequencePoints>
              <BranchPoints />
            </Method>
          </Methods>
        </Class>
        <Class>
          <Summary numSequencePoints="5" visitedSequencePoints="5" numBranchPoints="0" visitedBranchPoints="0" sequenceCoverage="100.0" branchCoverage="0.0" maxCyclomaticComplexity="0" minCyclomaticComplexity="0" maxCrapScore="0" minCrapScore="0" visitedClasses="1" numClasses="1" visitedMethods="1" numMethods="1" />
          <FullName>Sound</FullName>
          <Methods>
            <Method visited="true" cyclomaticComplexity="0" nPathComplexity="0" sequenceCoverage="100.0" branchCoverage="0" crapScore="0" isConstructor="false" isStatic="true" isGetter="false" isSetter="false">
              <Summary numSequencePoints="5" visitedSequencePoints="5" numBranchPoints="0" visitedBranchPoints="0" sequenceCoverage="100.0" branchCoverage="0" maxCyclomaticComplexity="0" minCyclomaticComplexity="0" maxCrapScore="0" minCrapScore="0" visitedClasses="0" numClasses="0" visitedMethods="1" numMethods="1" />
              <MetadataToken>100663387</MetadataToken>
              <Name>static System.Boolean Sound::IsRecent(Sound, System.Single)</Name>
              <FileRef uid="13" />
              <SequencePoints>
                <SequencePoint vc="4" uspid="713" ordinal="0" offset="0" sl="46" sc="5" el="46" ec="5" bec="0" bev="0" fileid="13" />
                <SequencePoint vc="4" uspid="714" ordinal="0" offset="1" sl="47" sc="9" el="47" ec="9" bec="0" bev="0" fileid="13" />
                <SequencePoint vc="2" uspid="715" ordinal="0" offset="9" sl="47" sc="28" el="47" ec="28" bec="0" bev="0" fileid="13" />
                <SequencePoint vc="2" uspid="716" ordinal="0" offset="13" sl="48" sc="9" el="48" ec="9" bec="0" bev="0" fileid="13" />
                <SequencePoint vc="4" uspid="717" ordinal="0" offset="39" sl="49" sc="5" el="49" ec="5" bec="0" bev="0" fileid="13" />
              </SequencePoints>
              <BranchPoints />
            </Method>
          </Methods>
        </Class>
        <Class>
          <Summary numSequencePoints="42" visitedSequencePoints="37" numBranchPoints="0" visitedBranchPoints="0" sequenceCoverage="88.10" branchCoverage="0.0" maxCyclomaticComplexity="0" minCyclomaticComplexity="0" maxCrapScore="0" minCrapScore="0" visitedClasses="1" numClasses="1" visitedMethods="7" numMethods="7" />
          <FullName>Sightings</FullName>
          <Methods>
            <Method visited="true" cyclomaticComplexity="0" nPathComplexity="0" sequenceCoverage="100.0" branchCoverage="0" crapScore="0" isConstructor="false" isStatic="false" isGetter="true" isSetter="false">
              <Summary numSequencePoints="1" visitedSequencePoints="1" numBranchPoints="0" visitedBranchPoints="0" sequenceCoverage="100.0" branchCoverage="0" maxCyclomaticComplexity="0" minCyclomaticComplexity="0" maxCrapScore="0" minCrapScore="0" visitedClasses="0" numClasses="0" visitedMethods="1" numMethods="1" />
              <MetadataToken>100663390</MetadataToken>
              <Name>System.Int32 Sightings::get_Count()</Name>
              <FileRef uid="13" />
              <SequencePoints>
                <SequencePoint vc="1" uspid="721" ordinal="0" offset="0" sl="63" sc="25" el="63" ec="25" bec="0" bev="0" fileid="13" />
              </SequencePoints>
              <BranchPoints />
            </Method>
            <Method visited="true" cyclomaticComplexity="0" nPathComplexity="0" sequenceCoverage="100.0" branchCoverage="0" crapScore="0" isConstructor="false" isStatic="false" isGetter="false" isSetter="false">
              <Summary numSequencePoints="3" visitedSequencePoints="3" numBranchPoints="0" visitedBranchPoints="0" sequenceCoverage="100.0" branchCoverage="0" maxCyclomaticComplexity="0" minCyclomaticComplexity="0" maxCrapScore="0" minCrapScore="0" visitedClasses="0" numClasses="0" visitedMethods="1" numMethods="1" />
              <MetadataToken>100663394</MetadataToken>
              <Name>Sighting Sightings::PlayerSighting()</Name>
              <FileRef uid="13" />
              <SequencePoints>
                <SequencePoint vc="8" uspid="725" ordinal="0" offset="0" sl="81" sc="5" el="81" ec="5" bec="0" bev="0" fileid="13" />
                <SequencePoint vc="8" uspid="726" ordinal="0" offset="1" sl="83" sc="9" el="83" ec="9" bec="0" bev="0" fileid="13" />
                <SequencePoint vc="8" uspid="727" ordinal="0" offset="10" sl="84" sc="5" el="84" ec="5" bec="0" bev="0" fileid="13" />
              </SequencePoints>
              <BranchPoints />
            </Method>
            <Method visited="true" cyclomaticComplexity="0" nPathComplexity="0" sequenceCoverage="100.0" branchCoverage="0" crapScore="0" isConstructor="false" isStatic="false" isGetter="false" isSetter="false">
              <Summary numSequencePoints="3" visitedSequencePoints="3" numBranchPoints="0" visitedBranchPoints="0" sequenceCoverage="100.0" branchCoverage="0" maxCyclomaticComplexity="0" minCyclomaticComplexity="0" maxCrapScore="0" minCrapScore="0" visitedClasses="0" numClasses="0" visitedMethods="1" numMethods="1" />
              <MetadataToken>100663395</MetadataToken>
              <Name>Sighting Sightings::AllySighting()</Name>
              <FileRef uid="13" />
              <SequencePoints>
                <SequencePoint vc="2" uspid="728" ordinal="0" offset="0" sl="87" sc="5" el="87" ec="5" bec="0" bev="0" fileid="13" />
                <SequencePoint vc="2" uspid="729" ordinal="0" offset="1" sl="89" sc="9" el="89" ec="9" bec="0" bev="0" fileid="13" />
                <SequencePoint vc="2" uspid="730" ordinal="0" offset="10" sl="90" sc="5" el="90" ec="5" bec="0" bev="0" fileid="13" />
              </SequencePoints>
              <BranchPoints />
            </Method>
            <Method visited="true" cyclomaticComplexity="0" nPathComplexity="0" sequenceCoverage="100.0" branchCoverage="0" crapScore="0" isConstructor="false" isStatic="false" isGetter="false" isSetter="false">
              <Summary numSequencePoints="4" visitedSequencePoints="4" numBranchPoints="0" visitedBranchPoints="0" sequenceCoverage="100.0" branchCoverage="0" maxCyclomaticComplexity="0" minCyclomaticComplexity="0" maxCrapScore="0" minCrapScore="0" visitedClasses="0" numClasses="0" visitedMethods="1" numMethods="1" />
              <MetadataToken>100663396</MetadataToken>
              <Name>Sound Sightings::Listen()</Name>
              <FileRef uid="13" />
              <SequencePoints>
                <SequencePoint vc="2" uspid="731" ordinal="0" offset="0" sl="93" sc="5" el="93" ec="5" bec="0" bev="0" fileid="13" />
                <SequencePoint vc="2" uspid="732" ordinal="0" offset="1" sl="94" sc="9" el="94" ec="9" bec="0" bev="0" fileid="13" />
                <SequencePoint vc="2" uspid="733" ordinal="0" offset="44" sl="95" sc="9" el="95" ec="9" bec="0" bev="0" fileid="13" />
                <SequencePoint vc="2" uspid="734" ordinal="0" offset="94" sl="96" sc="5" el="96" ec="5" bec="0" bev="0" fileid="13" />
              </SequencePoints>
              <BranchPoints />
            </Method>
            <Method visited="true" cyclomaticComplexity="0" nPathComplexity="0" sequenceCoverage="94.12" branchCoverage="0" crapScore="0" isConstructor="false" isStatic="false" isGetter="false" isSetter="false">
              <Summary numSequencePoints="17" visitedSequencePoints="16" numBranchPoints="0" visitedBranchPoints="0" sequenceCoverage="94.12" branchCoverage="0" maxCyclomaticComplexity="0" minCyclomaticComplexity="0" maxCrapScore="0" minCrapScore="0" visitedClasses="0" numClasses="0" visitedMethods="1" numMethods="1" />
              <MetadataToken>100663398</MetadataToken>
              <Name>System.Void Sightings::TryAddSighting(Sighting)</Name>
              <FileRef uid="13" />
              <SequencePoints>
                <SequencePoint vc="5" uspid="738" ordinal="0" offset="13" sl="103" sc="5" el="103" ec="5" bec="0" bev="0" fileid="13" />
                <SequencePoint vc="5" uspid="739" ordinal="0" offset="14" sl="104" sc="9" el="104" ec="9" bec="0" bev="0" fileid="13" />
                <SequencePoint vc="5" uspid="740" ordinal="0" offset="38" sl="105" sc="9" el="105" ec="9" bec="0" bev="0" fileid="13" />
                <SequencePoint vc="4" uspid="741" ordinal="0" offset="46" sl="106" sc="9" el="106" ec="9" bec="0" bev="0" fileid="13" />
                <SequencePoint vc="4" uspid="742" ordinal="0" offset="47" sl="107" sc="13" el="107" ec="13" bec="0" bev="0" fileid="13" />
                <SequencePoint vc="4" uspid="743" ordinal="0" offset="65" sl="108" sc="13" el="108" ec="13" bec="0" bev="0" fileid="13" />
                <SequencePoint vc="4" uspid="744" ordinal="0" offset="72" sl="109" sc="9" el="109" ec="9" bec="0" bev="0" fileid="13" />
                <SequencePoint vc="1" uspid="745" ordinal="0" offset="75" sl="111" sc="9" el="111" ec="9" bec="0" bev="0" fileid="13" />
                <SequencePoint vc="1" uspid="746" ordinal="0" offset="76" sl="112" sc="13" el="112" ec="13" bec="0" bev="0" fileid="13" />
                <SequencePoint vc="1" uspid="747" ordinal="0" offset="93" sl="113" sc="13" el="113" ec="13" bec="0" bev="0" fileid="13" />
                <SequencePoint vc="1" uspid="748" ordinal="0" offset="110" sl="114" sc="13" el="114" ec="13" bec="0" bev="0" fileid="13" />
                <SequencePoint vc="1" uspid="749" ordinal="0" offset="127" sl="115" sc="9" el="115" ec="9" bec="0" bev="0" fileid="13" />
                <SequencePoint vc="5" uspid="750" ordinal="0" offset="128" sl="116" sc="9" el="116" ec="9" bec="0" bev="0" fileid="13" />
                <SequencePoint vc="5" uspid="751" ordinal="0" offset="153" sl="117" sc="13" el="117" ec="13" bec="0" bev="0" fileid="13" />
                <SequencePoint vc="5" uspid="752" ordinal="0" offset="160" sl="118" sc="9" el="118" ec="9" bec="0" bev="0" fileid="13" />
                <SequencePoint vc="0" uspid="753" ordinal="0" offset="187" sl="119" sc="13" el="119" ec="13" bec="0" bev="0" fileid="13" />
                <SequencePoint vc="5" uspid="754" ordinal="0" offset="194" sl="120" sc="5" el="120" ec="5" bec="0" bev="0" fileid="13" />
              </SequencePoints>
              <BranchPoints />
            </Method>
            <Method visited="true" cyclomaticComplexity="0" nPathComplexity="0" sequenceCoverage="55.56" branchCoverage="0" crapScore="0" isConstructor="false" isStatic="false" isGetter="false" isSetter="false">
              <Summary numSequencePoints="9" visitedSequencePoints="5" numBranchPoints="0" visitedBranchPoints="0" sequenceCoverage="55.56" branchCoverage="0" maxCyclomaticComplexity="0" minCyclomaticComplexity="0" maxCrapScore="0" minCrapScore="0" visitedClasses="0" numClasses="0" visitedMethods="1" numMethods="1" />
              <MetadataToken>100663399</MetadataToken>
              <Name>System.Void Sightings::TryAddSound(Sound)</Name>
              <FileRef uid="13" />
              <SequencePoints>
                <SequencePoint vc="1" uspid="755" ordinal="0" offset="13" sl="123" sc="5" el="123" ec="5" bec="0" bev="0" fileid="13" />
                <SequencePoint vc="1" uspid="756" ordinal="0" offset="14" sl="124" sc="9" el="124" ec="9" bec="0" bev="0" fileid="13" />
                <SequencePoint vc="1" uspid="757" ordinal="0" offset="38" sl="125" sc="9" el="125" ec="9" bec="0" bev="0" fileid="13" />
                <SequencePoint vc="1" uspid="758" ordinal="0" offset="46" sl="126" sc="13" el="126" ec="13" bec="0" bev="0" fileid="13" />
                <SequencePoint vc="0" uspid="759" ordinal="0" offset="66" sl="128" sc="9" el="128" ec="9" bec="0" bev="0" fileid="13" />
                <SequencePoint vc="0" uspid="760" ordinal="0" offset="67" sl="129" sc="13" el="129" ec="13" bec="0" bev="0" fileid="13" />
                <SequencePoint vc="0" uspid="761" ordinal="0" offset="84" sl="130" sc="13" el="130" ec="13" bec="0" bev="0" fileid="13" />
                <SequencePoint vc="0" uspid="762" ordinal="0" offset="101" sl="131" sc="9" el="131" ec="9" bec="0" bev="0" fileid="13" />
                <SequencePoint vc="1" uspid="763" ordinal="0" offset="102" sl="132" sc="5" el="132" ec="5" bec="0" bev="0" fileid="13" />
              </SequencePoints>
              <BranchPoints />
            </Method>
            <Method visited="true" cyclomaticComplexity="0" nPathComplexity="0" sequenceCoverage="100.0" branchCoverage="0" crapScore="0" isConstructor="true" isStatic="false" isGetter="false" isSetter="false">
              <Summary numSequencePoints="5" visitedSequencePoints="5" numBranchPoints="0" visitedBranchPoints="0" sequenceCoverage="100.0" branchCoverage="0" maxCyclomaticComplexity="0" minCyclomaticComplexity="0" maxCrapScore="0" minCrapScore="0" visitedClasses="0" numClasses="0" visitedMethods="1" numMethods="1" />
              <MetadataToken>100663391</MetadataToken>
              <Name>Sightings::Sightings()</Name>
              <FileRef uid="13" />
              <SequencePoints>
                <SequencePoint vc="6" uspid="770" ordinal="0" offset="0" sl="64" sc="5" el="64" ec="5" bec="0" bev="0" fileid="13" />
                <SequencePoint vc="6" uspid="771" ordinal="0" offset="7" sl="65" sc="5" el="65" ec="5" bec="0" bev="0" fileid="13" />
                <SequencePoint vc="6" uspid="772" ordinal="0" offset="8" sl="66" sc="9" el="66" ec="9" bec="0" bev="0" fileid="13" />
                <SequencePoint vc="6" uspid="773" ordinal="0" offset="19" sl="67" sc="9" el="67" ec="9" bec="0" bev="0" fileid="13" />
                <SequencePoint vc="6" uspid="774" ordinal="0" offset="30" sl="68" sc="5" el="68" ec="5" bec="0" bev="0" fileid="13" />
              </SequencePoints>
              <BranchPoints />
            </Method>
          </Methods>
        </Class>
        <Class>
          <Summary numSequencePoints="22" visitedSequencePoints="21" numBranchPoints="0" visitedBranchPoints="0" sequenceCoverage="95.45" branchCoverage="0.0" maxCyclomaticComplexity="0" minCyclomaticComplexity="0" maxCrapScore="0" minCrapScore="0" visitedClasses="1" numClasses="1" visitedMethods="3" numMethods="3" />
          <FullName>EnemyHealth</FullName>
          <Methods>
            <Method visited="true" cyclomaticComplexity="0" nPathComplexity="0" sequenceCoverage="100.0" branchCoverage="0" crapScore="0" isConstructor="false" isStatic="false" isGetter="false" isSetter="false">
              <Summary numSequencePoints="15" visitedSequencePoints="15" numBranchPoints="0" visitedBranchPoints="0" sequenceCoverage="100.0" branchCoverage="0" maxCyclomaticComplexity="0" minCyclomaticComplexity="0" maxCrapScore="0" minCrapScore="0" visitedClasses="0" numClasses="0" visitedMethods="1" numMethods="1" />
              <MetadataToken>100663408</MetadataToken>
              <Name>HitResponse EnemyHealth::Hit(System.Single, System.Int32, System.Boolean)</Name>
              <FileRef uid="15" />
              <SequencePoints>
                <SequencePoint vc="5" uspid="809" ordinal="0" offset="0" sl="14" sc="5" el="14" ec="5" bec="0" bev="0" fileid="15" />
                <SequencePoint vc="5" uspid="810" ordinal="0" offset="1" sl="15" sc="9" el="15" ec="9" bec="0" bev="0" fileid="15" />
                <SequencePoint vc="5" uspid="811" ordinal="0" offset="19" sl="16" sc="9" el="16" ec="9" bec="0" bev="0" fileid="15" />
                <SequencePoint vc="1" uspid="812" ordinal="0" offset="27" sl="16" sc="26" el="16" ec="26" bec="0" bev="0" fileid="15" />
                <SequencePoint vc="4" uspid="813" ordinal="0" offset="36" sl="17" sc="9" el="17" ec="9" bec="0" bev="0" fileid="15" />
                <SequencePoint vc="1" uspid="814" ordinal="0" offset="52" sl="17" sc="28" el="17" ec="28" bec="0" bev="0" fileid="15" />
                <SequencePoint vc="1" uspid="815" ordinal="0" offset="53" sl="17" sc="30" el="17" ec="30" bec="0" bev="0" fileid="15" />
                <SequencePoint vc="1" uspid="816" ordinal="0" offset="60" sl="17" sc="46" el="17" ec="46" bec="0" bev="0" fileid="15" />
                <SequencePoint vc="1" uspid="817" ordinal="0" offset="72" sl="17" sc="63" el="17" ec="63" bec="0" bev="0" fileid="15" />
                <SequencePoint vc="3" uspid="818" ordinal="0" offset="86" sl="18" sc="9" el="18" ec="9" bec="0" bev="0" fileid="15" />
                <SequencePoint vc="2" uspid="819" ordinal="0" offset="116" sl="19" sc="9" el="19" ec="9" bec="0" bev="0" fileid="15" />
                <SequencePoint vc="2" uspid="820" ordinal="0" offset="117" sl="20" sc="13" el="20" ec="13" bec="0" bev="0" fileid="15" />
                <SequencePoint vc="2" uspid="821" ordinal="0" offset="124" sl="21" sc="13" el="21" ec="13" bec="0" bev="0" fileid="15" />
                <SequencePoint vc="1" uspid="822" ordinal="0" offset="138" sl="23" sc="9" el="23" ec="9" bec="0" bev="0" fileid="15" />
                <SequencePoint vc="5" uspid="823" ordinal="0" offset="152" sl="24" sc="5" el="24" ec="5" bec="0" bev="0" fileid="15" />
              </SequencePoints>
              <BranchPoints />
            </Method>
            <Method visited="true" cyclomaticComplexity="0" nPathComplexity="0" sequenceCoverage="83.33" branchCoverage="0" crapScore="0" isConstructor="false" isStatic="false" isGetter="false" isSetter="false">
              <Summary numSequencePoints="6" visitedSequencePoints="5" numBranchPoints="0" visitedBranchPoints="0" sequenceCoverage="83.33" branchCoverage="0" maxCyclomaticComplexity="0" minCyclomaticComplexity="0" maxCrapScore="0" minCrapScore="0" visitedClasses="0" numClasses="0" visitedMethods="1" numMethods="1" />
              <MetadataToken>100663409</MetadataToken>
              <Name>System.Void EnemyHealth::Die()</Name>
              <FileRef uid="15" />
              <SequencePoints>
                <SequencePoint vc="2" uspid="824" ordinal="0" offset="0" sl="26" sc="5" el="26" ec="5" bec="0" bev="0" fileid="15" />
                <SequencePoint vc="2" uspid="825" ordinal="0" offset="1" sl="27" sc="9" el="27" ec="9" bec="0" bev="0" fileid="15" />
                <SequencePoint vc="0" uspid="826" ordinal="0" offset="17" sl="28" sc="13" el="28" ec="13" bec="0" bev="0" fileid="15" />
                <SequencePoint vc="2" uspid="827" ordinal="0" offset="29" sl="29" sc="9" el="29" ec="9" bec="0" bev="0" fileid="15" />
                <SequencePoint vc="2" uspid="828" ordinal="0" offset="48" sl="30" sc="9" el="30" ec="9" bec="0" bev="0" fileid="15" />
                <SequencePoint vc="2" uspid="829" ordinal="0" offset="60" sl="31" sc="5" el="31" ec="5" bec="0" bev="0" fileid="15" />
              </SequencePoints>
              <BranchPoints />
            </Method>
            <Method visited="true" cyclomaticComplexity="0" nPathComplexity="0" sequenceCoverage="100.0" branchCoverage="0" crapScore="0" isConstructor="true" isStatic="false" isGetter="false" isSetter="false">
              <Summary numSequencePoints="1" visitedSequencePoints="1" numBranchPoints="0" visitedBranchPoints="0" sequenceCoverage="100.0" branchCoverage="0" maxCyclomaticComplexity="0" minCyclomaticComplexity="0" maxCrapScore="0" minCrapScore="0" visitedClasses="0" numClasses="0" visitedMethods="1" numMethods="1" />
              <MetadataToken>100663410</MetadataToken>
              <Name>EnemyHealth::EnemyHealth()</Name>
              <FileRef uid="15" />
              <SequencePoints>
                <SequencePoint vc="10" uspid="830" ordinal="0" offset="0" sl="10" sc="5" el="10" ec="5" bec="0" bev="0" fileid="15" />
              </SequencePoints>
              <BranchPoints />
            </Method>
          </Methods>
        </Class>
        <Class>
          <Summary numSequencePoints="7" visitedSequencePoints="7" numBranchPoints="0" visitedBranchPoints="0" sequenceCoverage="100.0" branchCoverage="0.0" maxCyclomaticComplexity="0" minCyclomaticComplexity="0" maxCrapScore="0" minCrapScore="0" visitedClasses="1" numClasses="1" visitedMethods="1" numMethods="1" />
          <FullName>HitResponse</FullName>
          <Methods>
            <Method visited="true" cyclomaticComplexity="0" nPathComplexity="0" sequenceCoverage="100.0" branchCoverage="0" crapScore="0" isConstructor="true" isStatic="false" isGetter="false" isSetter="false">
              <Summary numSequencePoints="7" visitedSequencePoints="7" numBranchPoints="0" visitedBranchPoints="0" sequenceCoverage="100.0" branchCoverage="0" maxCyclomaticComplexity="0" minCyclomaticComplexity="0" maxCrapScore="0" minCrapScore="0" visitedClasses="0" numClasses="0" visitedMethods="1" numMethods="1" />
              <MetadataToken>100663422</MetadataToken>
              <Name>HitResponse::HitResponse(System.Single, System.Int32, System.Boolean, System.Boolean)</Name>
              <FileRef uid="20" />
              <SequencePoints>
                <SequencePoint vc="15" uspid="889" ordinal="0" offset="0" sl="10" sc="5" el="10" ec="5" bec="0" bev="0" fileid="20" />
                <SequencePoint vc="15" uspid="890" ordinal="0" offset="7" sl="11" sc="5" el="11" ec="5" bec="0" bev="0" fileid="20" />
                <SequencePoint vc="15" uspid="891" ordinal="0" offset="8" sl="12" sc="9" el="12" ec="9" bec="0" bev="0" fileid="20" />
                <SequencePoint vc="15" uspid="892" ordinal="0" offset="15" sl="13" sc="9" el="13" ec="9" bec="0" bev="0" fileid="20" />
                <SequencePoint vc="15" uspid="893" ordinal="0" offset="22" sl="14" sc="9" el="14" ec="9" bec="0" bev="0" fileid="20" />
                <SequencePoint vc="15" uspid="894" ordinal="0" offset="29" sl="15" sc="9" el="15" ec="9" bec="0" bev="0" fileid="20" />
                <SequencePoint vc="15" uspid="895" ordinal="0" offset="37" sl="16" sc="5" el="16" ec="5" bec="0" bev="0" fileid="20" />
              </SequencePoints>
              <BranchPoints />
            </Method>
          </Methods>
        </Class>
        <Class>
          <Summary numSequencePoints="38" visitedSequencePoints="38" numBranchPoints="0" visitedBranchPoints="0" sequenceCoverage="100.0" branchCoverage="0.0" maxCyclomaticComplexity="0" minCyclomaticComplexity="0" maxCrapScore="0" minCrapScore="0" visitedClasses="1" numClasses="1" visitedMethods="9" numMethods="9" />
          <FullName>HitResponseBuilder</FullName>
          <Methods>
            <Method visited="true" cyclomaticComplexity="0" nPathComplexity="0" sequenceCoverage="100.0" branchCoverage="0" crapScore="0" isConstructor="false" isStatic="false" isGetter="false" isSetter="false">
              <Summary numSequencePoints="4" visitedSequencePoints="4" numBranchPoints="0" visitedBranchPoints="0" sequenceCoverage="100.0" branchCoverage="0" maxCyclomaticComplexity="0" minCyclomaticComplexity="0" maxCrapScore="0" minCrapScore="0" visitedClasses="0" numClasses="0" visitedMethods="1" numMethods="1" />
              <MetadataToken>100663424</MetadataToken>
              <Name>HitResponseBuilder HitResponseBuilder::Damage(System.Single)</Name>
              <FileRef uid="20" />
              <SequencePoints>
                <SequencePoint vc="9" uspid="896" ordinal="0" offset="0" sl="35" sc="5" el="35" ec="5" bec="0" bev="0" fileid="20" />
                <SequencePoint vc="9" uspid="897" ordinal="0" offset="1" sl="36" sc="9" el="36" ec="9" bec="0" bev="0" fileid="20" />
                <SequencePoint vc="9" uspid="898" ordinal="0" offset="8" sl="37" sc="9" el="37" ec="9" bec="0" bev="0" fileid="20" />
                <SequencePoint vc="9" uspid="899" ordinal="0" offset="12" sl="38" sc="5" el="38" ec="5" bec="0" bev="0" fileid="20" />
              </SequencePoints>
              <BranchPoints />
            </Method>
            <Method visited="true" cyclomaticComplexity="0" nPathComplexity="0" sequenceCoverage="100.0" branchCoverage="0" crapScore="0" isConstructor="false" isStatic="false" isGetter="false" isSetter="false">
              <Summary numSequencePoints="4" visitedSequencePoints="4" numBranchPoints="0" visitedBranchPoints="0" sequenceCoverage="100.0" branchCoverage="0" maxCyclomaticComplexity="0" minCyclomaticComplexity="0" maxCrapScore="0" minCrapScore="0" visitedClasses="0" numClasses="0" visitedMethods="1" numMethods="1" />
              <MetadataToken>100663425</MetadataToken>
              <Name>HitResponseBuilder HitResponseBuilder::Target(System.Int32)</Name>
              <FileRef uid="20" />
              <SequencePoints>
                <SequencePoint vc="8" uspid="900" ordinal="0" offset="0" sl="41" sc="5" el="41" ec="5" bec="0" bev="0" fileid="20" />
                <SequencePoint vc="8" uspid="901" ordinal="0" offset="1" sl="42" sc="9" el="42" ec="9" bec="0" bev="0" fileid="20" />
                <SequencePoint vc="8" uspid="902" ordinal="0" offset="8" sl="43" sc="9" el="43" ec="9" bec="0" bev="0" fileid="20" />
                <SequencePoint vc="8" uspid="903" ordinal="0" offset="12" sl="44" sc="5" el="44" ec="5" bec="0" bev="0" fileid="20" />
              </SequencePoints>
              <BranchPoints />
            </Method>
            <Method visited="true" cyclomaticComplexity="0" nPathComplexity="0" sequenceCoverage="100.0" branchCoverage="0" crapScore="0" isConstructor="false" isStatic="false" isGetter="false" isSetter="false">
              <Summary numSequencePoints="4" visitedSequencePoints="4" numBranchPoints="0" visitedBranchPoints="0" sequenceCoverage="100.0" branchCoverage="0" maxCyclomaticComplexity="0" minCyclomaticComplexity="0" maxCrapScore="0" minCrapScore="0" visitedClasses="0" numClasses="0" visitedMethods="1" numMethods="1" />
              <MetadataToken>100663426</MetadataToken>
              <Name>HitResponseBuilder HitResponseBuilder::ForEnemy()</Name>
              <FileRef uid="20" />
              <SequencePoints>
                <SequencePoint vc="2" uspid="904" ordinal="0" offset="0" sl="47" sc="5" el="47" ec="5" bec="0" bev="0" fileid="20" />
                <SequencePoint vc="2" uspid="905" ordinal="0" offset="1" sl="48" sc="9" el="48" ec="9" bec="0" bev="0" fileid="20" />
                <SequencePoint vc="2" uspid="906" ordinal="0" offset="8" sl="49" sc="9" el="49" ec="9" bec="0" bev="0" fileid="20" />
                <SequencePoint vc="2" uspid="907" ordinal="0" offset="12" sl="50" sc="5" el="50" ec="5" bec="0" bev="0" fileid="20" />
              </SequencePoints>
              <BranchPoints />
            </Method>
            <Method visited="true" cyclomaticComplexity="0" nPathComplexity="0" sequenceCoverage="100.0" branchCoverage="0" crapScore="0" isConstructor="false" isStatic="false" isGetter="false" isSetter="false">
              <Summary numSequencePoints="4" visitedSequencePoints="4" numBranchPoints="0" visitedBranchPoints="0" sequenceCoverage="100.0" branchCoverage="0" maxCyclomaticComplexity="0" minCyclomaticComplexity="0" maxCrapScore="0" minCrapScore="0" visitedClasses="0" numClasses="0" visitedMethods="1" numMethods="1" />
              <MetadataToken>100663427</MetadataToken>
              <Name>HitResponseBuilder HitResponseBuilder::ForPlayer()</Name>
              <FileRef uid="20" />
              <SequencePoints>
                <SequencePoint vc="1" uspid="908" ordinal="0" offset="0" sl="53" sc="5" el="53" ec="5" bec="0" bev="0" fileid="20" />
                <SequencePoint vc="1" uspid="909" ordinal="0" offset="1" sl="54" sc="9" el="54" ec="9" bec="0" bev="0" fileid="20" />
                <SequencePoint vc="1" uspid="910" ordinal="0" offset="8" sl="55" sc="9" el="55" ec="9" bec="0" bev="0" fileid="20" />
                <SequencePoint vc="1" uspid="911" ordinal="0" offset="12" sl="56" sc="5" el="56" ec="5" bec="0" bev="0" fileid="20" />
              </SequencePoints>
              <BranchPoints />
            </Method>
            <Method visited="true" cyclomaticComplexity="0" nPathComplexity="0" sequenceCoverage="100.0" branchCoverage="0" crapScore="0" isConstructor="false" isStatic="false" isGetter="false" isSetter="false">
              <Summary numSequencePoints="4" visitedSequencePoints="4" numBranchPoints="0" visitedBranchPoints="0" sequenceCoverage="100.0" branchCoverage="0" maxCyclomaticComplexity="0" minCyclomaticComplexity="0" maxCrapScore="0" minCrapScore="0" visitedClasses="0" numClasses="0" visitedMethods="1" numMethods="1" />
              <MetadataToken>100663428</MetadataToken>
              <Name>HitResponseBuilder HitResponseBuilder::ForAll()</Name>
              <FileRef uid="20" />
              <SequencePoints>
                <SequencePoint vc="1" uspid="912" ordinal="0" offset="0" sl="59" sc="5" el="59" ec="5" bec="0" bev="0" fileid="20" />
                <SequencePoint vc="1" uspid="913" ordinal="0" offset="1" sl="60" sc="9" el="60" ec="9" bec="0" bev="0" fileid="20" />
                <SequencePoint vc="1" uspid="914" ordinal="0" offset="8" sl="61" sc="9" el="61" ec="9" bec="0" bev="0" fileid="20" />
                <SequencePoint vc="1" uspid="915" ordinal="0" offset="12" sl="62" sc="5" el="62" ec="5" bec="0" bev="0" fileid="20" />
              </SequencePoints>
              <BranchPoints />
            </Method>
            <Method visited="true" cyclomaticComplexity="0" nPathComplexity="0" sequenceCoverage="100.0" branchCoverage="0" crapScore="0" isConstructor="false" isStatic="false" isGetter="false" isSetter="false">
              <Summary numSequencePoints="4" visitedSequencePoints="4" numBranchPoints="0" visitedBranchPoints="0" sequenceCoverage="100.0" branchCoverage="0" maxCyclomaticComplexity="0" minCyclomaticComplexity="0" maxCrapScore="0" minCrapScore="0" visitedClasses="0" numClasses="0" visitedMethods="1" numMethods="1" />
              <MetadataToken>100663429</MetadataToken>
              <Name>HitResponseBuilder HitResponseBuilder::Destroy()</Name>
              <FileRef uid="20" />
              <SequencePoints>
                <SequencePoint vc="7" uspid="916" ordinal="0" offset="0" sl="65" sc="5" el="65" ec="5" bec="0" bev="0" fileid="20" />
                <SequencePoint vc="7" uspid="917" ordinal="0" offset="1" sl="66" sc="9" el="66" ec="9" bec="0" bev="0" fileid="20" />
                <SequencePoint vc="7" uspid="918" ordinal="0" offset="8" sl="67" sc="9" el="67" ec="9" bec="0" bev="0" fileid="20" />
                <SequencePoint vc="7" uspid="919" ordinal="0" offset="12" sl="68" sc="5" el="68" ec="5" bec="0" bev="0" fileid="20" />
              </SequencePoints>
              <BranchPoints />
            </Method>
            <Method visited="true" cyclomaticComplexity="0" nPathComplexity="0" sequenceCoverage="100.0" branchCoverage="0" crapScore="0" isConstructor="false" isStatic="false" isGetter="false" isSetter="false">
              <Summary numSequencePoints="4" visitedSequencePoints="4" numBranchPoints="0" visitedBranchPoints="0" sequenceCoverage="100.0" branchCoverage="0" maxCyclomaticComplexity="0" minCyclomaticComplexity="0" maxCrapScore="0" minCrapScore="0" visitedClasses="0" numClasses="0" visitedMethods="1" numMethods="1" />
              <MetadataToken>100663430</MetadataToken>
              <Name>HitResponseBuilder HitResponseBuilder::Reflect()</Name>
              <FileRef uid="20" />
              <SequencePoints>
                <SequencePoint vc="2" uspid="920" ordinal="0" offset="0" sl="71" sc="5" el="71" ec="5" bec="0" bev="0" fileid="20" />
                <SequencePoint vc="2" uspid="921" ordinal="0" offset="1" sl="72" sc="9" el="72" ec="9" bec="0" bev="0" fileid="20" />
                <SequencePoint vc="2" uspid="922" ordinal="0" offset="8" sl="73" sc="9" el="73" ec="9" bec="0" bev="0" fileid="20" />
                <SequencePoint vc="2" uspid="923" ordinal="0" offset="12" sl="74" sc="5" el="74" ec="5" bec="0" bev="0" fileid="20" />
              </SequencePoints>
              <BranchPoints />
            </Method>
            <Method visited="true" cyclomaticComplexity="0" nPathComplexity="0" sequenceCoverage="100.0" branchCoverage="0" crapScore="0" isConstructor="false" isStatic="false" isGetter="false" isSetter="false">
              <Summary numSequencePoints="3" visitedSequencePoints="3" numBranchPoints="0" visitedBranchPoints="0" sequenceCoverage="100.0" branchCoverage="0" maxCyclomaticComplexity="0" minCyclomaticComplexity="0" maxCrapScore="0" minCrapScore="0" visitedClasses="0" numClasses="0" visitedMethods="1" numMethods="1" />
              <MetadataToken>100663431</MetadataToken>
              <Name>HitResponse HitResponseBuilder::Build()</Name>
              <FileRef uid="20" />
              <SequencePoints>
                <SequencePoint vc="15" uspid="924" ordinal="0" offset="0" sl="77" sc="5" el="77" ec="5" bec="0" bev="0" fileid="20" />
                <SequencePoint vc="15" uspid="925" ordinal="0" offset="1" sl="78" sc="9" el="78" ec="9" bec="0" bev="0" fileid="20" />
                <SequencePoint vc="15" uspid="926" ordinal="0" offset="33" sl="79" sc="5" el="79" ec="5" bec="0" bev="0" fileid="20" />
              </SequencePoints>
              <BranchPoints />
            </Method>
            <Method visited="true" cyclomaticComplexity="0" nPathComplexity="0" sequenceCoverage="100.0" branchCoverage="0" crapScore="0" isConstructor="true" isStatic="false" isGetter="false" isSetter="false">
              <Summary numSequencePoints="7" visitedSequencePoints="7" numBranchPoints="0" visitedBranchPoints="0" sequenceCoverage="100.0" branchCoverage="0" maxCyclomaticComplexity="0" minCyclomaticComplexity="0" maxCrapScore="0" minCrapScore="0" visitedClasses="0" numClasses="0" visitedMethods="1" numMethods="1" />
              <MetadataToken>100663423</MetadataToken>
              <Name>HitResponseBuilder::HitResponseBuilder()</Name>
              <FileRef uid="20" />
              <SequencePoints>
                <SequencePoint vc="15" uspid="927" ordinal="0" offset="0" sl="26" sc="5" el="26" ec="5" bec="0" bev="0" fileid="20" />
                <SequencePoint vc="15" uspid="928" ordinal="0" offset="7" sl="27" sc="5" el="27" ec="5" bec="0" bev="0" fileid="20" />
                <SequencePoint vc="15" uspid="929" ordinal="0" offset="8" sl="28" sc="9" el="28" ec="9" bec="0" bev="0" fileid="20" />
                <SequencePoint vc="15" uspid="930" ordinal="0" offset="19" sl="29" sc="9" el="29" ec="9" bec="0" bev="0" fileid="20" />
                <SequencePoint vc="15" uspid="931" ordinal="0" offset="26" sl="30" sc="9" el="30" ec="9" bec="0" bev="0" fileid="20" />
                <SequencePoint vc="15" uspid="932" ordinal="0" offset="33" sl="31" sc="9" el="31" ec="9" bec="0" bev="0" fileid="20" />
                <SequencePoint vc="15" uspid="933" ordinal="0" offset="40" sl="32" sc="5" el="32" ec="5" bec="0" bev="0" fileid="20" />
              </SequencePoints>
              <BranchPoints />
            </Method>
          </Methods>
        </Class>
        <Class>
          <Summary numSequencePoints="5" visitedSequencePoints="5" numBranchPoints="0" visitedBranchPoints="0" sequenceCoverage="100.0" branchCoverage="0.0" maxCyclomaticComplexity="0" minCyclomaticComplexity="0" maxCrapScore="0" minCrapScore="0" visitedClasses="1" numClasses="1" visitedMethods="1" numMethods="1" />
          <FullName>LevelData</FullName>
          <Methods>
            <Method visited="true" cyclomaticComplexity="0" nPathComplexity="0" sequenceCoverage="100.0" branchCoverage="0" crapScore="0" isConstructor="true" isStatic="false" isGetter="false" isSetter="false">
              <Summary numSequencePoints="5" visitedSequencePoints="5" numBranchPoints="0" visitedBranchPoints="0" sequenceCoverage="100.0" branchCoverage="0" maxCyclomaticComplexity="0" minCyclomaticComplexity="0" maxCrapScore="0" minCrapScore="0" visitedClasses="0" numClasses="0" visitedMethods="1" numMethods="1" />
              <MetadataToken>100663455</MetadataToken>
              <Name>LevelData::LevelData()</Name>
              <FileRef uid="26" />
              <SequencePoints>
                <SequencePoint vc="5" uspid="1011" ordinal="0" offset="0" sl="9" sc="5" el="9" ec="5" bec="0" bev="0" fileid="26" />
                <SequencePoint vc="5" uspid="1012" ordinal="0" offset="8" sl="10" sc="5" el="10" ec="5" bec="0" bev="0" fileid="26" />
                <SequencePoint vc="5" uspid="1013" ordinal="0" offset="16" sl="11" sc="5" el="11" ec="5" bec="0" bev="0" fileid="26" />
                <SequencePoint vc="5" uspid="1014" ordinal="0" offset="23" sl="12" sc="5" el="12" ec="5" bec="0" bev="0" fileid="26" />
                <SequencePoint vc="5" uspid="1015" ordinal="0" offset="30" sl="14" sc="5" el="14" ec="5" bec="0" bev="0" fileid="26" />
              </SequencePoints>
              <BranchPoints />
            </Method>
          </Methods>
        </Class>
        <Class>
          <Summary numSequencePoints="5" visitedSequencePoints="5" numBranchPoints="0" visitedBranchPoints="0" sequenceCoverage="100.0" branchCoverage="0.0" maxCyclomaticComplexity="0" minCyclomaticComplexity="0" maxCrapScore="0" minCrapScore="0" visitedClasses="1" numClasses="1" visitedMethods="2" numMethods="2" />
          <FullName>Blaster</FullName>
          <Methods>
            <Method visited="true" cyclomaticComplexity="0" nPathComplexity="0" sequenceCoverage="100.0" branchCoverage="0" crapScore="0" isConstructor="false" isStatic="false" isGetter="false" isSetter="false">
              <Summary numSequencePoints="4" visitedSequencePoints="4" numBranchPoints="0" visitedBranchPoints="0" sequenceCoverage="100.0" branchCoverage="0" maxCyclomaticComplexity="0" minCyclomaticComplexity="0" maxCrapScore="0" minCrapScore="0" visitedClasses="0" numClasses="0" visitedMethods="1" numMethods="1" />
              <MetadataToken>100663499</MetadataToken>
              <Name>System.Void Blaster::OnAdd(PlayerInventory, System.Int32)</Name>
              <FileRef uid="35" />
              <SequencePoints>
                <SequencePoint vc="3" uspid="1447" ordinal="0" offset="0" sl="10" sc="5" el="10" ec="5" bec="0" bev="0" fileid="35" />
                <SequencePoint vc="3" uspid="1448" ordinal="0" offset="1" sl="11" sc="9" el="11" ec="9" bec="0" bev="0" fileid="35" />
                <SequencePoint vc="3" uspid="1449" ordinal="0" offset="10" sl="12" sc="9" el="12" ec="9" bec="0" bev="0" fileid="35" />
                <SequencePoint vc="3" uspid="1450" ordinal="0" offset="22" sl="13" sc="5" el="13" ec="5" bec="0" bev="0" fileid="35" />
              </SequencePoints>
              <BranchPoints />
            </Method>
            <Method visited="true" cyclomaticComplexity="0" nPathComplexity="0" sequenceCoverage="100.0" branchCoverage="0" crapScore="0" isConstructor="true" isStatic="false" isGetter="false" isSetter="false">
              <Summary numSequencePoints="1" visitedSequencePoints="1" numBranchPoints="0" visitedBranchPoints="0" sequenceCoverage="100.0" branchCoverage="0" maxCyclomaticComplexity="0" minCyclomaticComplexity="0" maxCrapScore="0" minCrapScore="0" visitedClasses="0" numClasses="0" visitedMethods="1" numMethods="1" />
              <MetadataToken>100663500</MetadataToken>
              <Name>Blaster::Blaster()</Name>
              <FileRef uid="35" />
              <SequencePoints>
                <SequencePoint vc="6" uspid="1451" ordinal="0" offset="0" sl="6" sc="9" el="6" ec="9" bec="0" bev="0" fileid="35" />
              </SequencePoints>
              <BranchPoints />
            </Method>
          </Methods>
        </Class>
        <Class>
          <Summary numSequencePoints="5" visitedSequencePoints="5" numBranchPoints="0" visitedBranchPoints="0" sequenceCoverage="100.0" branchCoverage="0.0" maxCyclomaticComplexity="0" minCyclomaticComplexity="0" maxCrapScore="0" minCrapScore="0" visitedClasses="1" numClasses="1" visitedMethods="2" numMethods="2" />
          <FullName>Grenade</FullName>
          <Methods>
            <Method visited="true" cyclomaticComplexity="0" nPathComplexity="0" sequenceCoverage="100.0" branchCoverage="0" crapScore="0" isConstructor="false" isStatic="false" isGetter="false" isSetter="false">
              <Summary numSequencePoints="4" visitedSequencePoints="4" numBranchPoints="0" visitedBranchPoints="0" sequenceCoverage="100.0" branchCoverage="0" maxCyclomaticComplexity="0" minCyclomaticComplexity="0" maxCrapScore="0" minCrapScore="0" visitedClasses="0" numClasses="0" visitedMethods="1" numMethods="1" />
              <MetadataToken>100663507</MetadataToken>
              <Name>System.Void Grenade::OnAdd(PlayerInventory, System.Int32)</Name>
              <FileRef uid="37" />
              <SequencePoints>
                <SequencePoint vc="1" uspid="1485" ordinal="0" offset="0" sl="9" sc="5" el="9" ec="5" bec="0" bev="0" fileid="37" />
                <SequencePoint vc="1" uspid="1486" ordinal="0" offset="1" sl="10" sc="9" el="10" ec="9" bec="0" bev="0" fileid="37" />
                <SequencePoint vc="1" uspid="1487" ordinal="0" offset="10" sl="11" sc="9" el="11" ec="9" bec="0" bev="0" fileid="37" />
                <SequencePoint vc="1" uspid="1488" ordinal="0" offset="22" sl="12" sc="5" el="12" ec="5" bec="0" bev="0" fileid="37" />
              </SequencePoints>
              <BranchPoints />
            </Method>
            <Method visited="true" cyclomaticComplexity="0" nPathComplexity="0" sequenceCoverage="100.0" branchCoverage="0" crapScore="0" isConstructor="true" isStatic="false" isGetter="false" isSetter="false">
              <Summary numSequencePoints="1" visitedSequencePoints="1" numBranchPoints="0" visitedBranchPoints="0" sequenceCoverage="100.0" branchCoverage="0" maxCyclomaticComplexity="0" minCyclomaticComplexity="0" maxCrapScore="0" minCrapScore="0" visitedClasses="0" numClasses="0" visitedMethods="1" numMethods="1" />
              <MetadataToken>100663508</MetadataToken>
              <Name>Grenade::Grenade()</Name>
              <FileRef uid="37" />
              <SequencePoints>
                <SequencePoint vc="1" uspid="1489" ordinal="0" offset="0" sl="4" sc="9" el="4" ec="9" bec="0" bev="0" fileid="37" />
              </SequencePoints>
              <BranchPoints />
            </Method>
          </Methods>
        </Class>
        <Class>
          <Summary numSequencePoints="17" visitedSequencePoints="16" numBranchPoints="0" visitedBranchPoints="0" sequenceCoverage="94.12" branchCoverage="0.0" maxCyclomaticComplexity="0" minCyclomaticComplexity="0" maxCrapScore="0" minCrapScore="0" visitedClasses="1" numClasses="1" visitedMethods="4" numMethods="4" />
          <FullName>Item</FullName>
          <Methods>
            <Method visited="true" cyclomaticComplexity="0" nPathComplexity="0" sequenceCoverage="87.50" branchCoverage="0" crapScore="0" isConstructor="false" isStatic="false" isGetter="false" isSetter="false">
              <Summary numSequencePoints="8" visitedSequencePoints="7" numBranchPoints="0" visitedBranchPoints="0" sequenceCoverage="87.50" branchCoverage="0" maxCyclomaticComplexity="0" minCyclomaticComplexity="0" maxCrapScore="0" minCrapScore="0" visitedClasses="0" numClasses="0" visitedMethods="1" numMethods="1" />
              <MetadataToken>100663511</MetadataToken>
              <Name>System.Void Item::OnAdd(PlayerInventory, System.Int32)</Name>
              <FileRef uid="38" />
              <SequencePoints>
                <SequencePoint vc="7" uspid="1492" ordinal="0" offset="0" sl="13" sc="5" el="13" ec="5" bec="0" bev="0" fileid="38" />
                <SequencePoint vc="7" uspid="1493" ordinal="0" offset="1" sl="14" sc="9" el="14" ec="9" bec="0" bev="0" fileid="38" />
                <SequencePoint vc="7" uspid="1494" ordinal="0" offset="8" sl="15" sc="9" el="15" ec="9" bec="0" bev="0" fileid="38" />
                <SequencePoint vc="7" uspid="1495" ordinal="0" offset="40" sl="16" sc="9" el="16" ec="9" bec="0" bev="0" fileid="38" />
                <SequencePoint vc="7" uspid="1496" ordinal="0" offset="57" sl="17" sc="9" el="17" ec="9" bec="0" bev="0" fileid="38" />
                <SequencePoint vc="7" uspid="1497" ordinal="0" offset="75" sl="18" sc="9" el="18" ec="9" bec="0" bev="0" fileid="38" />
                <SequencePoint vc="0" uspid="1498" ordinal="0" offset="91" sl="19" sc="13" el="19" ec="13" bec="0" bev="0" fileid="38" />
                <SequencePoint vc="7" uspid="1499" ordinal="0" offset="121" sl="20" sc="5" el="20" ec="5" bec="0" bev="0" fileid="38" />
              </SequencePoints>
              <BranchPoints />
            </Method>
            <Method visited="true" cyclomaticComplexity="0" nPathComplexity="0" sequenceCoverage="100.0" branchCoverage="0" crapScore="0" isConstructor="false" isStatic="false" isGetter="false" isSetter="false">
              <Summary numSequencePoints="6" visitedSequencePoints="6" numBranchPoints="0" visitedBranchPoints="0" sequenceCoverage="100.0" branchCoverage="0" maxCyclomaticComplexity="0" minCyclomaticComplexity="0" maxCrapScore="0" minCrapScore="0" visitedClasses="0" numClasses="0" visitedMethods="1" numMethods="1" />
              <MetadataToken>100663512</MetadataToken>
              <Name>System.Void Item::OnRemove(System.Int32)</Name>
              <FileRef uid="38" />
              <SequencePoints>
                <SequencePoint vc="1" uspid="1500" ordinal="0" offset="0" sl="22" sc="5" el="22" ec="5" bec="0" bev="0" fileid="38" />
                <SequencePoint vc="1" uspid="1501" ordinal="0" offset="1" sl="23" sc="9" el="23" ec="9" bec="0" bev="0" fileid="38" />
                <SequencePoint vc="1" uspid="1502" ordinal="0" offset="25" sl="24" sc="9" el="24" ec="9" bec="0" bev="0" fileid="38" />
                <SequencePoint vc="1" uspid="1503" ordinal="0" offset="32" sl="25" sc="9" el="25" ec="9" bec="0" bev="0" fileid="38" />
                <SequencePoint vc="1" uspid="1504" ordinal="0" offset="49" sl="26" sc="9" el="26" ec="9" bec="0" bev="0" fileid="38" />
                <SequencePoint vc="1" uspid="1505" ordinal="0" offset="67" sl="27" sc="5" el="27" ec="5" bec="0" bev="0" fileid="38" />
              </SequencePoints>
              <BranchPoints />
            </Method>
            <Method visited="true" cyclomaticComplexity="0" nPathComplexity="0" sequenceCoverage="100.0" branchCoverage="0" crapScore="0" isConstructor="false" isStatic="false" isGetter="false" isSetter="false">
              <Summary numSequencePoints="2" visitedSequencePoints="2" numBranchPoints="0" visitedBranchPoints="0" sequenceCoverage="100.0" branchCoverage="0" maxCyclomaticComplexity="0" minCyclomaticComplexity="0" maxCrapScore="0" minCrapScore="0" visitedClasses="0" numClasses="0" visitedMethods="1" numMethods="1" />
              <MetadataToken>100663513</MetadataToken>
              <Name>System.Void Item::Equip()</Name>
              <FileRef uid="38" />
              <SequencePoints>
                <SequencePoint vc="5" uspid="1506" ordinal="0" offset="0" sl="29" sc="5" el="29" ec="5" bec="0" bev="0" fileid="38" />
                <SequencePoint vc="5" uspid="1507" ordinal="0" offset="1" sl="31" sc="5" el="31" ec="5" bec="0" bev="0" fileid="38" />
              </SequencePoints>
              <BranchPoints />
            </Method>
            <Method visited="true" cyclomaticComplexity="0" nPathComplexity="0" sequenceCoverage="100.0" branchCoverage="0" crapScore="0" isConstructor="true" isStatic="false" isGetter="false" isSetter="false">
              <Summary numSequencePoints="1" visitedSequencePoints="1" numBranchPoints="0" visitedBranchPoints="0" sequenceCoverage="100.0" branchCoverage="0" maxCyclomaticComplexity="0" minCyclomaticComplexity="0" maxCrapScore="0" minCrapScore="0" visitedClasses="0" numClasses="0" visitedMethods="1" numMethods="1" />
              <MetadataToken>100663515</MetadataToken>
              <Name>Item::Item()</Name>
              <FileRef uid="38" />
              <SequencePoints>
                <SequencePoint vc="13" uspid="1510" ordinal="0" offset="0" sl="9" sc="55" el="9" ec="55" bec="0" bev="0" fileid="38" />
              </SequencePoints>
              <BranchPoints />
            </Method>
          </Methods>
        </Class>
        <Class>
          <Summary numSequencePoints="5" visitedSequencePoints="5" numBranchPoints="0" visitedBranchPoints="0" sequenceCoverage="100.0" branchCoverage="0.0" maxCyclomaticComplexity="0" minCyclomaticComplexity="0" maxCrapScore="0" minCrapScore="0" visitedClasses="1" numClasses="1" visitedMethods="2" numMethods="2" />
          <FullName>Launcher</FullName>
          <Methods>
            <Method visited="true" cyclomaticComplexity="0" nPathComplexity="0" sequenceCoverage="100.0" branchCoverage="0" crapScore="0" isConstructor="false" isStatic="false" isGetter="false" isSetter="false">
              <Summary numSequencePoints="4" visitedSequencePoints="4" numBranchPoints="0" visitedBranchPoints="0" sequenceCoverage="100.0" branchCoverage="0" maxCyclomaticComplexity="0" minCyclomaticComplexity="0" maxCrapScore="0" minCrapScore="0" visitedClasses="0" numClasses="0" visitedMethods="1" numMethods="1" />
              <MetadataToken>100663528</MetadataToken>
              <Name>System.Void Launcher::OnAdd(PlayerInventory, System.Int32)</Name>
              <FileRef uid="41" />
              <SequencePoints>
                <SequencePoint vc="1" uspid="1560" ordinal="0" offset="0" sl="9" sc="5" el="9" ec="5" bec="0" bev="0" fileid="41" />
                <SequencePoint vc="1" uspid="1561" ordinal="0" offset="1" sl="10" sc="9" el="10" ec="9" bec="0" bev="0" fileid="41" />
                <SequencePoint vc="1" uspid="1562" ordinal="0" offset="10" sl="11" sc="9" el="11" ec="9" bec="0" bev="0" fileid="41" />
                <SequencePoint vc="1" uspid="1563" ordinal="0" offset="22" sl="12" sc="5" el="12" ec="5" bec="0" bev="0" fileid="41" />
              </SequencePoints>
              <BranchPoints />
            </Method>
            <Method visited="true" cyclomaticComplexity="0" nPathComplexity="0" sequenceCoverage="100.0" branchCoverage="0" crapScore="0" isConstructor="true" isStatic="false" isGetter="false" isSetter="false">
              <Summary numSequencePoints="1" visitedSequencePoints="1" numBranchPoints="0" visitedBranchPoints="0" sequenceCoverage="100.0" branchCoverage="0" maxCyclomaticComplexity="0" minCyclomaticComplexity="0" maxCrapScore="0" minCrapScore="0" visitedClasses="0" numClasses="0" visitedMethods="1" numMethods="1" />
              <MetadataToken>100663529</MetadataToken>
              <Name>Launcher::Launcher()</Name>
              <FileRef uid="41" />
              <SequencePoints>
                <SequencePoint vc="1" uspid="1564" ordinal="0" offset="0" sl="4" sc="9" el="4" ec="9" bec="0" bev="0" fileid="41" />
              </SequencePoints>
              <BranchPoints />
            </Method>
          </Methods>
        </Class>
        <Class>
          <Summary numSequencePoints="79" visitedSequencePoints="57" numBranchPoints="0" visitedBranchPoints="0" sequenceCoverage="72.15" branchCoverage="0.0" maxCyclomaticComplexity="0" minCyclomaticComplexity="0" maxCrapScore="0" minCrapScore="0" visitedClasses="1" numClasses="1" visitedMethods="10" numMethods="10" />
          <FullName>PlayerController</FullName>
          <Methods>
            <Method visited="true" cyclomaticComplexity="0" nPathComplexity="0" sequenceCoverage="100.0" branchCoverage="0" crapScore="0" isConstructor="false" isStatic="false" isGetter="false" isSetter="false">
              <Summary numSequencePoints="3" visitedSequencePoints="3" numBranchPoints="0" visitedBranchPoints="0" sequenceCoverage="100.0" branchCoverage="0" maxCyclomaticComplexity="0" minCyclomaticComplexity="0" maxCrapScore="0" minCrapScore="0" visitedClasses="0" numClasses="0" visitedMethods="1" numMethods="1" />
              <MetadataToken>100663549</MetadataToken>
              <Name>System.Void PlayerController::Start()</Name>
              <FileRef uid="47" />
              <SequencePoints>
                <SequencePoint vc="1" uspid="1617" ordinal="0" offset="0" sl="33" sc="5" el="33" ec="5" bec="0" bev="0" fileid="47" />
                <SequencePoint vc="1" uspid="1618" ordinal="0" offset="1" sl="34" sc="9" el="34" ec="9" bec="0" bev="0" fileid="47" />
                <SequencePoint vc="1" uspid="1619" ordinal="0" offset="13" sl="35" sc="5" el="35" ec="5" bec="0" bev="0" fileid="47" />
              </SequencePoints>
              <BranchPoints />
            </Method>
            <Method visited="true" cyclomaticComplexity="0" nPathComplexity="0" sequenceCoverage="100.0" branchCoverage="0" crapScore="0" isConstructor="false" isStatic="false" isGetter="false" isSetter="false">
              <Summary numSequencePoints="6" visitedSequencePoints="6" numBranchPoints="0" visitedBranchPoints="0" sequenceCoverage="100.0" branchCoverage="0" maxCyclomaticComplexity="0" minCyclomaticComplexity="0" maxCrapScore="0" minCrapScore="0" visitedClasses="0" numClasses="0" visitedMethods="1" numMethods="1" />
              <MetadataToken>100663550</MetadataToken>
              <Name>System.Void PlayerController::Awake()</Name>
              <FileRef uid="47" />
              <SequencePoints>
                <SequencePoint vc="1" uspid="1620" ordinal="0" offset="0" sl="38" sc="5" el="38" ec="5" bec="0" bev="0" fileid="47" />
                <SequencePoint vc="1" uspid="1621" ordinal="0" offset="1" sl="39" sc="9" el="39" ec="9" bec="0" bev="0" fileid="47" />
                <SequencePoint vc="1" uspid="1622" ordinal="0" offset="12" sl="40" sc="9" el="40" ec="9" bec="0" bev="0" fileid="47" />
                <SequencePoint vc="1" uspid="1623" ordinal="0" offset="49" sl="41" sc="9" el="41" ec="9" bec="0" bev="0" fileid="47" />
                <SequencePoint vc="1" uspid="1624" ordinal="0" offset="86" sl="42" sc="9" el="42" ec="9" bec="0" bev="0" fileid="47" />
                <SequencePoint vc="1" uspid="1625" ordinal="0" offset="123" sl="43" sc="5" el="43" ec="5" bec="0" bev="0" fileid="47" />
              </SequencePoints>
              <BranchPoints />
            </Method>
[...]
                <SequencePoint vc="2" uspid="2691" ordinal="0" offset="11" sl="17" sc="5" el="17" ec="5" bec="0" bev="0" fileid="76" />
              </SequencePoints>
              <BranchPoints />
            </Method>
          </Methods>
        </Class>
        <Class>
          <Summary numSequencePoints="6" visitedSequencePoints="4" numBranchPoints="0" visitedBranchPoints="0" sequenceCoverage="66.67" branchCoverage="0.0" maxCyclomaticComplexity="0" minCyclomaticComplexity="0" maxCrapScore="0" minCrapScore="0" visitedClasses="1" numClasses="1" visitedMethods="1" numMethods="3" />
          <FullName>PlayerScripts.EnumArray[TEnum,TValue]</FullName>
          <Methods>
            <Method visited="false" cyclomaticComplexity="0" nPathComplexity="0" sequenceCoverage="0.0" branchCoverage="0" crapScore="0" isConstructor="false" isStatic="false" isGetter="true" isSetter="false">
              <Summary numSequencePoints="1" visitedSequencePoints="0" numBranchPoints="0" visitedBranchPoints="0" sequenceCoverage="0.0" branchCoverage="0" maxCyclomaticComplexity="0" minCyclomaticComplexity="0" maxCrapScore="0" minCrapScore="0" visitedClasses="0" numClasses="0" visitedMethods="0" numMethods="1" />
              <MetadataToken>100663748</MetadataToken>
              <Name>TValue PlayerScripts.EnumArray[TEnum,TValue]::get_Item(TEnum)</Name>
              <FileRef uid="81" />
              <SequencePoints>
                <SequencePoint vc="0" uspid="2741" ordinal="0" offset="0" sl="21" sc="0" el="21" ec="0" bec="0" bev="0" fileid="81" />
              </SequencePoints>
              <BranchPoints />
            </Method>
            <Method visited="false" cyclomaticComplexity="0" nPathComplexity="0" sequenceCoverage="0.0" branchCoverage="0" crapScore="0" isConstructor="false" isStatic="false" isGetter="false" isSetter="true">
              <Summary numSequencePoints="1" visitedSequencePoints="0" numBranchPoints="0" visitedBranchPoints="0" sequenceCoverage="0.0" branchCoverage="0" maxCyclomaticComplexity="0" minCyclomaticComplexity="0" maxCrapScore="0" minCrapScore="0" visitedClasses="0" numClasses="0" visitedMethods="0" numMethods="1" />
              <MetadataToken>100663749</MetadataToken>
              <Name>System.Void PlayerScripts.EnumArray[TEnum,TValue]::set_Item(TEnum, TValue)</Name>
              <FileRef uid="81" />
              <SequencePoints>
                <SequencePoint vc="0" uspid="2742" ordinal="0" offset="0" sl="22" sc="0" el="22" ec="0" bec="0" bev="0" fileid="81" />
              </SequencePoints>
              <BranchPoints />
            </Method>
            <Method visited="true" cyclomaticComplexity="0" nPathComplexity="0" sequenceCoverage="100.0" branchCoverage="0" crapScore="0" isConstructor="true" isStatic="false" isGetter="false" isSetter="false">
              <Summary numSequencePoints="4" visitedSequencePoints="4" numBranchPoints="0" visitedBranchPoints="0" sequenceCoverage="100.0" branchCoverage="0" maxCyclomaticComplexity="0" minCyclomaticComplexity="0" maxCrapScore="0" minCrapScore="0" visitedClasses="0" numClasses="0" visitedMethods="1" numMethods="1" />
              <MetadataToken>100663747</MetadataToken>
              <Name>PlayerScripts.EnumArray[TEnum,TValue]::EnumArray()</Name>
              <FileRef uid="81" />
              <SequencePoints>
                <SequencePoint vc="1" uspid="2743" ordinal="0" offset="0" sl="14" sc="0" el="14" ec="0" bec="0" bev="0" fileid="81" />
                <SequencePoint vc="1" uspid="2744" ordinal="0" offset="7" sl="15" sc="0" el="15" ec="0" bec="0" bev="0" fileid="81" />
                <SequencePoint vc="1" uspid="2745" ordinal="0" offset="8" sl="16" sc="0" el="16" ec="0" bec="0" bev="0" fileid="81" />
                <SequencePoint vc="1" uspid="2746" ordinal="0" offset="39" sl="17" sc="0" el="17" ec="0" bec="0" bev="0" fileid="81" />
              </SequencePoints>
              <BranchPoints />
            </Method>
          </Methods>
        </Class>
        <Class>
          <Summary numSequencePoints="11" visitedSequencePoints="10" numBranchPoints="0" visitedBranchPoints="0" sequenceCoverage="90.91" branchCoverage="0.0" maxCyclomaticComplexity="0" minCyclomaticComplexity="0" maxCrapScore="0" minCrapScore="0" visitedClasses="1" numClasses="1" visitedMethods="2" numMethods="2" />
          <FullName>EnemyAI.AttackState</FullName>
          <Methods>
            <Method visited="true" cyclomaticComplexity="0" nPathComplexity="0" sequenceCoverage="85.71" branchCoverage="0" crapScore="0" isConstructor="false" isStatic="false" isGetter="false" isSetter="false">
              <Summary numSequencePoints="7" visitedSequencePoints="6" numBranchPoints="0" visitedBranchPoints="0" sequenceCoverage="85.71" branchCoverage="0" maxCyclomaticComplexity="0" minCyclomaticComplexity="0" maxCrapScore="0" minCrapScore="0" visitedClasses="0" numClasses="0" visitedMethods="1" numMethods="1" />
              <MetadataToken>100663752</MetadataToken>
              <Name>EnemyAI.IState EnemyAI.AttackState::ChangeState(Sightings)</Name>
              <FileRef uid="82" />
              <SequencePoints>
                <SequencePoint vc="1" uspid="2750" ordinal="0" offset="0" sl="16" sc="9" el="16" ec="9" bec="0" bev="0" fileid="82" />
                <SequencePoint vc="1" uspid="2751" ordinal="0" offset="1" sl="17" sc="13" el="17" ec="13" bec="0" bev="0" fileid="82" />
                <SequencePoint vc="1" uspid="2752" ordinal="0" offset="8" sl="18" sc="13" el="18" ec="13" bec="0" bev="0" fileid="82" />
                <SequencePoint vc="1" uspid="2753" ordinal="0" offset="26" sl="19" sc="13" el="19" ec="13" bec="0" bev="0" fileid="82" />
                <SequencePoint vc="1" uspid="2754" ordinal="0" offset="27" sl="20" sc="17" el="20" ec="17" bec="0" bev="0" fileid="82" />
                <SequencePoint vc="0" uspid="2755" ordinal="0" offset="36" sl="23" sc="13" el="23" ec="13" bec="0" bev="0" fileid="82" />
                <SequencePoint vc="1" uspid="2756" ordinal="0" offset="40" sl="24" sc="9" el="24" ec="9" bec="0" bev="0" fileid="82" />
              </SequencePoints>
              <BranchPoints />
            </Method>
            <Method visited="true" cyclomaticComplexity="0" nPathComplexity="0" sequenceCoverage="100.0" branchCoverage="0" crapScore="0" isConstructor="true" isStatic="false" isGetter="false" isSetter="false">
              <Summary numSequencePoints="4" visitedSequencePoints="4" numBranchPoints="0" visitedBranchPoints="0" sequenceCoverage="100.0" branchCoverage="0" maxCyclomaticComplexity="0" minCyclomaticComplexity="0" maxCrapScore="0" minCrapScore="0" visitedClasses="0" numClasses="0" visitedMethods="1" numMethods="1" />
              <MetadataToken>100663750</MetadataToken>
              <Name>EnemyAI.AttackState::AttackState(Sightings)</Name>
              <FileRef uid="82" />
              <SequencePoints>
                <SequencePoint vc="2" uspid="2760" ordinal="0" offset="0" sl="7" sc="9" el="7" ec="9" bec="0" bev="0" fileid="82" />
                <SequencePoint vc="2" uspid="2761" ordinal="0" offset="7" sl="8" sc="9" el="8" ec="9" bec="0" bev="0" fileid="82" />
                <SequencePoint vc="2" uspid="2762" ordinal="0" offset="8" sl="9" sc="13" el="9" ec="13" bec="0" bev="0" fileid="82" />
                <SequencePoint vc="2" uspid="2763" ordinal="0" offset="15" sl="10" sc="9" el="10" ec="9" bec="0" bev="0" fileid="82" />
              </SequencePoints>
              <BranchPoints />
            </Method>
          </Methods>
        </Class>
        <Class>
          <Summary numSequencePoints="5" visitedSequencePoints="5" numBranchPoints="0" visitedBranchPoints="0" sequenceCoverage="100.0" branchCoverage="0.0" maxCyclomaticComplexity="0" minCyclomaticComplexity="0" maxCrapScore="0" minCrapScore="0" visitedClasses="1" numClasses="1" visitedMethods="1" numMethods="1" />
          <FullName>EnemyAI.ChaseState</FullName>
          <Methods>
            <Method visited="true" cyclomaticComplexity="0" nPathComplexity="0" sequenceCoverage="100.0" branchCoverage="0" crapScore="0" isConstructor="true" isStatic="false" isGetter="false" isSetter="false">
              <Summary numSequencePoints="5" visitedSequencePoints="5" numBranchPoints="0" visitedBranchPoints="0" sequenceCoverage="100.0" branchCoverage="0" maxCyclomaticComplexity="0" minCyclomaticComplexity="0" maxCrapScore="0" minCrapScore="0" visitedClasses="0" numClasses="0" visitedMethods="1" numMethods="1" />
              <MetadataToken>100663754</MetadataToken>
              <Name>EnemyAI.ChaseState::ChaseState(Sightings)</Name>
              <FileRef uid="83" />
              <SequencePoints>
                <SequencePoint vc="1" uspid="2784" ordinal="0" offset="0" sl="8" sc="9" el="8" ec="9" bec="0" bev="0" fileid="83" />
                <SequencePoint vc="1" uspid="2785" ordinal="0" offset="7" sl="10" sc="9" el="10" ec="9" bec="0" bev="0" fileid="83" />
                <SequencePoint vc="1" uspid="2786" ordinal="0" offset="14" sl="11" sc="9" el="11" ec="9" bec="0" bev="0" fileid="83" />
                <SequencePoint vc="1" uspid="2787" ordinal="0" offset="15" sl="12" sc="13" el="12" ec="13" bec="0" bev="0" fileid="83" />
                <SequencePoint vc="1" uspid="2788" ordinal="0" offset="22" sl="13" sc="9" el="13" ec="9" bec="0" bev="0" fileid="83" />
              </SequencePoints>
              <BranchPoints />
            </Method>
          </Methods>
        </Class>
        <Class>
          <Summary numSequencePoints="14" visitedSequencePoints="12" numBranchPoints="0" visitedBranchPoints="0" sequenceCoverage="85.71" branchCoverage="0.0" maxCyclomaticComplexity="0" minCyclomaticComplexity="0" maxCrapScore="0" minCrapScore="0" visitedClasses="1" numClasses="1" visitedMethods="1" numMethods="1" />
          <FullName>EnemyAI.IdleState</FullName>
          <Methods>
            <Method visited="true" cyclomaticComplexity="0" nPathComplexity="0" sequenceCoverage="85.71" branchCoverage="0" crapScore="0" isConstructor="false" isStatic="false" isGetter="false" isSetter="false">
              <Summary numSequencePoints="14" visitedSequencePoints="12" numBranchPoints="0" visitedBranchPoints="0" sequenceCoverage="85.71" branchCoverage="0" maxCyclomaticComplexity="0" minCyclomaticComplexity="0" maxCrapScore="0" minCrapScore="0" visitedClasses="0" numClasses="0" visitedMethods="1" numMethods="1" />
              <MetadataToken>100663763</MetadataToken>
              <Name>EnemyAI.IState EnemyAI.IdleState::ChangeState(Sightings)</Name>
              <FileRef uid="85" />
              <SequencePoints>
                <SequencePoint vc="3" uspid="2815" ordinal="0" offset="0" sl="13" sc="9" el="13" ec="9" bec="0" bev="0" fileid="85" />
                <SequencePoint vc="3" uspid="2816" ordinal="0" offset="1" sl="14" sc="13" el="14" ec="13" bec="0" bev="0" fileid="85" />
                <SequencePoint vc="3" uspid="2817" ordinal="0" offset="8" sl="15" sc="13" el="15" ec="13" bec="0" bev="0" fileid="85" />
                <SequencePoint vc="1" uspid="2818" ordinal="0" offset="23" sl="16" sc="13" el="16" ec="13" bec="0" bev="0" fileid="85" />
                <SequencePoint vc="1" uspid="2819" ordinal="0" offset="24" sl="17" sc="17" el="17" ec="17" bec="0" bev="0" fileid="85" />
                <SequencePoint vc="2" uspid="2820" ordinal="0" offset="34" sl="20" sc="13" el="20" ec="13" bec="0" bev="0" fileid="85" />
                <SequencePoint vc="2" uspid="2821" ordinal="0" offset="41" sl="21" sc="13" el="21" ec="13" bec="0" bev="0" fileid="85" />
                <SequencePoint vc="0" uspid="2822" ordinal="0" offset="79" sl="22" sc="13" el="22" ec="13" bec="0" bev="0" fileid="85" />
                <SequencePoint vc="0" uspid="2823" ordinal="0" offset="80" sl="23" sc="17" el="23" ec="17" bec="0" bev="0" fileid="85" />
                <SequencePoint vc="2" uspid="2824" ordinal="0" offset="90" sl="26" sc="13" el="26" ec="13" bec="0" bev="0" fileid="85" />
                <SequencePoint vc="2" uspid="2825" ordinal="0" offset="97" sl="27" sc="13" el="27" ec="13" bec="0" bev="0" fileid="85" />
                <SequencePoint vc="1" uspid="2826" ordinal="0" offset="114" sl="28" sc="17" el="28" ec="17" bec="0" bev="0" fileid="85" />
                <SequencePoint vc="1" uspid="2827" ordinal="0" offset="124" sl="30" sc="13" el="30" ec="13" bec="0" bev="0" fileid="85" />
                <SequencePoint vc="3" uspid="2828" ordinal="0" offset="129" sl="31" sc="9" el="31" ec="9" bec="0" bev="0" fileid="85" />
              </SequencePoints>
              <BranchPoints />
            </Method>
          </Methods>
        </Class>
        <Class>
          <Summary numSequencePoints="5" visitedSequencePoints="5" numBranchPoints="0" visitedBranchPoints="0" sequenceCoverage="100.0" branchCoverage="0.0" maxCyclomaticComplexity="0" minCyclomaticComplexity="0" maxCrapScore="0" minCrapScore="0" visitedClasses="1" numClasses="1" visitedMethods="1" numMethods="1" />
          <FullName>EnemyAI.InvestigateState</FullName>
          <Methods>
            <Method visited="true" cyclomaticComplexity="0" nPathComplexity="0" sequenceCoverage="100.0" branchCoverage="0" crapScore="0" isConstructor="true" isStatic="false" isGetter="false" isSetter="false">
              <Summary numSequencePoints="5" visitedSequencePoints="5" numBranchPoints="0" visitedBranchPoints="0" sequenceCoverage="100.0" branchCoverage="0" maxCyclomaticComplexity="0" minCyclomaticComplexity="0" maxCrapScore="0" minCrapScore="0" visitedClasses="0" numClasses="0" visitedMethods="1" numMethods="1" />
              <MetadataToken>100663766</MetadataToken>
              <Name>EnemyAI.InvestigateState::InvestigateState(Sightings)</Name>
              <FileRef uid="86" />
              <SequencePoints>
                <SequencePoint vc="1" uspid="2848" ordinal="0" offset="0" sl="8" sc="9" el="8" ec="9" bec="0" bev="0" fileid="86" />
                <SequencePoint vc="1" uspid="2849" ordinal="0" offset="7" sl="10" sc="9" el="10" ec="9" bec="0" bev="0" fileid="86" />
                <SequencePoint vc="1" uspid="2850" ordinal="0" offset="14" sl="11" sc="9" el="11" ec="9" bec="0" bev="0" fileid="86" />
                <SequencePoint vc="1" uspid="2851" ordinal="0" offset="15" sl="12" sc="13" el="12" ec="13" bec="0" bev="0" fileid="86" />
                <SequencePoint vc="1" uspid="2852" ordinal="0" offset="22" sl="13" sc="9" el="13" ec="9" bec="0" bev="0" fileid="86" />
              </SequencePoints>
              <BranchPoints />
            </Method>
          </Methods>
        </Class>
        <Class>
          <Summary numSequencePoints="2" visitedSequencePoints="2" numBranchPoints="0" visitedBranchPoints="0" sequenceCoverage="100.0" branchCoverage="0.0" maxCyclomaticComplexity="0" minCyclomaticComplexity="0" maxCrapScore="0" minCrapScore="0" visitedClasses="1" numClasses="1" visitedMethods="2" numMethods="2" />
          <FullName>Sightings/&lt;&gt;c</FullName>
          <Methods>
            <Method visited="true" cyclomaticComplexity="0" nPathComplexity="0" sequenceCoverage="100.0" branchCoverage="0" crapScore="0" isConstructor="false" isStatic="false" isGetter="false" isSetter="false">
              <Summary numSequencePoints="1" visitedSequencePoints="1" numBranchPoints="0" visitedBranchPoints="0" sequenceCoverage="100.0" branchCoverage="0" maxCyclomaticComplexity="0" minCyclomaticComplexity="0" maxCrapScore="0" minCrapScore="0" visitedClasses="0" numClasses="0" visitedMethods="1" numMethods="1" />
              <MetadataToken>100663779</MetadataToken>
              <Name>System.Boolean Sightings/&lt;&gt;c::&lt;Listen&gt;b__12_0(Sound)</Name>
              <FileRef uid="13" />
              <SequencePoints>
                <SequencePoint vc="1" uspid="2882" ordinal="0" offset="0" sl="94" sc="32" el="94" ec="32" bec="0" bev="0" fileid="13" />
              </SequencePoints>
              <BranchPoints />
            </Method>
            <Method visited="true" cyclomaticComplexity="0" nPathComplexity="0" sequenceCoverage="100.0" branchCoverage="0" crapScore="0" isConstructor="false" isStatic="false" isGetter="false" isSetter="false">
              <Summary numSequencePoints="1" visitedSequencePoints="1" numBranchPoints="0" visitedBranchPoints="0" sequenceCoverage="100.0" branchCoverage="0" maxCyclomaticComplexity="0" minCyclomaticComplexity="0" maxCrapScore="0" minCrapScore="0" visitedClasses="0" numClasses="0" visitedMethods="1" numMethods="1" />
              <MetadataToken>100663780</MetadataToken>
              <Name>System.Single Sightings/&lt;&gt;c::&lt;Listen&gt;b__12_1(Sound)</Name>
              <FileRef uid="13" />
              <SequencePoints>
                <SequencePoint vc="1" uspid="2883" ordinal="0" offset="0" sl="95" sc="47" el="95" ec="47" bec="0" bev="0" fileid="13" />
              </SequencePoints>
              <BranchPoints />
            </Method>
          </Methods>
        </Class>
        <Class>
          <Summary numSequencePoints="1" visitedSequencePoints="1" numBranchPoints="0" visitedBranchPoints="0" sequenceCoverage="100.0" branchCoverage="0.0" maxCyclomaticComplexity="0" minCyclomaticComplexity="0" maxCrapScore="0" minCrapScore="0" visitedClasses="1" numClasses="1" visitedMethods="1" numMethods="1" />
          <FullName>Sightings/&lt;&gt;c__DisplayClass14_0</FullName>
          <Methods>
            <Method visited="true" cyclomaticComplexity="0" nPathComplexity="0" sequenceCoverage="100.0" branchCoverage="0" crapScore="0" isConstructor="false" isStatic="false" isGetter="false" isSetter="false">
              <Summary numSequencePoints="1" visitedSequencePoints="1" numBranchPoints="0" visitedBranchPoints="0" sequenceCoverage="100.0" branchCoverage="0" maxCyclomaticComplexity="0" minCyclomaticComplexity="0" maxCrapScore="0" minCrapScore="0" visitedClasses="0" numClasses="0" visitedMethods="1" numMethods="1" />
              <MetadataToken>100663783</MetadataToken>
              <Name>System.Boolean Sightings/&lt;&gt;c__DisplayClass14_0::&lt;TryAddSighting&gt;b__0(Sighting)</Name>
              <FileRef uid="13" />
              <SequencePoints>
                <SequencePoint vc="1" uspid="2885" ordinal="0" offset="0" sl="104" sc="53" el="104" ec="53" bec="0" bev="0" fileid="13" />
              </SequencePoints>
              <BranchPoints />
            </Method>
          </Methods>
        </Class>
        <Class>
          <Summary numSequencePoints="1" visitedSequencePoints="1" numBranchPoints="0" visitedBranchPoints="0" sequenceCoverage="100.0" branchCoverage="0.0" maxCyclomaticComplexity="0" minCyclomaticComplexity="0" maxCrapScore="0" minCrapScore="0" visitedClasses="1" numClasses="1" visitedMethods="1" numMethods="1" />
          <FullName>Inventory/&lt;&gt;c</FullName>
          <Methods>
            <Method visited="true" cyclomaticComplexity="0" nPathComplexity="0" sequenceCoverage="100.0" branchCoverage="0" crapScore="0" isConstructor="false" isStatic="false" isGetter="false" isSetter="false">
              <Summary numSequencePoints="1" visitedSequencePoints="1" numBranchPoints="0" visitedBranchPoints="0" sequenceCoverage="100.0" branchCoverage="0" maxCyclomaticComplexity="0" minCyclomaticComplexity="0" maxCrapScore="0" minCrapScore="0" visitedClasses="0" numClasses="0" visitedMethods="1" numMethods="1" />
              <MetadataToken>100663827</MetadataToken>
              <Name>System.Boolean Inventory/&lt;&gt;c::&lt;GetEnumerator&gt;b__10_0(Item)</Name>
              <FileRef uid="48" />
              <SequencePoints>
                <SequencePoint vc="32" uspid="2946" ordinal="0" offset="0" sl="285" sc="36" el="285" ec="36" bec="0" bev="0" fileid="48" />
              </SequencePoints>
              <BranchPoints />
            </Method>
          </Methods>
        </Class>
      </Classes>
    </Module>
  </Modules>
</CoverageSession>