<?xml version="1.0" encoding="utf-8"?>
<CoverageSession xmlns:xsd="http://www.w3.org/2001/XMLSchema" xmlns:xsi="http://www.w3.org/2001/XMLSchema-instance" Version="0.0.0.0">
  <Summary numSequencePoints="6" visitedSequencePoints="0" numBranchPoints="0" visitedBranchPoints="0" sequenceCoverage="0.0" branchCoverage="0.0" maxCyclomaticComplexity="0" minCyclomaticComplexity="0" maxCrapScore="0" minCrapScore="0" visitedClasses="0" numClasses="1" visitedMethods="0" numMethods="3" />
  <Modules>
    <Module>
      <Summary numSequencePoints="6" visitedSequencePoints="0" numBranchPoints="0" visitedBranchPoints="0" sequenceCoverage="0.0" branchCoverage="0.0" maxCyclomaticComplexity="0" minCyclomaticComplexity="0" maxCrapScore="0" minCrapScore="0" visitedClasses="0" numClasses="1" visitedMethods="0" numMethods="3" />
      <ModuleTime>0001-01-01T00:00:00</ModuleTime>
      <ModuleName>Scripts</ModuleName>
      <Files>
        <File uid="1" fullPath="/Users/emilisceida/Documents/GitHub/BTG-24/Game/Assets/Scripts/BgWallTile.cs" />
        <File uid="2" fullPath="/Users/emilisceida/Documents/GitHub/BTG-24/Game/Assets/Scripts/BigWall.cs" />
        <File uid="3" fullPath="/Users/emilisceida/Documents/GitHub/BTG-24/Game/Assets/Scripts/BlockColor.cs" />
        <File uid="4" fullPath="/Users/emilisceida/Documents/GitHub/BTG-24/Game/Assets/Scripts/Boundary.cs" />
        <File uid="5" fullPath="/Users/emilisceida/Documents/GitHub/BTG-24/Game/Assets/Scripts/BulletScript.cs" />
        <File uid="6" fullPath="/Users/emilisceida/Documents/GitHub/BTG-24/Game/Assets/Scripts/BulletTrail.cs" />
        <File uid="7" fullPath="/Users/emilisceida/Documents/GitHub/BTG-24/Game/Assets/Scripts/ClockManager.cs" />
        <File uid="8" fullPath="/Users/emilisceida/Documents/GitHub/BTG-24/Game/Assets/Scripts/Description.cs" />
        <File uid="9" fullPath="/Users/emilisceida/Documents/GitHub/BTG-24/Game/Assets/Scripts/Door.cs" />
        <File uid="10" fullPath="/Users/emilisceida/Documents/GitHub/BTG-24/Game/Assets/Scripts/DynamicWall.cs" />
        <File uid="11" fullPath="/Users/emilisceida/Documents/GitHub/BTG-24/Game/Assets/Scripts/EnemyAI/EnemyBehaviour.cs" />
        <File uid="12" fullPath="/Users/emilisceida/Documents/GitHub/BTG-24/Game/Assets/Scripts/EnemyAI/Eyes.cs" />
        <File uid="13" fullPath="/Users/emilisceida/Documents/GitHub/BTG-24/Game/Assets/Scripts/EnemyAI/Sighting.cs" />
        <File uid="14" fullPath="/Users/emilisceida/Documents/GitHub/BTG-24/Game/Assets/Scripts/EnemyAI/WallManager.cs" />
        <File uid="15" fullPath="/Users/emilisceida/Documents/GitHub/BTG-24/Game/Assets/Scripts/EnemyHealth.cs" />
        <File uid="16" fullPath="/Users/emilisceida/Documents/GitHub/BTG-24/Game/Assets/Scripts/Explode.cs" />
        <File uid="17" fullPath="/Users/emilisceida/Documents/GitHub/BTG-24/Game/Assets/Scripts/GameManager.cs" />
        <File uid="18" fullPath="/Users/emilisceida/Documents/GitHub/BTG-24/Game/Assets/Scripts/Glass.cs" />
        <File uid="19" fullPath="/Users/emilisceida/Documents/GitHub/BTG-24/Game/Assets/Scripts/GrenadeTraveling.cs" />
        <File uid="20" fullPath="/Users/emilisceida/Documents/GitHub/BTG-24/Game/Assets/Scripts/HitResponse.cs" />
        <File uid="21" fullPath="/Users/emilisceida/Documents/GitHub/BTG-24/Game/Assets/Scripts/Indicator.cs" />
        <File uid="22" fullPath="/Users/emilisceida/Documents/GitHub/BTG-24/Game/Assets/Scripts/Interactable.cs" />
        <File uid="23" fullPath="/Users/emilisceida/Documents/GitHub/BTG-24/Game/Assets/Scripts/InteractEvent.cs" />
        <File uid="24" fullPath="/Users/emilisceida/Documents/GitHub/BTG-24/Game/Assets/Scripts/ItemDrop.cs" />
        <File uid="25" fullPath="/Users/emilisceida/Documents/GitHub/BTG-24/Game/Assets/Scripts/KeyCollect.cs" />
        <File uid="26" fullPath="/Users/emilisceida/Documents/GitHub/BTG-24/Game/Assets/Scripts/LevelData.cs" />
        <File uid="27" fullPath="/Users/emilisceida/Documents/GitHub/BTG-24/Game/Assets/Scripts/LevelExit.cs" />
        <File uid="28" fullPath="/Users/emilisceida/Documents/GitHub/BTG-24/Game/Assets/Scripts/LevelLoader.cs" />
        <File uid="29" fullPath="/Users/emilisceida/Documents/GitHub/BTG-24/Game/Assets/Scripts/LevelPreviewGenerator.cs" />
        <File uid="30" fullPath="/Users/emilisceida/Documents/GitHub/BTG-24/Game/Assets/Scripts/Missile.cs" />
        <File uid="31" fullPath="/Users/emilisceida/Documents/GitHub/BTG-24/Game/Assets/Scripts/OrbPickup.cs" />
        <File uid="32" fullPath="/Users/emilisceida/Documents/GitHub/BTG-24/Game/Assets/Scripts/Pickup.cs" />
        <File uid="33" fullPath="/Users/emilisceida/Documents/GitHub/BTG-24/Game/Assets/Scripts/PlayerScripts/AmmoPouch.cs" />
        <File uid="34" fullPath="/Users/emilisceida/Documents/GitHub/BTG-24/Game/Assets/Scripts/PlayerScripts/Attack.cs" />
        <File uid="35" fullPath="/Users/emilisceida/Documents/GitHub/BTG-24/Game/Assets/Scripts/PlayerScripts/Blaster.cs" />
        <File uid="36" fullPath="/Users/emilisceida/Documents/GitHub/BTG-24/Game/Assets/Scripts/PlayerScripts/Camera_Follow.cs" />
        <File uid="37" fullPath="/Users/emilisceida/Documents/GitHub/BTG-24/Game/Assets/Scripts/PlayerScripts/Grenade.cs" />
        <File uid="38" fullPath="/Users/emilisceida/Documents/GitHub/BTG-24/Game/Assets/Scripts/PlayerScripts/Item.cs" />
        <File uid="39" fullPath="/Users/emilisceida/Documents/GitHub/BTG-24/Game/Assets/Scripts/PlayerScripts/ItemSelection.cs" />
        <File uid="40" fullPath="/Users/emilisceida/Documents/GitHub/BTG-24/Game/Assets/Scripts/PlayerScripts/ItemSwither.cs" />
        <File uid="41" fullPath="/Users/emilisceida/Documents/GitHub/BTG-24/Game/Assets/Scripts/PlayerScripts/Launcher.cs" />
        <File uid="42" fullPath="/Users/emilisceida/Documents/GitHub/BTG-24/Game/Assets/Scripts/PlayerScripts/Look.cs" />
        <File uid="43" fullPath="/Users/emilisceida/Documents/GitHub/BTG-24/Game/Assets/Scripts/PlayerScripts/Melee.cs" />
        <File uid="44" fullPath="/Users/emilisceida/Documents/GitHub/BTG-24/Game/Assets/Scripts/PlayerScripts/Minigun.cs" />
        <File uid="45" fullPath="/Users/emilisceida/Documents/GitHub/BTG-24/Game/Assets/Scripts/PlayerScripts/Move.cs" />
        <File uid="46" fullPath="/Users/emilisceida/Documents/GitHub/BTG-24/Game/Assets/Scripts/PlayerScripts/PlayerCanvas.cs" />
        <File uid="47" fullPath="/Users/emilisceida/Documents/GitHub/BTG-24/Game/Assets/Scripts/PlayerScripts/PlayerController.cs" />
        <File uid="48" fullPath="/Users/emilisceida/Documents/GitHub/BTG-24/Game/Assets/Scripts/PlayerScripts/PlayerInventory.cs" />
        <File uid="49" fullPath="/Users/emilisceida/Documents/GitHub/BTG-24/Game/Assets/Scripts/PlayerScripts/PlayerUI.cs" />
        <File uid="50" fullPath="/Users/emilisceida/Documents/GitHub/BTG-24/Game/Assets/Scripts/PlayerScripts/Shoot.cs" />
        <File uid="51" fullPath="/Users/emilisceida/Documents/GitHub/BTG-24/Game/Assets/Scripts/PlayerScripts/Sniper.cs" />
        <File uid="52" fullPath="/Users/emilisceida/Documents/GitHub/BTG-24/Game/Assets/Scripts/PlayerScripts/Spawn.cs" />
        <File uid="53" fullPath="/Users/emilisceida/Documents/GitHub/BTG-24/Game/Assets/Scripts/PlayerScripts/Throw.cs" />
        <File uid="54" fullPath="/Users/emilisceida/Documents/GitHub/BTG-24/Game/Assets/Scripts/PlayerScripts/UISlot.cs" />
        <File uid="55" fullPath="/Users/emilisceida/Documents/GitHub/BTG-24/Game/Assets/Scripts/PlayerScripts/Weapon.cs" />
        <File uid="56" fullPath="/Users/emilisceida/Documents/GitHub/BTG-24/Game/Assets/Scripts/PlayerShield.cs" />
        <File uid="57" fullPath="/Users/emilisceida/Documents/GitHub/BTG-24/Game/Assets/Scripts/PowerUpScripts/AmmoRefill.cs" />
        <File uid="58" fullPath="/Users/emilisceida/Documents/GitHub/BTG-24/Game/Assets/Scripts/PowerUpScripts/ExtraHP.cs" />
        <File uid="59" fullPath="/Users/emilisceida/Documents/GitHub/BTG-24/Game/Assets/Scripts/PowerUpScripts/PowerShot.cs" />
        <File uid="60" fullPath="/Users/emilisceida/Documents/GitHub/BTG-24/Game/Assets/Scripts/PowerUpScripts/SpeedUp.cs" />
        <File uid="61" fullPath="/Users/emilisceida/Documents/GitHub/BTG-24/Game/Assets/Scripts/SaveSystem.cs" />
        <File uid="62" fullPath="/Users/emilisceida/Documents/GitHub/BTG-24/Game/Assets/Scripts/ScoreManager.cs" />
        <File uid="63" fullPath="/Users/emilisceida/Documents/GitHub/BTG-24/Game/Assets/Scripts/SelectedItems.cs" />
        <File uid="64" fullPath="/Users/emilisceida/Documents/GitHub/BTG-24/Game/Assets/Scripts/SlashScript.cs" />
        <File uid="65" fullPath="/Users/emilisceida/Documents/GitHub/BTG-24/Game/Assets/Scripts/SoundTracker.cs" />
        <File uid="66" fullPath="/Users/emilisceida/Documents/GitHub/BTG-24/Game/Assets/Scripts/TossPhysics.cs" />
        <File uid="67" fullPath="/Users/emilisceida/Documents/GitHub/BTG-24/Game/Assets/Scripts/TriggerCondition.cs" />
        <File uid="68" fullPath="/Users/emilisceida/Documents/GitHub/BTG-24/Game/Assets/Scripts/TriggerEvent.cs" />
        <File uid="69" fullPath="/Users/emilisceida/Documents/GitHub/BTG-24/Game/Assets/Scripts/UIScripts/ButtonColor.cs" />
        <File uid="70" fullPath="/Users/emilisceida/Documents/GitHub/BTG-24/Game/Assets/Scripts/UIScripts/ButtonScript.cs" />
        <File uid="71" fullPath="/Users/emilisceida/Documents/GitHub/BTG-24/Game/Assets/Scripts/UIScripts/ColorScheme.cs" />
        <File uid="72" fullPath="/Users/emilisceida/Documents/GitHub/BTG-24/Game/Assets/Scripts/UIScripts/LevelSelect.cs" />
        <File uid="73" fullPath="/Users/emilisceida/Documents/GitHub/BTG-24/Game/Assets/Scripts/UIScripts/LevelSelectManager.cs" />
        <File uid="74" fullPath="/Users/emilisceida/Documents/GitHub/BTG-24/Game/Assets/Scripts/UIScripts/MainMenu.cs" />
        <File uid="75" fullPath="/Users/emilisceida/Documents/GitHub/BTG-24/Game/Assets/Scripts/UIScripts/PanelGrid.cs" />
        <File uid="76" fullPath="/Users/emilisceida/Documents/GitHub/BTG-24/Game/Assets/Scripts/UIScripts/SingleColor.cs" />
        <File uid="77" fullPath="/Users/emilisceida/Documents/GitHub/BTG-24/Game/Assets/Scripts/UIScripts/ToggleScript.cs" />
        <File uid="78" fullPath="/Users/emilisceida/Documents/GitHub/BTG-24/Game/Assets/Scripts/UnDeafen.cs" />
        <File uid="79" fullPath="/Users/emilisceida/Documents/GitHub/BTG-24/Game/Assets/Scripts/Vectors.cs" />
        <File uid="80" fullPath="/Users/emilisceida/Documents/GitHub/BTG-24/Game/Assets/Scripts/WallState.cs" />
        <File uid="81" fullPath="/Users/emilisceida/Documents/GitHub/BTG-24/Game/Assets/Scripts/PlayerScripts/Timer.cs" />
        <File uid="82" fullPath="/Users/emilisceida/Documents/GitHub/BTG-24/Game/Assets/Scripts/EnemyAI/AttackState.cs" />
        <File uid="83" fullPath="/Users/emilisceida/Documents/GitHub/BTG-24/Game/Assets/Scripts/EnemyAI/ChaseState.cs" />
        <File uid="84" fullPath="/Users/emilisceida/Documents/GitHub/BTG-24/Game/Assets/Scripts/EnemyAI/FollowState.cs" />
        <File uid="85" fullPath="/Users/emilisceida/Documents/GitHub/BTG-24/Game/Assets/Scripts/EnemyAI/IdleState.cs" />
        <File uid="86" fullPath="/Users/emilisceida/Documents/GitHub/BTG-24/Game/Assets/Scripts/EnemyAI/InvestigateState.cs" />
        <File uid="87" fullPath="/Users/emilisceida/Documents/GitHub/BTG-24/Game/Assets/Scripts/EnemyAI/LookState.cs" />
      </Files>
      <Classes>
        <Class>
          <Summary numSequencePoints="6" visitedSequencePoints="0" numBranchPoints="0" visitedBranchPoints="0" sequenceCoverage="0.0" branchCoverage="0.0" maxCyclomaticComplexity="0" minCyclomaticComplexity="0" maxCrapScore="0" minCrapScore="0" visitedClasses="0" numClasses="1" visitedMethods="0" numMethods="3" />
          <FullName>PlayerScripts.EnumArray[TEnum,TValue]</FullName>
          <Methods>
            <Method visited="false" cyclomaticComplexity="0" nPathComplexity="0" sequenceCoverage="0.0" branchCoverage="0" crapScore="0" isConstructor="false" isStatic="false" isGetter="true" isSetter="false">
              <Summary numSequencePoints="1" visitedSequencePoints="0" numBranchPoints="0" visitedBranchPoints="0" sequenceCoverage="0.0" branchCoverage="0" maxCyclomaticComplexity="0" minCyclomaticComplexity="0" maxCrapScore="0" minCrapScore="0" visitedClasses="0" numClasses="0" visitedMethods="0" numMethods="1" />
              <MetadataToken>100663748</MetadataToken>
              <Name>TValue PlayerScripts.EnumArray[TEnum,TValue]::get_Item(TEnum)</Name>
              <FileRef uid="81" />
              <SequencePoints>
                <SequencePoint vc="0" uspid="11708" ordinal="0" offset="0" sl="21" sc="0" el="21" ec="0" bec="0" bev="0" fileid="81" />
              </SequencePoints>
              <BranchPoints />
            </Method>
            <Method visited="false" cyclomaticComplexity="0" nPathComplexity="0" sequenceCoverage="0.0" branchCoverage="0" crapScore="0" isConstructor="false" isStatic="false" isGetter="false" isSetter="true">
              <Summary numSequencePoints="1" visitedSequencePoints="0" numBranchPoints="0" visitedBranchPoints="0" sequenceCoverage="0.0" branchCoverage="0" maxCyclomaticComplexity="0" minCyclomaticComplexity="0" maxCrapScore="0" minCrapScore="0" visitedClasses="0" numClasses="0" visitedMethods="0" numMethods="1" />
              <MetadataToken>100663749</MetadataToken>
              <Name>System.Void PlayerScripts.EnumArray[TEnum,TValue]::set_Item(TEnum, TValue)</Name>
              <FileRef uid="81" />
              <SequencePoints>
                <SequencePoint vc="0" uspid="11709" ordinal="0" offset="0" sl="22" sc="0" el="22" ec="0" bec="0" bev="0" fileid="81" />
              </SequencePoints>
              <BranchPoints />
            </Method>
            <Method visited="false" cyclomaticComplexity="0" nPathComplexity="0" sequenceCoverage="0.0" branchCoverage="0" crapScore="0" isConstructor="true" isStatic="false" isGetter="false" isSetter="false">
              <Summary numSequencePoints="4" visitedSequencePoints="0" numBranchPoints="0" visitedBranchPoints="0" sequenceCoverage="0.0" branchCoverage="0" maxCyclomaticComplexity="0" minCyclomaticComplexity="0" maxCrapScore="0" minCrapScore="0" visitedClasses="0" numClasses="0" visitedMethods="0" numMethods="1" />
              <MetadataToken>100663747</MetadataToken>
              <Name>PlayerScripts.EnumArray[TEnum,TValue]::EnumArray()</Name>
              <FileRef uid="81" />
              <SequencePoints>
                <SequencePoint vc="0" uspid="11710" ordinal="0" offset="0" sl="14" sc="0" el="14" ec="0" bec="0" bev="0" fileid="81" />
                <SequencePoint vc="0" uspid="11711" ordinal="0" offset="7" sl="15" sc="0" el="15" ec="0" bec="0" bev="0" fileid="81" />
                <SequencePoint vc="0" uspid="11712" ordinal="0" offset="8" sl="16" sc="0" el="16" ec="0" bec="0" bev="0" fileid="81" />
                <SequencePoint vc="0" uspid="11713" ordinal="0" offset="39" sl="17" sc="0" el="17" ec="0" bec="0" bev="0" fileid="81" />
              </SequencePoints>
              <BranchPoints />
            </Method>
          </Methods>
        </Class>
      </Classes>
    </Module>
  </Modules>
</CoverageSession>